#
# There is insufficient memory for the Java Runtime Environment to continue.
# Native memory allocation (malloc) failed to allocate 554656 bytes for Chunk::new
# Possible reasons:
#   The system is out of physical RAM or swap space
#   The process is running with CompressedOops enabled, and the Java Heap may be blocking the growth of the native heap
# Possible solutions:
#   Reduce memory load on the system
#   Increase physical memory or swap space
#   Check if swap backing store is full
#   Decrease Java heap size (-Xmx/-Xms)
#   Decrease number of Java threads
#   Decrease Java thread stack sizes (-Xss)
#   Set larger code cache with -XX:ReservedCodeCacheSize=
#   JVM is running with Unscaled Compressed Oops mode in which the Java heap is
#     placed in the first 4GB address space. The Java Heap base address is the
#     maximum limit for the native heap growth. Please use -XX:HeapBaseMinAddress
#     to set the Java Heap base and to place the Java Heap above 4GB virtual address.
# This output file may be truncated or incomplete.
#
#  Out of Memory Error (arena.cpp:189), pid=23564, tid=20692
#
# JRE version: OpenJDK Runtime Environment Temurin-17.0.5+8 (17.0.5+8) (build 17.0.5+8)
# Java VM: OpenJDK 64-Bit Server VM Temurin-17.0.5+8 (17.0.5+8, mixed mode, tiered, compressed oops, compressed class ptrs, g1 gc, windows-amd64)
# No core dump will be written. Minidumps are not enabled by default on client versions of Windows
#

---------------  S U M M A R Y ------------

Command Line: -Dfile.encoding=UTF-8 -XX:+ShowCodeDetailsInExceptionMessages GUI.checkIn

Host: 12th Gen Intel(R) Core(TM) i5-12450H, 12 cores, 7G,  Windows 11 , 64 bit Build 22621 (10.0.22621.1194)
Time: Sat Mar 11 14:59:54 2023 Pacific Standard Time elapsed time: 1138.836166 seconds (0d 0h 18m 58s)

---------------  T H R E A D  ---------------

Current thread (0x0000023fff9a2180):  JavaThread "C2 CompilerThread0" daemon [_thread_in_native, id=20692, stack(0x0000004433500000,0x0000004433600000)]


Current CompileTask:
C2:1138836 1204   !   4       sun.awt.PostEventQueue::flush (168 bytes)

Stack: [0x0000004433500000,0x0000004433600000]
Native frames: (J=compiled Java code, j=interpreted, Vv=VM code, C=native code)
V  [jvm.dll+0x676b3a]
V  [jvm.dll+0x831444]
V  [jvm.dll+0x832bee]
V  [jvm.dll+0x833253]
V  [jvm.dll+0x244ce5]
V  [jvm.dll+0xabbac]
V  [jvm.dll+0xac17c]
V  [jvm.dll+0x2abd2f]
V  [jvm.dll+0x57d517]
V  [jvm.dll+0x21fd72]
V  [jvm.dll+0x219652]
V  [jvm.dll+0x216e6b]
V  [jvm.dll+0x1a343d]
V  [jvm.dll+0x22698a]
V  [jvm.dll+0x224ac5]
V  [jvm.dll+0x7e727b]
V  [jvm.dll+0x7e17ea]
V  [jvm.dll+0x6759e5]
C  [ucrtbase.dll+0x29363]
C  [KERNEL32.DLL+0x126bd]
C  [ntdll.dll+0x5dfb8]


---------------  P R O C E S S  ---------------

Threads class SMR info:
_java_thread_list=0x0000023f8f9c09c0, length=17, elements={
0x0000023fff973020, 0x0000023fff9759e0, 0x0000023fff95e260, 0x0000023fff993010,
0x0000023fff9935d0, 0x0000023fff993f80, 0x0000023fff9a2180, 0x0000023fff9a2b70,
0x0000023fff9b3d20, 0x0000023fffb0f8a0, 0x0000023fffb2aae0, 0x0000023f8f868770,
0x0000023f8f868c40, 0x0000023f8f869110, 0x0000023f8f9336c0, 0x0000023ff27d8160,
0x0000023f8fa6c340
}

Java Threads: ( => current thread )
  0x0000023fff973020 JavaThread "Reference Handler" daemon [_thread_blocked, id=24272, stack(0x0000004432f00000,0x0000004433000000)]
  0x0000023fff9759e0 JavaThread "Finalizer" daemon [_thread_blocked, id=24196, stack(0x0000004433000000,0x0000004433100000)]
  0x0000023fff95e260 JavaThread "Signal Dispatcher" daemon [_thread_blocked, id=23764, stack(0x0000004433100000,0x0000004433200000)]
  0x0000023fff993010 JavaThread "Attach Listener" daemon [_thread_blocked, id=21832, stack(0x0000004433200000,0x0000004433300000)]
  0x0000023fff9935d0 JavaThread "Service Thread" daemon [_thread_blocked, id=23600, stack(0x0000004433300000,0x0000004433400000)]
  0x0000023fff993f80 JavaThread "Monitor Deflation Thread" daemon [_thread_blocked, id=1224, stack(0x0000004433400000,0x0000004433500000)]
=>0x0000023fff9a2180 JavaThread "C2 CompilerThread0" daemon [_thread_in_native, id=20692, stack(0x0000004433500000,0x0000004433600000)]
  0x0000023fff9a2b70 JavaThread "C1 CompilerThread0" daemon [_thread_blocked, id=22868, stack(0x0000004433600000,0x0000004433700000)]
  0x0000023fff9b3d20 JavaThread "Sweeper thread" daemon [_thread_blocked, id=16840, stack(0x0000004433700000,0x0000004433800000)]
  0x0000023fffb0f8a0 JavaThread "Notification Thread" daemon [_thread_blocked, id=18120, stack(0x0000004433800000,0x0000004433900000)]
  0x0000023fffb2aae0 JavaThread "Common-Cleaner" daemon [_thread_blocked, id=22060, stack(0x0000004433a00000,0x0000004433b00000)]
  0x0000023f8f868770 JavaThread "Java2D Disposer" daemon [_thread_blocked, id=24188, stack(0x0000004433b00000,0x0000004433c00000)]
  0x0000023f8f868c40 JavaThread "AWT-Shutdown" [_thread_blocked, id=20584, stack(0x0000004433c00000,0x0000004433d00000)]
  0x0000023f8f869110 JavaThread "AWT-Windows" daemon [_thread_in_native, id=23440, stack(0x0000004433d00000,0x0000004433e00000)]
  0x0000023f8f9336c0 JavaThread "AWT-EventQueue-0" [_thread_blocked, id=23980, stack(0x0000004433e00000,0x0000004433f00000)]
  0x0000023ff27d8160 JavaThread "DestroyJavaVM" [_thread_blocked, id=23632, stack(0x0000004432800000,0x0000004432900000)]
  0x0000023f8fa6c340 JavaThread "TimerQueue" daemon [_thread_blocked, id=21804, stack(0x0000004434200000,0x0000004434300000)]

Other Threads:
  0x0000023fff8efd70 VMThread "VM Thread" [stack: 0x0000004432e00000,0x0000004432f00000] [id=23812]
  0x0000023ff2851390 WatcherThread [stack: 0x0000004433900000,0x0000004433a00000] [id=19400]
  0x0000023ff28337d0 GCTaskThread "GC Thread#0" [stack: 0x0000004432900000,0x0000004432a00000] [id=22960]
  0x0000023ff28445d0 ConcurrentGCThread "G1 Main Marker" [stack: 0x0000004432a00000,0x0000004432b00000] [id=22152]
  0x0000023ff2844fe0 ConcurrentGCThread "G1 Conc#0" [stack: 0x0000004432b00000,0x0000004432c00000] [id=23724]
  0x0000023ff289ec60 ConcurrentGCThread "G1 Refine#0" [stack: 0x0000004432c00000,0x0000004432d00000] [id=23644]
  0x0000023fff78b9e0 ConcurrentGCThread "G1 Service" [stack: 0x0000004432d00000,0x0000004432e00000] [id=6644]

Threads with active compile tasks:
C2 CompilerThread0  1138847 1204   !   4       sun.awt.PostEventQueue::flush (168 bytes)

VM state: not at safepoint (normal execution)

VM Mutex/Monitor currently owned by a thread: None

Heap address: 0x0000000085200000, size: 1966 MB, Compressed Oops mode: 32-bit

CDS archive(s) not mapped
Compressed class space mapped at: 0x0000000100000000-0x0000000140000000, reserved size: 1073741824
Narrow klass base: 0x0000000000000000, Narrow klass shift: 3, Narrow klass range: 0x140000000

GC Precious Log:
 CPUs: 12 total, 12 available
 Memory: 7860M
 Large Page Support: Disabled
 NUMA Support: Disabled
 Compressed Oops: Enabled (32-bit)
 Heap Region Size: 1M
 Heap Min Capacity: 8M
 Heap Initial Capacity: 124M
 Heap Max Capacity: 1966M
 Pre-touch: Disabled
 Parallel Workers: 10
 Concurrent Workers: 3
 Concurrent Refinement Workers: 10
 Periodic GC: Disabled

Heap:
 garbage-first heap   total 126976K, used 9216K [0x0000000085200000, 0x0000000100000000)
  region size 1024K, 9 young (9216K), 0 survivors (0K)
 Metaspace       used 14116K, committed 14336K, reserved 1064960K
  class space    used 1395K, committed 1536K, reserved 1048576K

Heap Regions: E=young(eden), S=young(survivor), O=old, HS=humongous(starts), HC=humongous(continues), CS=collection set, F=free, OA=open archive, CA=closed archive, TAMS=top-at-mark-start (previous, next)
|   0|0x0000000085200000, 0x0000000085300000, 0x0000000085300000|100%|HS|  |TAMS 0x0000000085200000, 0x0000000085200000| Complete 
|   1|0x0000000085300000, 0x0000000085300000, 0x0000000085400000|  0%| F|  |TAMS 0x0000000085300000, 0x0000000085300000| Untracked 
|   2|0x0000000085400000, 0x0000000085400000, 0x0000000085500000|  0%| F|  |TAMS 0x0000000085400000, 0x0000000085400000| Untracked 
|   3|0x0000000085500000, 0x0000000085500000, 0x0000000085600000|  0%| F|  |TAMS 0x0000000085500000, 0x0000000085500000| Untracked 
|   4|0x0000000085600000, 0x0000000085600000, 0x0000000085700000|  0%| F|  |TAMS 0x0000000085600000, 0x0000000085600000| Untracked 
|   5|0x0000000085700000, 0x0000000085700000, 0x0000000085800000|  0%| F|  |TAMS 0x0000000085700000, 0x0000000085700000| Untracked 
|   6|0x0000000085800000, 0x0000000085800000, 0x0000000085900000|  0%| F|  |TAMS 0x0000000085800000, 0x0000000085800000| Untracked 
|   7|0x0000000085900000, 0x0000000085900000, 0x0000000085a00000|  0%| F|  |TAMS 0x0000000085900000, 0x0000000085900000| Untracked 
|   8|0x0000000085a00000, 0x0000000085a00000, 0x0000000085b00000|  0%| F|  |TAMS 0x0000000085a00000, 0x0000000085a00000| Untracked 
|   9|0x0000000085b00000, 0x0000000085b00000, 0x0000000085c00000|  0%| F|  |TAMS 0x0000000085b00000, 0x0000000085b00000| Untracked 
|  10|0x0000000085c00000, 0x0000000085c00000, 0x0000000085d00000|  0%| F|  |TAMS 0x0000000085c00000, 0x0000000085c00000| Untracked 
|  11|0x0000000085d00000, 0x0000000085d00000, 0x0000000085e00000|  0%| F|  |TAMS 0x0000000085d00000, 0x0000000085d00000| Untracked 
|  12|0x0000000085e00000, 0x0000000085e00000, 0x0000000085f00000|  0%| F|  |TAMS 0x0000000085e00000, 0x0000000085e00000| Untracked 
|  13|0x0000000085f00000, 0x0000000085f00000, 0x0000000086000000|  0%| F|  |TAMS 0x0000000085f00000, 0x0000000085f00000| Untracked 
|  14|0x0000000086000000, 0x0000000086000000, 0x0000000086100000|  0%| F|  |TAMS 0x0000000086000000, 0x0000000086000000| Untracked 
|  15|0x0000000086100000, 0x0000000086100000, 0x0000000086200000|  0%| F|  |TAMS 0x0000000086100000, 0x0000000086100000| Untracked 
|  16|0x0000000086200000, 0x0000000086200000, 0x0000000086300000|  0%| F|  |TAMS 0x0000000086200000, 0x0000000086200000| Untracked 
|  17|0x0000000086300000, 0x0000000086300000, 0x0000000086400000|  0%| F|  |TAMS 0x0000000086300000, 0x0000000086300000| Untracked 
|  18|0x0000000086400000, 0x0000000086400000, 0x0000000086500000|  0%| F|  |TAMS 0x0000000086400000, 0x0000000086400000| Untracked 
|  19|0x0000000086500000, 0x0000000086500000, 0x0000000086600000|  0%| F|  |TAMS 0x0000000086500000, 0x0000000086500000| Untracked 
|  20|0x0000000086600000, 0x0000000086600000, 0x0000000086700000|  0%| F|  |TAMS 0x0000000086600000, 0x0000000086600000| Untracked 
|  21|0x0000000086700000, 0x0000000086700000, 0x0000000086800000|  0%| F|  |TAMS 0x0000000086700000, 0x0000000086700000| Untracked 
|  22|0x0000000086800000, 0x0000000086800000, 0x0000000086900000|  0%| F|  |TAMS 0x0000000086800000, 0x0000000086800000| Untracked 
|  23|0x0000000086900000, 0x0000000086900000, 0x0000000086a00000|  0%| F|  |TAMS 0x0000000086900000, 0x0000000086900000| Untracked 
|  24|0x0000000086a00000, 0x0000000086a00000, 0x0000000086b00000|  0%| F|  |TAMS 0x0000000086a00000, 0x0000000086a00000| Untracked 
|  25|0x0000000086b00000, 0x0000000086b00000, 0x0000000086c00000|  0%| F|  |TAMS 0x0000000086b00000, 0x0000000086b00000| Untracked 
|  26|0x0000000086c00000, 0x0000000086c00000, 0x0000000086d00000|  0%| F|  |TAMS 0x0000000086c00000, 0x0000000086c00000| Untracked 
|  27|0x0000000086d00000, 0x0000000086d00000, 0x0000000086e00000|  0%| F|  |TAMS 0x0000000086d00000, 0x0000000086d00000| Untracked 
|  28|0x0000000086e00000, 0x0000000086e00000, 0x0000000086f00000|  0%| F|  |TAMS 0x0000000086e00000, 0x0000000086e00000| Untracked 
|  29|0x0000000086f00000, 0x0000000086f00000, 0x0000000087000000|  0%| F|  |TAMS 0x0000000086f00000, 0x0000000086f00000| Untracked 
|  30|0x0000000087000000, 0x0000000087000000, 0x0000000087100000|  0%| F|  |TAMS 0x0000000087000000, 0x0000000087000000| Untracked 
|  31|0x0000000087100000, 0x0000000087100000, 0x0000000087200000|  0%| F|  |TAMS 0x0000000087100000, 0x0000000087100000| Untracked 
|  32|0x0000000087200000, 0x0000000087200000, 0x0000000087300000|  0%| F|  |TAMS 0x0000000087200000, 0x0000000087200000| Untracked 
|  33|0x0000000087300000, 0x0000000087300000, 0x0000000087400000|  0%| F|  |TAMS 0x0000000087300000, 0x0000000087300000| Untracked 
|  34|0x0000000087400000, 0x0000000087400000, 0x0000000087500000|  0%| F|  |TAMS 0x0000000087400000, 0x0000000087400000| Untracked 
|  35|0x0000000087500000, 0x0000000087500000, 0x0000000087600000|  0%| F|  |TAMS 0x0000000087500000, 0x0000000087500000| Untracked 
|  36|0x0000000087600000, 0x0000000087600000, 0x0000000087700000|  0%| F|  |TAMS 0x0000000087600000, 0x0000000087600000| Untracked 
|  37|0x0000000087700000, 0x0000000087700000, 0x0000000087800000|  0%| F|  |TAMS 0x0000000087700000, 0x0000000087700000| Untracked 
|  38|0x0000000087800000, 0x0000000087800000, 0x0000000087900000|  0%| F|  |TAMS 0x0000000087800000, 0x0000000087800000| Untracked 
|  39|0x0000000087900000, 0x0000000087900000, 0x0000000087a00000|  0%| F|  |TAMS 0x0000000087900000, 0x0000000087900000| Untracked 
|  40|0x0000000087a00000, 0x0000000087a00000, 0x0000000087b00000|  0%| F|  |TAMS 0x0000000087a00000, 0x0000000087a00000| Untracked 
|  41|0x0000000087b00000, 0x0000000087b00000, 0x0000000087c00000|  0%| F|  |TAMS 0x0000000087b00000, 0x0000000087b00000| Untracked 
|  42|0x0000000087c00000, 0x0000000087c00000, 0x0000000087d00000|  0%| F|  |TAMS 0x0000000087c00000, 0x0000000087c00000| Untracked 
|  43|0x0000000087d00000, 0x0000000087d00000, 0x0000000087e00000|  0%| F|  |TAMS 0x0000000087d00000, 0x0000000087d00000| Untracked 
|  44|0x0000000087e00000, 0x0000000087e00000, 0x0000000087f00000|  0%| F|  |TAMS 0x0000000087e00000, 0x0000000087e00000| Untracked 
|  45|0x0000000087f00000, 0x0000000087f00000, 0x0000000088000000|  0%| F|  |TAMS 0x0000000087f00000, 0x0000000087f00000| Untracked 
|  46|0x0000000088000000, 0x0000000088000000, 0x0000000088100000|  0%| F|  |TAMS 0x0000000088000000, 0x0000000088000000| Untracked 
|  47|0x0000000088100000, 0x0000000088100000, 0x0000000088200000|  0%| F|  |TAMS 0x0000000088100000, 0x0000000088100000| Untracked 
|  48|0x0000000088200000, 0x0000000088200000, 0x0000000088300000|  0%| F|  |TAMS 0x0000000088200000, 0x0000000088200000| Untracked 
|  49|0x0000000088300000, 0x0000000088300000, 0x0000000088400000|  0%| F|  |TAMS 0x0000000088300000, 0x0000000088300000| Untracked 
|  50|0x0000000088400000, 0x0000000088400000, 0x0000000088500000|  0%| F|  |TAMS 0x0000000088400000, 0x0000000088400000| Untracked 
|  51|0x0000000088500000, 0x0000000088500000, 0x0000000088600000|  0%| F|  |TAMS 0x0000000088500000, 0x0000000088500000| Untracked 
|  52|0x0000000088600000, 0x0000000088600000, 0x0000000088700000|  0%| F|  |TAMS 0x0000000088600000, 0x0000000088600000| Untracked 
|  53|0x0000000088700000, 0x0000000088700000, 0x0000000088800000|  0%| F|  |TAMS 0x0000000088700000, 0x0000000088700000| Untracked 
|  54|0x0000000088800000, 0x0000000088800000, 0x0000000088900000|  0%| F|  |TAMS 0x0000000088800000, 0x0000000088800000| Untracked 
|  55|0x0000000088900000, 0x0000000088900000, 0x0000000088a00000|  0%| F|  |TAMS 0x0000000088900000, 0x0000000088900000| Untracked 
|  56|0x0000000088a00000, 0x0000000088a00000, 0x0000000088b00000|  0%| F|  |TAMS 0x0000000088a00000, 0x0000000088a00000| Untracked 
|  57|0x0000000088b00000, 0x0000000088b00000, 0x0000000088c00000|  0%| F|  |TAMS 0x0000000088b00000, 0x0000000088b00000| Untracked 
|  58|0x0000000088c00000, 0x0000000088c00000, 0x0000000088d00000|  0%| F|  |TAMS 0x0000000088c00000, 0x0000000088c00000| Untracked 
|  59|0x0000000088d00000, 0x0000000088d00000, 0x0000000088e00000|  0%| F|  |TAMS 0x0000000088d00000, 0x0000000088d00000| Untracked 
|  60|0x0000000088e00000, 0x0000000088e00000, 0x0000000088f00000|  0%| F|  |TAMS 0x0000000088e00000, 0x0000000088e00000| Untracked 
|  61|0x0000000088f00000, 0x0000000088f00000, 0x0000000089000000|  0%| F|  |TAMS 0x0000000088f00000, 0x0000000088f00000| Untracked 
|  62|0x0000000089000000, 0x0000000089000000, 0x0000000089100000|  0%| F|  |TAMS 0x0000000089000000, 0x0000000089000000| Untracked 
|  63|0x0000000089100000, 0x0000000089100000, 0x0000000089200000|  0%| F|  |TAMS 0x0000000089100000, 0x0000000089100000| Untracked 
|  64|0x0000000089200000, 0x0000000089200000, 0x0000000089300000|  0%| F|  |TAMS 0x0000000089200000, 0x0000000089200000| Untracked 
|  65|0x0000000089300000, 0x0000000089300000, 0x0000000089400000|  0%| F|  |TAMS 0x0000000089300000, 0x0000000089300000| Untracked 
|  66|0x0000000089400000, 0x0000000089400000, 0x0000000089500000|  0%| F|  |TAMS 0x0000000089400000, 0x0000000089400000| Untracked 
|  67|0x0000000089500000, 0x0000000089500000, 0x0000000089600000|  0%| F|  |TAMS 0x0000000089500000, 0x0000000089500000| Untracked 
|  68|0x0000000089600000, 0x0000000089600000, 0x0000000089700000|  0%| F|  |TAMS 0x0000000089600000, 0x0000000089600000| Untracked 
|  69|0x0000000089700000, 0x0000000089700000, 0x0000000089800000|  0%| F|  |TAMS 0x0000000089700000, 0x0000000089700000| Untracked 
|  70|0x0000000089800000, 0x0000000089800000, 0x0000000089900000|  0%| F|  |TAMS 0x0000000089800000, 0x0000000089800000| Untracked 
|  71|0x0000000089900000, 0x0000000089900000, 0x0000000089a00000|  0%| F|  |TAMS 0x0000000089900000, 0x0000000089900000| Untracked 
|  72|0x0000000089a00000, 0x0000000089a00000, 0x0000000089b00000|  0%| F|  |TAMS 0x0000000089a00000, 0x0000000089a00000| Untracked 
|  73|0x0000000089b00000, 0x0000000089b00000, 0x0000000089c00000|  0%| F|  |TAMS 0x0000000089b00000, 0x0000000089b00000| Untracked 
|  74|0x0000000089c00000, 0x0000000089c00000, 0x0000000089d00000|  0%| F|  |TAMS 0x0000000089c00000, 0x0000000089c00000| Untracked 
|  75|0x0000000089d00000, 0x0000000089d00000, 0x0000000089e00000|  0%| F|  |TAMS 0x0000000089d00000, 0x0000000089d00000| Untracked 
|  76|0x0000000089e00000, 0x0000000089e00000, 0x0000000089f00000|  0%| F|  |TAMS 0x0000000089e00000, 0x0000000089e00000| Untracked 
|  77|0x0000000089f00000, 0x0000000089f00000, 0x000000008a000000|  0%| F|  |TAMS 0x0000000089f00000, 0x0000000089f00000| Untracked 
|  78|0x000000008a000000, 0x000000008a000000, 0x000000008a100000|  0%| F|  |TAMS 0x000000008a000000, 0x000000008a000000| Untracked 
|  79|0x000000008a100000, 0x000000008a100000, 0x000000008a200000|  0%| F|  |TAMS 0x000000008a100000, 0x000000008a100000| Untracked 
|  80|0x000000008a200000, 0x000000008a200000, 0x000000008a300000|  0%| F|  |TAMS 0x000000008a200000, 0x000000008a200000| Untracked 
|  81|0x000000008a300000, 0x000000008a300000, 0x000000008a400000|  0%| F|  |TAMS 0x000000008a300000, 0x000000008a300000| Untracked 
|  82|0x000000008a400000, 0x000000008a400000, 0x000000008a500000|  0%| F|  |TAMS 0x000000008a400000, 0x000000008a400000| Untracked 
|  83|0x000000008a500000, 0x000000008a500000, 0x000000008a600000|  0%| F|  |TAMS 0x000000008a500000, 0x000000008a500000| Untracked 
|  84|0x000000008a600000, 0x000000008a600000, 0x000000008a700000|  0%| F|  |TAMS 0x000000008a600000, 0x000000008a600000| Untracked 
|  85|0x000000008a700000, 0x000000008a700000, 0x000000008a800000|  0%| F|  |TAMS 0x000000008a700000, 0x000000008a700000| Untracked 
|  86|0x000000008a800000, 0x000000008a800000, 0x000000008a900000|  0%| F|  |TAMS 0x000000008a800000, 0x000000008a800000| Untracked 
|  87|0x000000008a900000, 0x000000008a900000, 0x000000008aa00000|  0%| F|  |TAMS 0x000000008a900000, 0x000000008a900000| Untracked 
|  88|0x000000008aa00000, 0x000000008aa00000, 0x000000008ab00000|  0%| F|  |TAMS 0x000000008aa00000, 0x000000008aa00000| Untracked 
|  89|0x000000008ab00000, 0x000000008ab00000, 0x000000008ac00000|  0%| F|  |TAMS 0x000000008ab00000, 0x000000008ab00000| Untracked 
|  90|0x000000008ac00000, 0x000000008ac00000, 0x000000008ad00000|  0%| F|  |TAMS 0x000000008ac00000, 0x000000008ac00000| Untracked 
|  91|0x000000008ad00000, 0x000000008ad00000, 0x000000008ae00000|  0%| F|  |TAMS 0x000000008ad00000, 0x000000008ad00000| Untracked 
|  92|0x000000008ae00000, 0x000000008ae00000, 0x000000008af00000|  0%| F|  |TAMS 0x000000008ae00000, 0x000000008ae00000| Untracked 
|  93|0x000000008af00000, 0x000000008af00000, 0x000000008b000000|  0%| F|  |TAMS 0x000000008af00000, 0x000000008af00000| Untracked 
|  94|0x000000008b000000, 0x000000008b000000, 0x000000008b100000|  0%| F|  |TAMS 0x000000008b000000, 0x000000008b000000| Untracked 
|  95|0x000000008b100000, 0x000000008b100000, 0x000000008b200000|  0%| F|  |TAMS 0x000000008b100000, 0x000000008b100000| Untracked 
|  96|0x000000008b200000, 0x000000008b200000, 0x000000008b300000|  0%| F|  |TAMS 0x000000008b200000, 0x000000008b200000| Untracked 
|  97|0x000000008b300000, 0x000000008b300000, 0x000000008b400000|  0%| F|  |TAMS 0x000000008b300000, 0x000000008b300000| Untracked 
|  98|0x000000008b400000, 0x000000008b400000, 0x000000008b500000|  0%| F|  |TAMS 0x000000008b400000, 0x000000008b400000| Untracked 
|  99|0x000000008b500000, 0x000000008b500000, 0x000000008b600000|  0%| F|  |TAMS 0x000000008b500000, 0x000000008b500000| Untracked 
| 100|0x000000008b600000, 0x000000008b600000, 0x000000008b700000|  0%| F|  |TAMS 0x000000008b600000, 0x000000008b600000| Untracked 
| 101|0x000000008b700000, 0x000000008b700000, 0x000000008b800000|  0%| F|  |TAMS 0x000000008b700000, 0x000000008b700000| Untracked 
| 102|0x000000008b800000, 0x000000008b800000, 0x000000008b900000|  0%| F|  |TAMS 0x000000008b800000, 0x000000008b800000| Untracked 
| 103|0x000000008b900000, 0x000000008b900000, 0x000000008ba00000|  0%| F|  |TAMS 0x000000008b900000, 0x000000008b900000| Untracked 
| 104|0x000000008ba00000, 0x000000008ba00000, 0x000000008bb00000|  0%| F|  |TAMS 0x000000008ba00000, 0x000000008ba00000| Untracked 
| 105|0x000000008bb00000, 0x000000008bb00000, 0x000000008bc00000|  0%| F|  |TAMS 0x000000008bb00000, 0x000000008bb00000| Untracked 
| 106|0x000000008bc00000, 0x000000008bc00000, 0x000000008bd00000|  0%| F|  |TAMS 0x000000008bc00000, 0x000000008bc00000| Untracked 
| 107|0x000000008bd00000, 0x000000008bd00000, 0x000000008be00000|  0%| F|  |TAMS 0x000000008bd00000, 0x000000008bd00000| Untracked 
| 108|0x000000008be00000, 0x000000008be00000, 0x000000008bf00000|  0%| F|  |TAMS 0x000000008be00000, 0x000000008be00000| Untracked 
| 109|0x000000008bf00000, 0x000000008bf00000, 0x000000008c000000|  0%| F|  |TAMS 0x000000008bf00000, 0x000000008bf00000| Untracked 
| 110|0x000000008c000000, 0x000000008c000000, 0x000000008c100000|  0%| F|  |TAMS 0x000000008c000000, 0x000000008c000000| Untracked 
| 111|0x000000008c100000, 0x000000008c100000, 0x000000008c200000|  0%| F|  |TAMS 0x000000008c100000, 0x000000008c100000| Untracked 
| 112|0x000000008c200000, 0x000000008c200000, 0x000000008c300000|  0%| F|  |TAMS 0x000000008c200000, 0x000000008c200000| Untracked 
| 113|0x000000008c300000, 0x000000008c300000, 0x000000008c400000|  0%| F|  |TAMS 0x000000008c300000, 0x000000008c300000| Untracked 
| 114|0x000000008c400000, 0x000000008c400000, 0x000000008c500000|  0%| F|  |TAMS 0x000000008c400000, 0x000000008c400000| Untracked 
| 115|0x000000008c500000, 0x000000008c600000, 0x000000008c600000|100%| E|  |TAMS 0x000000008c500000, 0x000000008c500000| Complete 
| 116|0x000000008c600000, 0x000000008c700000, 0x000000008c700000|100%| E|CS|TAMS 0x000000008c600000, 0x000000008c600000| Complete 
| 117|0x000000008c700000, 0x000000008c800000, 0x000000008c800000|100%| E|CS|TAMS 0x000000008c700000, 0x000000008c700000| Complete 
| 118|0x000000008c800000, 0x000000008c900000, 0x000000008c900000|100%| E|CS|TAMS 0x000000008c800000, 0x000000008c800000| Complete 
| 119|0x000000008c900000, 0x000000008ca00000, 0x000000008ca00000|100%| E|CS|TAMS 0x000000008c900000, 0x000000008c900000| Complete 
| 120|0x000000008ca00000, 0x000000008cb00000, 0x000000008cb00000|100%| E|CS|TAMS 0x000000008ca00000, 0x000000008ca00000| Complete 
| 121|0x000000008cb00000, 0x000000008cc00000, 0x000000008cc00000|100%| E|CS|TAMS 0x000000008cb00000, 0x000000008cb00000| Complete 
| 122|0x000000008cc00000, 0x000000008cd00000, 0x000000008cd00000|100%| E|CS|TAMS 0x000000008cc00000, 0x000000008cc00000| Complete 
| 123|0x000000008cd00000, 0x000000008ce00000, 0x000000008ce00000|100%| E|CS|TAMS 0x000000008cd00000, 0x000000008cd00000| Complete 

Card table byte_map: [0x0000023ff86f0000,0x0000023ff8ad0000] _byte_map_base: 0x0000023ff82c7000

Marking Bits (Prev, Next): (CMBitMap*) 0x0000023ff2833de0, (CMBitMap*) 0x0000023ff2833e20
 Prev Bits: [0x0000023ff8eb0000, 0x0000023ffad68000)
 Next Bits: [0x0000023ffad70000, 0x0000023ffcc28000)

Polling page: 0x0000023ff28a0000

Metaspace:

Usage:
  Non-class:     12.42 MB used.
      Class:      1.36 MB used.
       Both:     13.79 MB used.

Virtual space:
  Non-class space:       16.00 MB reserved,      12.50 MB ( 78%) committed,  2 nodes.
      Class space:        1.00 GB reserved,       1.50 MB ( <1%) committed,  1 nodes.
             Both:        1.02 GB reserved,      14.00 MB (  1%) committed. 

Chunk freelists:
   Non-Class:  3.00 MB
       Class:  2.55 MB
        Both:  5.55 MB

MaxMetaspaceSize: unlimited
CompressedClassSpaceSize: 1.00 GB
Initial GC threshold: 21.00 MB
Current GC threshold: 21.00 MB
CDS: off
MetaspaceReclaimPolicy: balanced
 - commit_granule_bytes: 65536.
 - commit_granule_words: 8192.
 - virtual_space_node_default_size: 1048576.
 - enlarge_chunks_in_place: 1.
 - new_chunks_are_fully_committed: 0.
 - uncommit_free_chunks: 1.
 - use_allocation_guard: 0.
 - handle_deallocations: 1.


Internal statistics:

num_allocs_failed_limit: 0.
num_arena_births: 106.
num_arena_deaths: 0.
num_vsnodes_births: 3.
num_vsnodes_deaths: 0.
num_space_committed: 224.
num_space_uncommitted: 0.
num_chunks_returned_to_freelist: 0.
num_chunks_taken_from_freelist: 180.
num_chunk_merges: 0.
num_chunk_splits: 87.
num_chunks_enlarged: 27.
num_purges: 0.
num_inconsistent_stats: 0.

CodeHeap 'non-profiled nmethods': size=120000Kb used=378Kb max_used=378Kb free=119621Kb
 bounds [0x0000023f87ad0000, 0x0000023f87d40000, 0x0000023f8f000000]
CodeHeap 'profiled nmethods': size=120000Kb used=1988Kb max_used=1988Kb free=118011Kb
 bounds [0x0000023f805a0000, 0x0000023f80810000, 0x0000023f87ad0000]
CodeHeap 'non-nmethods': size=5760Kb used=1250Kb max_used=1286Kb free=4509Kb
 bounds [0x0000023f80000000, 0x0000023f80270000, 0x0000023f805a0000]
 total_blobs=1775 nmethods=1203 adapters=485
 compilation: enabled
              stopped_count=0, restarted_count=0
 full_count=0

Compilation events (20 events):
Event: 38.308 Thread 0x0000023fff9a2b70 nmethod 1194 0x0000023f87b2c210 code [0x0000023f87b2c3a0, 0x0000023f87b2c478]
Event: 38.308 Thread 0x0000023fff9a2b70 1195       1       javax.swing.DefaultBoundedRangeModel::getMinimum (5 bytes)
Event: 38.308 Thread 0x0000023fff9a2b70 nmethod 1195 0x0000023f87b2c510 code [0x0000023f87b2c6a0, 0x0000023f87b2c778]
Event: 38.308 Thread 0x0000023fff9a2b70 1196       1       javax.swing.JTextField::getHorizontalAlignment (5 bytes)
Event: 38.308 Thread 0x0000023fff9a2b70 nmethod 1196 0x0000023f87b2c810 code [0x0000023f87b2c9a0, 0x0000023f87b2ca78]
Event: 40.076 Thread 0x0000023fff9a2180 1197       4       java.security.AccessController::checkContext (49 bytes)
Event: 40.076 Thread 0x0000023fff9a2180 nmethod 1197 0x0000023f87b2cb10 code [0x0000023f87b2cc80, 0x0000023f87b2cd18]
Event: 40.959 Thread 0x0000023fff9a2180 1198       4       java.security.ProtectionDomain$JavaSecurityAccessImpl::getCombinedACC (30 bytes)
Event: 40.963 Thread 0x0000023fff9a2180 nmethod 1198 0x0000023f87b2ce10 code [0x0000023f87b2cfc0, 0x0000023f87b2d318]
Event: 40.964 Thread 0x0000023fff9a2180 1199       4       java.security.AccessControlContext::<init> (63 bytes)
Event: 40.966 Thread 0x0000023fff9a2180 nmethod 1199 0x0000023f87b2d710 code [0x0000023f87b2d880, 0x0000023f87b2db38]
Event: 1138.479 Thread 0x0000023fff9a2b70 1200       1       java.awt.Component::isCoalescingEnabled (5 bytes)
Event: 1138.479 Thread 0x0000023fff9a2b70 nmethod 1200 0x0000023f87b2dc10 code [0x0000023f87b2dda0, 0x0000023f87b2de78]
Event: 1138.732 Thread 0x0000023fff9a2180 1201       4       java.lang.Math::floor (5 bytes)
Event: 1138.733 Thread 0x0000023fff9a2180 nmethod 1201 0x0000023f87b2df10 code [0x0000023f87b2e0c0, 0x0000023f87b2e1b8]
Event: 1138.734 Thread 0x0000023fff9a2b70 1202       3       java.awt.ComponentOrientation::isLeftToRight (15 bytes)
Event: 1138.735 Thread 0x0000023fff9a2b70 nmethod 1202 0x0000023f80790d10 code [0x0000023f80790ea0, 0x0000023f80791018]
Event: 1138.757 Thread 0x0000023fff9a2180 1203       4       java.awt.EventQueue::getNextEventPrivate (76 bytes)
Event: 1138.762 Thread 0x0000023fff9a2180 nmethod 1203 0x0000023f87b2e290 code [0x0000023f87b2e420, 0x0000023f87b2e858]
Event: 1138.816 Thread 0x0000023fff9a2180 1204   !   4       sun.awt.PostEventQueue::flush (168 bytes)

GC Heap History (0 events):
No events

Dll operation events (7 events):
Event: 0.009 Loaded shared library C:\Users\Victus\.p2\pool\plugins\org.eclipse.justj.openjdk.hotspot.jre.full.win32.x86_64_17.0.5.v20221102-0933\jre\bin\java.dll
Event: 0.083 Loaded shared library C:\Users\Victus\.p2\pool\plugins\org.eclipse.justj.openjdk.hotspot.jre.full.win32.x86_64_17.0.5.v20221102-0933\jre\bin\jimage.dll
Event: 0.106 Loaded shared library C:\Users\Victus\.p2\pool\plugins\org.eclipse.justj.openjdk.hotspot.jre.full.win32.x86_64_17.0.5.v20221102-0933\jre\bin\awt.dll
Event: 0.289 Loaded shared library C:\Users\Victus\.p2\pool\plugins\org.eclipse.justj.openjdk.hotspot.jre.full.win32.x86_64_17.0.5.v20221102-0933\jre\bin\freetype.dll
Event: 0.290 Loaded shared library C:\Users\Victus\.p2\pool\plugins\org.eclipse.justj.openjdk.hotspot.jre.full.win32.x86_64_17.0.5.v20221102-0933\jre\bin\fontmanager.dll
Event: 0.384 Loaded shared library C:\Users\Victus\.p2\pool\plugins\org.eclipse.justj.openjdk.hotspot.jre.full.win32.x86_64_17.0.5.v20221102-0933\jre\bin\net.dll
Event: 0.386 Loaded shared library C:\Users\Victus\.p2\pool\plugins\org.eclipse.justj.openjdk.hotspot.jre.full.win32.x86_64_17.0.5.v20221102-0933\jre\bin\nio.dll

Deoptimization events (20 events):
Event: 1138.471 Thread 0x0000023f8f9336c0 Uncommon trap: trap_request=0xffffff66 fr.pc=0x0000023f87b1f3b8 relative=0x0000000000004558
Event: 1138.471 Thread 0x0000023f8f9336c0 Uncommon trap: reason=speculate_class_check action=maybe_recompile pc=0x0000023f87b1f3b8 method=java.awt.EventQueue.coalesceEvent(Ljava/awt/AWTEvent;I)Z @ 53 c2
Event: 1138.471 Thread 0x0000023f8f9336c0 DEOPT PACKING pc=0x0000023f87b1f3b8 sp=0x0000004433efeca0
Event: 1138.471 Thread 0x0000023f8f9336c0 DEOPT UNPACKING pc=0x0000023f800523a3 sp=0x0000004433efeae8 mode 2
Event: 1138.479 Thread 0x0000023f8f9336c0 Uncommon trap: trap_request=0xffffffde fr.pc=0x0000023f87b1f310 relative=0x00000000000044b0
Event: 1138.479 Thread 0x0000023f8f9336c0 Uncommon trap: reason=class_check action=maybe_recompile pc=0x0000023f87b1f310 method=java.awt.EventQueue.coalesceEvent(Ljava/awt/AWTEvent;I)Z @ 32 c2
Event: 1138.479 Thread 0x0000023f8f9336c0 DEOPT PACKING pc=0x0000023f87b1f310 sp=0x0000004433efeca0
Event: 1138.479 Thread 0x0000023f8f9336c0 DEOPT UNPACKING pc=0x0000023f800523a3 sp=0x0000004433efeae8 mode 2
Event: 1138.481 Thread 0x0000023f8f9336c0 Uncommon trap: trap_request=0xffffffde fr.pc=0x0000023f87b1f310 relative=0x00000000000044b0
Event: 1138.481 Thread 0x0000023f8f9336c0 Uncommon trap: reason=class_check action=maybe_recompile pc=0x0000023f87b1f310 method=java.awt.EventQueue.coalesceEvent(Ljava/awt/AWTEvent;I)Z @ 32 c2
Event: 1138.481 Thread 0x0000023f8f9336c0 DEOPT PACKING pc=0x0000023f87b1f310 sp=0x0000004433efeca0
Event: 1138.481 Thread 0x0000023f8f9336c0 DEOPT UNPACKING pc=0x0000023f800523a3 sp=0x0000004433efeae8 mode 2
Event: 1138.563 Thread 0x0000023f8f9336c0 Uncommon trap: trap_request=0xffffff66 fr.pc=0x0000023f87b1f3b8 relative=0x0000000000004558
Event: 1138.563 Thread 0x0000023f8f9336c0 Uncommon trap: reason=speculate_class_check action=maybe_recompile pc=0x0000023f87b1f3b8 method=java.awt.EventQueue.coalesceEvent(Ljava/awt/AWTEvent;I)Z @ 53 c2
Event: 1138.563 Thread 0x0000023f8f9336c0 DEOPT PACKING pc=0x0000023f87b1f3b8 sp=0x0000004433efeca0
Event: 1138.563 Thread 0x0000023f8f9336c0 DEOPT UNPACKING pc=0x0000023f800523a3 sp=0x0000004433efeae8 mode 2
Event: 1138.731 Thread 0x0000023f8f9336c0 Uncommon trap: trap_request=0xffffff66 fr.pc=0x0000023f87b1f3b8 relative=0x0000000000004558
Event: 1138.731 Thread 0x0000023f8f9336c0 Uncommon trap: reason=speculate_class_check action=maybe_recompile pc=0x0000023f87b1f3b8 method=java.awt.EventQueue.coalesceEvent(Ljava/awt/AWTEvent;I)Z @ 53 c2
Event: 1138.731 Thread 0x0000023f8f9336c0 DEOPT PACKING pc=0x0000023f87b1f3b8 sp=0x0000004433efeca0
Event: 1138.731 Thread 0x0000023f8f9336c0 DEOPT UNPACKING pc=0x0000023f800523a3 sp=0x0000004433efeae8 mode 2

Classes unloaded (0 events):
No events

Classes redefined (0 events):
No events

Internal exceptions (12 events):
Event: 0.100 Thread 0x0000023ff27d8160 Exception <a 'java/lang/ClassNotFoundException'{0x000000008cc416a8}: sun/awt/resources/spi/awtProvider> (0x000000008cc416a8) 
thrown [s\src\hotspot\share\classfile\systemDictionary.cpp, line 256]
Event: 0.118 Thread 0x0000023ff27d8160 Exception <a 'java/io/FileNotFoundException'{0x000000008cc9c3d0}> (0x000000008cc9c3d0) 
thrown [s\src\hotspot\share\prims\jni.cpp, line 516]
Event: 0.122 Thread 0x0000023ff27d8160 Exception <a 'java/io/FileNotFoundException'{0x000000008ccc9350}> (0x000000008ccc9350) 
thrown [s\src\hotspot\share\prims\jni.cpp, line 516]
Event: 0.162 Thread 0x0000023ff27d8160 Exception <a 'java/lang/NoSuchMethodError'{0x000000008cb1ab30}: 'java.lang.Object java.lang.invoke.DirectMethodHandle$Holder.invokeStaticInit(java.lang.Object)'> (0x000000008cb1ab30) 
thrown [s\src\hotspot\share\interpreter\linkResolver.cpp, line 759]
Event: 0.190 Thread 0x0000023ff27d8160 Exception <a 'java/lang/NoSuchMethodError'{0x000000008cb64978}: 'void java.lang.invoke.DirectMethodHandle$Holder.invokeSpecial(java.lang.Object, java.lang.Object, java.lang.Object)'> (0x000000008cb64978) 
thrown [s\src\hotspot\share\interpreter\linkResolver.cpp, line 759]
Event: 0.197 Thread 0x0000023ff27d8160 Exception <a 'java/lang/NoSuchMethodError'{0x000000008ca051c8}: 'java.lang.Object java.lang.invoke.DirectMethodHandle$Holder.newInvokeSpecial(java.lang.Object, java.lang.Object, java.lang.Object, java.lang.Object, java.lang.Object)'> (0x000000008ca051c8) 
thrown [s\src\hotspot\share\interpreter\linkResolver.cpp, line 759]
Event: 0.198 Thread 0x0000023ff27d8160 Exception <a 'java/lang/NoSuchMethodError'{0x000000008ca10b90}: 'java.lang.Object java.lang.invoke.DirectMethodHandle$Holder.invokeStatic(java.lang.Object, int, java.lang.Object, java.lang.Object, java.lang.Object, java.lang.Object)'> (0x000000008ca10b90) 
thrown [s\src\hotspot\share\interpreter\linkResolver.cpp, line 759]
Event: 0.202 Thread 0x0000023ff27d8160 Exception <a 'java/lang/NoSuchMethodError'{0x000000008ca36350}: 'java.lang.Object java.lang.invoke.DirectMethodHandle$Holder.invokeStatic(java.lang.Object, int, java.lang.Object)'> (0x000000008ca36350) 
thrown [s\src\hotspot\share\interpreter\linkResolver.cpp, line 759]
Event: 0.240 Thread 0x0000023ff27d8160 Exception <a 'java/lang/ClassNotFoundException'{0x000000008caede90}: com/sun/swing/internal/plaf/metal/resources/spi/metalProvider> (0x000000008caede90) 
thrown [s\src\hotspot\share\classfile\systemDictionary.cpp, line 256]
Event: 0.240 Thread 0x0000023ff27d8160 Exception <a 'java/lang/ClassNotFoundException'{0x000000008caf1d68}: com/sun/swing/internal/plaf/basic/resources/spi/basicProvider> (0x000000008caf1d68) 
thrown [s\src\hotspot\share\classfile\systemDictionary.cpp, line 256]
Event: 0.276 Thread 0x0000023f8f869110 Exception <a 'java/lang/NoSuchMethodError'{0x000000008cb864a8}: 'void java.lang.invoke.DirectMethodHandle$Holder.invokeVirtual(java.lang.Object, java.lang.Object)'> (0x000000008cb864a8) 
thrown [s\src\hotspot\share\interpreter\linkResolver.cpp, line 759]
Event: 0.286 Thread 0x0000023ff27d8160 Exception <a 'java/lang/NoSuchMethodError'{0x000000008c94e758}: 'void java.lang.invoke.DirectMethodHandle$Holder.invokeStaticInit(java.lang.Object)'> (0x000000008c94e758) 
thrown [s\src\hotspot\share\interpreter\linkResolver.cpp, line 759]

VM Operations (20 events):
Event: 19.542 Executing VM operation: Cleanup
Event: 19.542 Executing VM operation: Cleanup done
Event: 20.555 Executing VM operation: Cleanup
Event: 20.556 Executing VM operation: Cleanup done
Event: 21.562 Executing VM operation: Cleanup
Event: 21.562 Executing VM operation: Cleanup done
Event: 22.572 Executing VM operation: Cleanup
Event: 22.572 Executing VM operation: Cleanup done
Event: 23.576 Executing VM operation: Cleanup
Event: 23.576 Executing VM operation: Cleanup done
Event: 24.586 Executing VM operation: Cleanup
Event: 24.586 Executing VM operation: Cleanup done
Event: 30.646 Executing VM operation: Cleanup
Event: 30.646 Executing VM operation: Cleanup done
Event: 31.655 Executing VM operation: Cleanup
Event: 31.655 Executing VM operation: Cleanup done
Event: 35.701 Executing VM operation: Cleanup
Event: 35.701 Executing VM operation: Cleanup done
Event: 41.778 Executing VM operation: Cleanup
Event: 41.778 Executing VM operation: Cleanup done

Events (20 events):
Event: 0.932 loading class javax/swing/Timer$1
Event: 0.932 loading class javax/swing/Timer$1 done
Event: 5.353 loading class javax/swing/Autoscroller
Event: 5.353 loading class javax/swing/Autoscroller done
Event: 5.679 loading class javax/swing/text/StyledDocument
Event: 5.679 loading class javax/swing/text/StyledDocument done
Event: 6.736 loading class java/awt/Canvas
Event: 6.736 loading class java/awt/Canvas done
Event: 6.736 loading class java/awt/Scrollbar
Event: 6.737 loading class java/awt/Adjustable
Event: 6.737 loading class java/awt/Adjustable done
Event: 6.737 loading class java/awt/Scrollbar done
Event: 13.953 loading class java/awt/LightweightDispatcher$2
Event: 13.953 loading class java/awt/LightweightDispatcher$2 done
Event: 40.964 loading class java/security/DomainCombiner
Event: 40.964 loading class java/security/DomainCombiner done
Event: 1138.468 loading class sun/awt/windows/WInputMethod$1
Event: 1138.468 loading class sun/awt/windows/WInputMethod$1 done
Event: 1138.479 loading class java/awt/font/TextHitInfo
Event: 1138.480 loading class java/awt/font/TextHitInfo done


Dynamic libraries:
0x00007ff756540000 - 0x00007ff75654e000 	C:\Users\Victus\.p2\pool\plugins\org.eclipse.justj.openjdk.hotspot.jre.full.win32.x86_64_17.0.5.v20221102-0933\jre\bin\javaw.exe
0x00007ffeec770000 - 0x00007ffeec984000 	C:\WINDOWS\SYSTEM32\ntdll.dll
0x00007ffeea970000 - 0x00007ffeeaa33000 	C:\WINDOWS\System32\KERNEL32.DLL
0x00007ffeea000000 - 0x00007ffeea39c000 	C:\WINDOWS\System32\KERNELBASE.dll
0x00007ffee9d70000 - 0x00007ffee9e81000 	C:\WINDOWS\System32\ucrtbase.dll
0x00007ffebe2f0000 - 0x00007ffebe307000 	C:\Users\Victus\.p2\pool\plugins\org.eclipse.justj.openjdk.hotspot.jre.full.win32.x86_64_17.0.5.v20221102-0933\jre\bin\jli.dll
0x00007ffe63a80000 - 0x00007ffe63a99000 	C:\Users\Victus\.p2\pool\plugins\org.eclipse.justj.openjdk.hotspot.jre.full.win32.x86_64_17.0.5.v20221102-0933\jre\bin\VCRUNTIME140.dll
0x00007ffeec0c0000 - 0x00007ffeec26d000 	C:\WINDOWS\System32\USER32.dll
0x00007ffeea460000 - 0x00007ffeea486000 	C:\WINDOWS\System32\win32u.dll
0x00007ffec8770000 - 0x00007ffec89fe000 	C:\WINDOWS\WinSxS\amd64_microsoft.windows.common-controls_6595b64144ccf1df_6.0.22621.608_none_a9444ca7c10bb01d\COMCTL32.dll
0x00007ffeeb630000 - 0x00007ffeeb659000 	C:\WINDOWS\System32\GDI32.dll
0x00007ffeec350000 - 0x00007ffeec3f7000 	C:\WINDOWS\System32\msvcrt.dll
0x00007ffee9bb0000 - 0x00007ffee9cc2000 	C:\WINDOWS\System32\gdi32full.dll
0x00007ffee9cd0000 - 0x00007ffee9d6a000 	C:\WINDOWS\System32\msvcp_win.dll
0x00007ffeec6f0000 - 0x00007ffeec722000 	C:\WINDOWS\System32\IMM32.DLL
0x00007ffee2930000 - 0x00007ffee293c000 	C:\Users\Victus\.p2\pool\plugins\org.eclipse.justj.openjdk.hotspot.jre.full.win32.x86_64_17.0.5.v20221102-0933\jre\bin\vcruntime140_1.dll
0x00007ffe639e0000 - 0x00007ffe63a71000 	C:\Users\Victus\.p2\pool\plugins\org.eclipse.justj.openjdk.hotspot.jre.full.win32.x86_64_17.0.5.v20221102-0933\jre\bin\msvcp140.dll
0x00007ffe64b50000 - 0x00007ffe65794000 	C:\Users\Victus\.p2\pool\plugins\org.eclipse.justj.openjdk.hotspot.jre.full.win32.x86_64_17.0.5.v20221102-0933\jre\bin\server\jvm.dll
0x00007ffeeabe0000 - 0x00007ffeeac8e000 	C:\WINDOWS\System32\ADVAPI32.dll
0x00007ffeebe00000 - 0x00007ffeebea4000 	C:\WINDOWS\System32\sechost.dll
0x00007ffeebb70000 - 0x00007ffeebc85000 	C:\WINDOWS\System32\RPCRT4.dll
0x00007ffe67e90000 - 0x00007ffe67e99000 	C:\WINDOWS\SYSTEM32\WSOCK32.dll
0x00007ffee11e0000 - 0x00007ffee1214000 	C:\WINDOWS\SYSTEM32\WINMM.dll
0x00007ffeeab40000 - 0x00007ffeeabb1000 	C:\WINDOWS\System32\WS2_32.dll
0x00007ffee10d0000 - 0x00007ffee10da000 	C:\WINDOWS\SYSTEM32\VERSION.dll
0x00007ffee8cf0000 - 0x00007ffee8d08000 	C:\WINDOWS\SYSTEM32\kernel.appcore.dll
0x00007ffe64a80000 - 0x00007ffe64a8a000 	C:\Users\Victus\.p2\pool\plugins\org.eclipse.justj.openjdk.hotspot.jre.full.win32.x86_64_17.0.5.v20221102-0933\jre\bin\jimage.dll
0x00007ffee73a0000 - 0x00007ffee75ce000 	C:\WINDOWS\SYSTEM32\DBGHELP.DLL
0x00007ffeea5e0000 - 0x00007ffeea96a000 	C:\WINDOWS\System32\combase.dll
0x00007ffeec270000 - 0x00007ffeec347000 	C:\WINDOWS\System32\OLEAUT32.dll
0x00007ffed9710000 - 0x00007ffed9742000 	C:\WINDOWS\SYSTEM32\dbgcore.DLL
0x00007ffeea490000 - 0x00007ffeea50b000 	C:\WINDOWS\System32\bcryptPrimitives.dll
0x00007ffe649b0000 - 0x00007ffe649d5000 	C:\Users\Victus\.p2\pool\plugins\org.eclipse.justj.openjdk.hotspot.jre.full.win32.x86_64_17.0.5.v20221102-0933\jre\bin\java.dll
0x00007ffe64940000 - 0x00007ffe64958000 	C:\Users\Victus\.p2\pool\plugins\org.eclipse.justj.openjdk.hotspot.jre.full.win32.x86_64_17.0.5.v20221102-0933\jre\bin\zip.dll
0x00007ffeeae40000 - 0x00007ffeeb62f000 	C:\WINDOWS\System32\SHELL32.dll
0x00007ffee7be0000 - 0x00007ffee84a8000 	C:\WINDOWS\SYSTEM32\windows.storage.dll
0x00007ffee7aa0000 - 0x00007ffee7bde000 	C:\WINDOWS\SYSTEM32\wintypes.dll
0x00007ffeeaa40000 - 0x00007ffeeab31000 	C:\WINDOWS\System32\SHCORE.dll
0x00007ffeea580000 - 0x00007ffeea5de000 	C:\WINDOWS\System32\shlwapi.dll
0x00007ffee9ae0000 - 0x00007ffee9b01000 	C:\WINDOWS\SYSTEM32\profapi.dll
0x00007ffe5f850000 - 0x00007ffe5f9de000 	C:\Users\Victus\.p2\pool\plugins\org.eclipse.justj.openjdk.hotspot.jre.full.win32.x86_64_17.0.5.v20221102-0933\jre\bin\awt.dll
0x00007ffee6b50000 - 0x00007ffee6be7000 	C:\WINDOWS\SYSTEM32\apphelp.dll
0x00007ffee6ef0000 - 0x00007ffee6f1b000 	C:\WINDOWS\system32\DWMAPI.DLL
0x00007ffee6c60000 - 0x00007ffee6d0b000 	C:\WINDOWS\system32\uxtheme.dll
0x00007ffe63240000 - 0x00007ffe63340000 	C:\WINDOWS\system32\opengl32.dll
0x00007ffe639b0000 - 0x00007ffe639dd000 	C:\WINDOWS\SYSTEM32\GLU32.dll
0x00007ffee6f50000 - 0x00007ffee6f86000 	C:\WINDOWS\SYSTEM32\dxcore.dll
0x00007ffeebfa0000 - 0x00007ffeec0be000 	C:\WINDOWS\System32\MSCTF.dll
0x00007ffeeaca0000 - 0x00007ffeeae3c000 	C:\WINDOWS\System32\ole32.dll
0x00007ffee1040000 - 0x00007ffee10c6000 	C:\Users\Victus\.p2\pool\plugins\org.eclipse.justj.openjdk.hotspot.jre.full.win32.x86_64_17.0.5.v20221102-0933\jre\bin\freetype.dll
0x00007ffee0f70000 - 0x00007ffee1035000 	C:\Users\Victus\.p2\pool\plugins\org.eclipse.justj.openjdk.hotspot.jre.full.win32.x86_64_17.0.5.v20221102-0933\jre\bin\fontmanager.dll
0x00007ffeec620000 - 0x00007ffeec6d0000 	C:\WINDOWS\System32\clbcatq.dll
0x00007ffee55a0000 - 0x00007ffee5750000 	C:\WINDOWS\SYSTEM32\WindowsCodecs.dll
0x00007ffead600000 - 0x00007ffead65e000 	C:\WINDOWS\system32\dataexchange.dll
0x00007ffee0a70000 - 0x00007ffee0cda000 	C:\WINDOWS\system32\twinapi.appcore.dll
0x00007ffecb7c0000 - 0x00007ffecb8ed000 	C:\WINDOWS\SYSTEM32\textinputframework.dll
0x00007ffe64510000 - 0x00007ffe64529000 	C:\Users\Victus\.p2\pool\plugins\org.eclipse.justj.openjdk.hotspot.jre.full.win32.x86_64_17.0.5.v20221102-0933\jre\bin\net.dll
0x00007ffee39a0000 - 0x00007ffee3acf000 	C:\WINDOWS\SYSTEM32\WINHTTP.dll
0x00007ffee9160000 - 0x00007ffee91c9000 	C:\WINDOWS\system32\mswsock.dll
0x00007ffe644f0000 - 0x00007ffe64505000 	C:\Users\Victus\.p2\pool\plugins\org.eclipse.justj.openjdk.hotspot.jre.full.win32.x86_64_17.0.5.v20221102-0933\jre\bin\nio.dll
0x00007ffee6870000 - 0x00007ffee69a3000 	C:\WINDOWS\SYSTEM32\CoreMessaging.dll
0x00007ffee29a0000 - 0x00007ffee2d0c000 	C:\WINDOWS\SYSTEM32\CoreUIComponents.dll
0x00007ffee93d0000 - 0x00007ffee93dc000 	C:\WINDOWS\SYSTEM32\CRYPTBASE.DLL

dbghelp: loaded successfully - version: 4.0.5 - missing functions: none
symbol engine: initialized successfully - sym options: 0x614 - pdb path: .;C:\Users\Victus\.p2\pool\plugins\org.eclipse.justj.openjdk.hotspot.jre.full.win32.x86_64_17.0.5.v20221102-0933\jre\bin;C:\WINDOWS\SYSTEM32;C:\WINDOWS\WinSxS\amd64_microsoft.windows.common-controls_6595b64144ccf1df_6.0.22621.608_none_a9444ca7c10bb01d;C:\Users\Victus\.p2\pool\plugins\org.eclipse.justj.openjdk.hotspot.jre.full.win32.x86_64_17.0.5.v20221102-0933\jre\bin\server

VM Arguments:
jvm_args: -Dfile.encoding=UTF-8 -XX:+ShowCodeDetailsInExceptionMessages 
java_command: GUI.checkIn
java_class_path (initial): C:\Users\Victus\eclipse-workspace\Final_Assignment\bin
Launcher Type: SUN_STANDARD

[Global flags]
     intx CICompilerCount                          = 4                                         {product} {ergonomic}
     uint ConcGCThreads                            = 3                                         {product} {ergonomic}
     uint G1ConcRefinementThreads                  = 10                                        {product} {ergonomic}
   size_t G1HeapRegionSize                         = 1048576                                   {product} {ergonomic}
    uintx GCDrainStackTargetSize                   = 64                                        {product} {ergonomic}
   size_t InitialHeapSize                          = 130023424                                 {product} {ergonomic}
   size_t MarkStackSize                            = 4194304                                   {product} {ergonomic}
   size_t MaxHeapSize                              = 2061500416                                {product} {ergonomic}
   size_t MaxNewSize                               = 1236271104                                {product} {ergonomic}
   size_t MinHeapDeltaBytes                        = 1048576                                   {product} {ergonomic}
   size_t MinHeapSize                              = 8388608                                   {product} {ergonomic}
    uintx NonNMethodCodeHeapSize                   = 5839372                                {pd product} {ergonomic}
    uintx NonProfiledCodeHeapSize                  = 122909434                              {pd product} {ergonomic}
    uintx ProfiledCodeHeapSize                     = 122909434                              {pd product} {ergonomic}
    uintx ReservedCodeCacheSize                    = 251658240                              {pd product} {ergonomic}
     bool SegmentedCodeCache                       = true                                      {product} {ergonomic}
     bool ShowCodeDetailsInExceptionMessages       = true                                   {manageable} {command line}
   size_t SoftMaxHeapSize                          = 2061500416                             {manageable} {ergonomic}
     bool UseCompressedClassPointers               = true                           {product lp64_product} {ergonomic}
     bool UseCompressedOops                        = true                           {product lp64_product} {ergonomic}
     bool UseG1GC                                  = true                                      {product} {ergonomic}
     bool UseLargePagesIndividualAllocation        = false                                  {pd product} {ergonomic}

Logging:
Log output configuration:
 #0: stdout all=warning uptime,level,tags
 #1: stderr all=off uptime,level,tags

Environment Variables:
JAVA_HOME=C:\Program Files\Java\jdk-19
PATH=C:/Users/Victus/.p2/pool/plugins/org.eclipse.justj.openjdk.hotspot.jre.full.win32.x86_64_17.0.5.v20221102-0933/jre/bin/server;C:/Users/Victus/.p2/pool/plugins/org.eclipse.justj.openjdk.hotspot.jre.full.win32.x86_64_17.0.5.v20221102-0933/jre/bin;C:\Program Files\Common Files\Oracle\Java\javapath;C:\windows\system32;C:\windows;C:\windows\System32\Wbem;C:\windows\System32\WindowsPowerShell\v1.0\;C:\windows\System32\OpenSSH\;C:\Program Files (x86)\NVIDIA Corporation\PhysX\Common;C:\Program Files\NVIDIA Corporation\NVIDIA NvDLISR;C:\WINDOWS\system32;C:\WINDOWS;C:\WINDOWS\System32\Wbem;C:\WINDOWS\System32\WindowsPowerShell\v1.0\;C:\WINDOWS\System32\OpenSSH\;C:\Program Files\Java\jdk-19\bin;C:\Program Files\Java\jdk-19\bin;C:\Program Files\PowerShell\7\;C:\Users\Victus\AppData\Local\Programs\Python\Python311\Scripts\;C:\Users\Victus\AppData\Local\Programs\Python\Python311\;C:\Users\Victus\AppData\Local\Microsoft\WindowsApps;;C:\Users\Victus\AppData\Local\Programs\Microsoft VS Code\bin;C:\WINDOWS\system32;
USERNAME=Victus
OS=Windows_NT
PROCESSOR_IDENTIFIER=Intel64 Family 6 Model 154 Stepping 3, GenuineIntel
TMP=C:\Users\Victus\AppData\Local\Temp
TEMP=C:\Users\Victus\AppData\Local\Temp



---------------  S Y S T E M  ---------------

OS:
 Windows 11 , 64 bit Build 22621 (10.0.22621.1194)
OS uptime: 0 days 2:02 hours

CPU: total 12 (initial active 12) (6 cores per cpu, 2 threads per core) family 6 model 154 stepping 3 microcode 0x423, cx8, cmov, fxsr, ht, mmx, 3dnowpref, sse, sse2, sse3, ssse3, sse4.1, sse4.2, popcnt, lzcnt, tsc, tscinvbit, avx, avx2, aes, erms, clmul, bmi1, bmi2, adx, sha, fma, vzeroupper, clflush, clflushopt, clwb

Memory: 4k page, system-wide physical 7860M (96M free)
TotalPageFile size 32436M (AvailPageFile size 4M)
current process WorkingSet (physical memory assigned to process): 71M, peak: 75M
current process commit charge ("private bytes"): 225M, peak: 231M

vm_info: OpenJDK 64-Bit Server VM (17.0.5+8) for windows-amd64 JRE (17.0.5+8), built on Oct 19 2022 04:48:13 by "temurin" with MS VC++ 16.7 (VS2019)

END.
