#
# There is insufficient memory for the Java Runtime Environment to continue.
# Native memory allocation (mmap) failed to map 130023424 bytes for G1 virtual space
# Possible reasons:
#   The system is out of physical RAM or swap space
#   The process is running with CompressedOops enabled, and the Java Heap may be blocking the growth of the native heap
# Possible solutions:
#   Reduce memory load on the system
#   Increase physical memory or swap space
#   Check if swap backing store is full
#   Decrease Java heap size (-Xmx/-Xms)
#   Decrease number of Java threads
#   Decrease Java thread stack sizes (-Xss)
#   Set larger code cache with -XX:ReservedCodeCacheSize=
#   JVM is running with Unscaled Compressed Oops mode in which the Java heap is
#     placed in the first 4GB address space. The Java Heap base address is the
#     maximum limit for the native heap growth. Please use -XX:HeapBaseMinAddress
#     to set the Java Heap base and to place the Java Heap above 4GB virtual address.
# This output file may be truncated or incomplete.
#
#  Out of Memory Error (os_windows.cpp:3548), pid=26108, tid=14536
#
# JRE version:  (17.0.5+8) (build )
# Java VM: OpenJDK 64-Bit Server VM (17.0.5+8, mixed mode, sharing, tiered, compressed oops, compressed class ptrs, g1 gc, windows-amd64)
# No core dump will be written. Minidumps are not enabled by default on client versions of Windows
#

---------------  S U M M A R Y ------------

Command Line: -Dfile.encoding=UTF-8 -XX:+ShowCodeDetailsInExceptionMessages views.PrintBill

Host: 12th Gen Intel(R) Core(TM) i5-12450H, 12 cores, 7G,  Windows 11 , 64 bit Build 22621 (10.0.22621.1485)
Time: Wed Apr 19 10:39:25 2023 Pacific Daylight Time elapsed time: 0.013210 seconds (0d 0h 0m 0s)

---------------  T H R E A D  ---------------

Current thread (0x0000012681fd57f0):  JavaThread "Unknown thread" [_thread_in_vm, id=14536, stack(0x0000001b23300000,0x0000001b23400000)]

Stack: [0x0000001b23300000,0x0000001b23400000]
Native frames: (J=compiled Java code, j=interpreted, Vv=VM code, C=native code)
V  [jvm.dll+0x676b3a]
V  [jvm.dll+0x831444]
V  [jvm.dll+0x832bee]
V  [jvm.dll+0x833253]
V  [jvm.dll+0x244ce5]
V  [jvm.dll+0x673a49]
V  [jvm.dll+0x66811a]
V  [jvm.dll+0x303ceb]
V  [jvm.dll+0x30b1e6]
V  [jvm.dll+0x35adbe]
V  [jvm.dll+0x35afef]
V  [jvm.dll+0x2dab88]
V  [jvm.dll+0x2dbaf4]
V  [jvm.dll+0x803121]
V  [jvm.dll+0x368bb1]
V  [jvm.dll+0x7e265c]
V  [jvm.dll+0x3eb17f]
V  [jvm.dll+0x3eccc1]
C  [jli.dll+0x5267]
C  [ucrtbase.dll+0x29363]
C  [KERNEL32.DLL+0x1269d]
C  [ntdll.dll+0x5a9f8]


---------------  P R O C E S S  ---------------

Threads class SMR info:
_java_thread_list=0x00007ffc2c522f18, length=0, elements={
}

Java Threads: ( => current thread )

Other Threads:
  0x00000126820321d0 GCTaskThread "GC Thread#0" [stack: 0x0000001b23400000,0x0000001b23500000] [id=2204]
  0x0000012682042fd0 ConcurrentGCThread "G1 Main Marker" [stack: 0x0000001b23500000,0x0000001b23600000] [id=27372]
  0x0000012682044890 ConcurrentGCThread "G1 Conc#0" [stack: 0x0000001b23600000,0x0000001b23700000] [id=2888]

[error occurred during error reporting (printing all threads), id 0xc0000005, EXCEPTION_ACCESS_VIOLATION (0xc0000005) at pc=0x00007ffc2bcfb617]

VM state: not at safepoint (not fully initialized)

VM Mutex/Monitor currently owned by a thread:  ([mutex/lock_event])
[0x0000012681fd2990] Heap_lock - owner thread: 0x0000012681fd57f0

Heap address: 0x0000000085200000, size: 1966 MB, Compressed Oops mode: 32-bit

CDS archive(s) mapped at: [0x0000000000000000-0x0000000000000000-0x0000000000000000), size 0, SharedBaseAddress: 0x0000000800000000, ArchiveRelocationMode: 0.
Narrow klass base: 0x0000000000000000, Narrow klass shift: 0, Narrow klass range: 0x0

GC Precious Log:
<Empty>

Heap:
 garbage-first heap   total 0K, used 0K [0x0000000085200000, 0x0000000100000000)
  region size 1024K, 0 young (0K), 0 survivors (0K)

[error occurred during error reporting (printing heap information), id 0xc0000005, EXCEPTION_ACCESS_VIOLATION (0xc0000005) at pc=0x00007ffc2c0dfcb9]

GC Heap History (0 events):
No events

Dll operation events (1 events):
Event: 0.009 Loaded shared library C:\Users\Victus\.p2\pool\plugins\org.eclipse.justj.openjdk.hotspot.jre.full.win32.x86_64_17.0.5.v20221102-0933\jre\bin\java.dll

Deoptimization events (0 events):
No events

Classes unloaded (0 events):
No events

Classes redefined (0 events):
No events

Internal exceptions (0 events):
No events

VM Operations (0 events):
No events

Events (0 events):
No events


Dynamic libraries:
0x00007ff66f5f0000 - 0x00007ff66f5fe000 	C:\Users\Victus\.p2\pool\plugins\org.eclipse.justj.openjdk.hotspot.jre.full.win32.x86_64_17.0.5.v20221102-0933\jre\bin\javaw.exe
0x00007ffc7ac70000 - 0x00007ffc7ae84000 	C:\WINDOWS\SYSTEM32\ntdll.dll
0x00007ffc79130000 - 0x00007ffc791f2000 	C:\WINDOWS\System32\KERNEL32.DLL
0x00007ffc78530000 - 0x00007ffc788cc000 	C:\WINDOWS\System32\KERNELBASE.dll
0x00007ffc781d0000 - 0x00007ffc782e1000 	C:\WINDOWS\System32\ucrtbase.dll
0x00007ffc6f690000 - 0x00007ffc6f6a7000 	C:\Users\Victus\.p2\pool\plugins\org.eclipse.justj.openjdk.hotspot.jre.full.win32.x86_64_17.0.5.v20221102-0933\jre\bin\jli.dll
0x00007ffc6f670000 - 0x00007ffc6f689000 	C:\Users\Victus\.p2\pool\plugins\org.eclipse.justj.openjdk.hotspot.jre.full.win32.x86_64_17.0.5.v20221102-0933\jre\bin\VCRUNTIME140.dll
0x00007ffc79250000 - 0x00007ffc793fb000 	C:\WINDOWS\System32\USER32.dll
0x00007ffc78390000 - 0x00007ffc783b6000 	C:\WINDOWS\System32\win32u.dll
0x00007ffc7ab80000 - 0x00007ffc7aba9000 	C:\WINDOWS\System32\GDI32.dll
0x00007ffc58f60000 - 0x00007ffc591ee000 	C:\WINDOWS\WinSxS\amd64_microsoft.windows.common-controls_6595b64144ccf1df_6.0.22621.608_none_a9444ca7c10bb01d\COMCTL32.dll
0x00007ffc780b0000 - 0x00007ffc781c3000 	C:\WINDOWS\System32\gdi32full.dll
0x00007ffc79b60000 - 0x00007ffc79c07000 	C:\WINDOWS\System32\msvcrt.dll
0x00007ffc782f0000 - 0x00007ffc7838a000 	C:\WINDOWS\System32\msvcp_win.dll
0x00007ffc79c10000 - 0x00007ffc79c41000 	C:\WINDOWS\System32\IMM32.DLL
0x00007ffc735f0000 - 0x00007ffc735fc000 	C:\Users\Victus\.p2\pool\plugins\org.eclipse.justj.openjdk.hotspot.jre.full.win32.x86_64_17.0.5.v20221102-0933\jre\bin\vcruntime140_1.dll
0x00007ffc51120000 - 0x00007ffc511b1000 	C:\Users\Victus\.p2\pool\plugins\org.eclipse.justj.openjdk.hotspot.jre.full.win32.x86_64_17.0.5.v20221102-0933\jre\bin\msvcp140.dll
0x00007ffc2ba10000 - 0x00007ffc2c654000 	C:\Users\Victus\.p2\pool\plugins\org.eclipse.justj.openjdk.hotspot.jre.full.win32.x86_64_17.0.5.v20221102-0933\jre\bin\server\jvm.dll
0x00007ffc79a90000 - 0x00007ffc79b3e000 	C:\WINDOWS\System32\ADVAPI32.dll
0x00007ffc7aa70000 - 0x00007ffc7ab14000 	C:\WINDOWS\System32\sechost.dll
0x00007ffc794e0000 - 0x00007ffc795f7000 	C:\WINDOWS\System32\RPCRT4.dll
0x00007ffc664f0000 - 0x00007ffc664fa000 	C:\WINDOWS\SYSTEM32\VERSION.dll
0x00007ffc6f4f0000 - 0x00007ffc6f524000 	C:\WINDOWS\SYSTEM32\WINMM.dll
0x00007ffc12180000 - 0x00007ffc12189000 	C:\WINDOWS\SYSTEM32\WSOCK32.dll
0x00007ffc7a9f0000 - 0x00007ffc7aa61000 	C:\WINDOWS\System32\WS2_32.dll
0x00007ffc771f0000 - 0x00007ffc77208000 	C:\WINDOWS\SYSTEM32\kernel.appcore.dll
0x00007ffc73600000 - 0x00007ffc7360a000 	C:\Users\Victus\.p2\pool\plugins\org.eclipse.justj.openjdk.hotspot.jre.full.win32.x86_64_17.0.5.v20221102-0933\jre\bin\jimage.dll
0x00007ffc759d0000 - 0x00007ffc75bfe000 	C:\WINDOWS\SYSTEM32\DBGHELP.DLL
0x00007ffc78da0000 - 0x00007ffc79129000 	C:\WINDOWS\System32\combase.dll
0x00007ffc78b80000 - 0x00007ffc78c57000 	C:\WINDOWS\System32\OLEAUT32.dll
0x00007ffc67b10000 - 0x00007ffc67b42000 	C:\WINDOWS\SYSTEM32\dbgcore.DLL
0x00007ffc78990000 - 0x00007ffc78a0b000 	C:\WINDOWS\System32\bcryptPrimitives.dll
0x00007ffc70af0000 - 0x00007ffc70b15000 	C:\Users\Victus\.p2\pool\plugins\org.eclipse.justj.openjdk.hotspot.jre.full.win32.x86_64_17.0.5.v20221102-0933\jre\bin\java.dll

dbghelp: loaded successfully - version: 4.0.5 - missing functions: none
symbol engine: initialized successfully - sym options: 0x614 - pdb path: .;C:\Users\Victus\.p2\pool\plugins\org.eclipse.justj.openjdk.hotspot.jre.full.win32.x86_64_17.0.5.v20221102-0933\jre\bin;C:\WINDOWS\SYSTEM32;C:\WINDOWS\WinSxS\amd64_microsoft.windows.common-controls_6595b64144ccf1df_6.0.22621.608_none_a9444ca7c10bb01d;C:\Users\Victus\.p2\pool\plugins\org.eclipse.justj.openjdk.hotspot.jre.full.win32.x86_64_17.0.5.v20221102-0933\jre\bin\server

VM Arguments:
jvm_args: -Dfile.encoding=UTF-8 -XX:+ShowCodeDetailsInExceptionMessages 
java_command: views.PrintBill
java_class_path (initial): C:\Users\Victus\eclipse-workspace\Final_Assignment\bin;C:\Users\Victus\Downloads\jcalendar-1.4\lib\jcalendar-1.4.jar;C:\Users\Victus\eclipse-workspace\Final_Assignment\libs\mysql-connector-j-8.0.32\mysql-connector-j-8.0.32.jar
Launcher Type: SUN_STANDARD

[Global flags]
     intx CICompilerCount                          = 4                                         {product} {ergonomic}
     uint ConcGCThreads                            = 3                                         {product} {ergonomic}
     uint G1ConcRefinementThreads                  = 10                                        {product} {ergonomic}
   size_t G1HeapRegionSize                         = 1048576                                   {product} {ergonomic}
    uintx GCDrainStackTargetSize                   = 64                                        {product} {ergonomic}
   size_t InitialHeapSize                          = 130023424                                 {product} {ergonomic}
   size_t MarkStackSize                            = 4194304                                   {product} {ergonomic}
   size_t MaxHeapSize                              = 2061500416                                {product} {ergonomic}
   size_t MinHeapDeltaBytes                        = 1048576                                   {product} {ergonomic}
   size_t MinHeapSize                              = 8388608                                   {product} {ergonomic}
    uintx NonNMethodCodeHeapSize                   = 5839372                                {pd product} {ergonomic}
    uintx NonProfiledCodeHeapSize                  = 122909434                              {pd product} {ergonomic}
    uintx ProfiledCodeHeapSize                     = 122909434                              {pd product} {ergonomic}
    uintx ReservedCodeCacheSize                    = 251658240                              {pd product} {ergonomic}
     bool SegmentedCodeCache                       = true                                      {product} {ergonomic}
     bool ShowCodeDetailsInExceptionMessages       = true                                   {manageable} {command line}
   size_t SoftMaxHeapSize                          = 2061500416                             {manageable} {ergonomic}
     bool UseCompressedClassPointers               = true                           {product lp64_product} {ergonomic}
     bool UseCompressedOops                        = true                           {product lp64_product} {ergonomic}
     bool UseG1GC                                  = true                                      {product} {ergonomic}
     bool UseLargePagesIndividualAllocation        = false                                  {pd product} {ergonomic}

Logging:
Log output configuration:
 #0: stdout all=warning uptime,level,tags
 #1: stderr all=off uptime,level,tags

Environment Variables:
JAVA_HOME=C:\Program Files\Java\jdk-19
PATH=C:/Users/Victus/.p2/pool/plugins/org.eclipse.justj.openjdk.hotspot.jre.full.win32.x86_64_17.0.5.v20221102-0933/jre/bin/server;C:/Users/Victus/.p2/pool/plugins/org.eclipse.justj.openjdk.hotspot.jre.full.win32.x86_64_17.0.5.v20221102-0933/jre/bin;C:\Program Files\Common Files\Oracle\Java\javapath;C:\windows\system32;C:\windows;C:\windows\System32\Wbem;C:\windows\System32\WindowsPowerShell\v1.0\;C:\windows\System32\OpenSSH\;C:\Program Files (x86)\NVIDIA Corporation\PhysX\Common;C:\Program Files\NVIDIA Corporation\NVIDIA NvDLISR;C:\WINDOWS\system32;C:\WINDOWS;C:\WINDOWS\System32\Wbem;C:\WINDOWS\System32\WindowsPowerShell\v1.0\;C:\WINDOWS\System32\OpenSSH\;C:\Program Files\Java\jdk-19\bin;C:\Program Files\Java\jdk-19\bin;C:\Program Files\PowerShell\7\;C:\Users\Victus\AppData\Local\Programs\Python\Python311\Scripts\;C:\Users\Victus\AppData\Local\Programs\Python\Python311\;C:\Users\Victus\AppData\Local\Microsoft\WindowsApps;;C:\Users\Victus\AppData\Local\Programs\Microsoft VS Code\bin;C:\WINDOWS\system32;
USERNAME=Victus
OS=Windows_NT
PROCESSOR_IDENTIFIER=Intel64 Family 6 Model 154 Stepping 3, GenuineIntel
TMP=C:\Users\Victus\AppData\Local\Temp
TEMP=C:\Users\Victus\AppData\Local\Temp



---------------  S Y S T E M  ---------------

OS:
 Windows 11 , 64 bit Build 22621 (10.0.22621.1485)
OS uptime: 0 days 3:40 hours

CPU: total 12 (initial active 12) (6 cores per cpu, 2 threads per core) family 6 model 154 stepping 3 microcode 0x423, cx8, cmov, fxsr, ht, mmx, 3dnowpref, sse, sse2, sse3, ssse3, sse4.1, sse4.2, popcnt, lzcnt, tsc, tscinvbit, avx, avx2, aes, erms, clmul, bmi1, bmi2, adx, sha, fma, vzeroupper, clflush, clflushopt, clwb

Memory: 4k page, system-wide physical 7860M (381M free)
TotalPageFile size 32436M (AvailPageFile size 44M)
current process WorkingSet (physical memory assigned to process): 11M, peak: 11M
current process commit charge ("private bytes"): 64M, peak: 188M

vm_info: OpenJDK 64-Bit Server VM (17.0.5+8) for windows-amd64 JRE (17.0.5+8), built on Oct 19 2022 04:48:13 by "temurin" with MS VC++ 16.7 (VS2019)

END.
