#
# There is insufficient memory for the Java Runtime Environment to continue.
# Native memory allocation (malloc) failed to allocate 1048576 bytes for AllocateHeap
# Possible reasons:
#   The system is out of physical RAM or swap space
#   The process is running with CompressedOops enabled, and the Java Heap may be blocking the growth of the native heap
# Possible solutions:
#   Reduce memory load on the system
#   Increase physical memory or swap space
#   Check if swap backing store is full
#   Decrease Java heap size (-Xmx/-Xms)
#   Decrease number of Java threads
#   Decrease Java thread stack sizes (-Xss)
#   Set larger code cache with -XX:ReservedCodeCacheSize=
#   JVM is running with Unscaled Compressed Oops mode in which the Java heap is
#     placed in the first 4GB address space. The Java Heap base address is the
#     maximum limit for the native heap growth. Please use -XX:HeapBaseMinAddress
#     to set the Java Heap base and to place the Java Heap above 4GB virtual address.
# This output file may be truncated or incomplete.
#
#  Out of Memory Error (allocation.cpp:44), pid=11160, tid=24672
#
# JRE version:  (17.0.5+8) (build )
# Java VM: OpenJDK 64-Bit Server VM (17.0.5+8, mixed mode, sharing, tiered, compressed oops, compressed class ptrs, g1 gc, windows-amd64)
# No core dump will be written. Minidumps are not enabled by default on client versions of Windows
#

---------------  S U M M A R Y ------------

Command Line: -Dfile.encoding=UTF-8 -XX:+ShowCodeDetailsInExceptionMessages GUI.frontPage

Host: 12th Gen Intel(R) Core(TM) i5-12450H, 12 cores, 7G,  Windows 11 , 64 bit Build 22621 (10.0.22621.1194)
Time: Sun Mar  5 23:26:56 2023 Pacific Standard Time elapsed time: 0.009810 seconds (0d 0h 0m 0s)

---------------  T H R E A D  ---------------

Current thread (0x00000236e27a7280):  JavaThread "Unknown thread" [_thread_in_vm, id=24672, stack(0x0000006a4b700000,0x0000006a4b800000)]

Stack: [0x0000006a4b700000,0x0000006a4b800000]
Native frames: (J=compiled Java code, j=interpreted, Vv=VM code, C=native code)
V  [jvm.dll+0x676b3a]
V  [jvm.dll+0x831444]
V  [jvm.dll+0x832bee]
V  [jvm.dll+0x833253]
V  [jvm.dll+0x244ce5]
V  [jvm.dll+0xa631f]
V  [jvm.dll+0x2e3c67]
V  [jvm.dll+0x2dbacb]
V  [jvm.dll+0x803121]
V  [jvm.dll+0x368bb1]
V  [jvm.dll+0x7e265c]
V  [jvm.dll+0x3eb17f]
V  [jvm.dll+0x3eccc1]
C  [jli.dll+0x5267]
C  [ucrtbase.dll+0x29363]
C  [KERNEL32.DLL+0x126bd]
C  [ntdll.dll+0x5dfb8]


---------------  P R O C E S S  ---------------

Threads class SMR info:
_java_thread_list=0x00007fff27642f18, length=0, elements={
}

Java Threads: ( => current thread )

Other Threads:
  0x00000236e2803c60 GCTaskThread "GC Thread#0" [stack: 0x0000006a4b800000,0x0000006a4b900000] [id=14644]

[error occurred during error reporting (printing all threads), id 0xc0000005, EXCEPTION_ACCESS_VIOLATION (0xc0000005) at pc=0x00007fff26e18bf0]

VM state: not at safepoint (not fully initialized)

VM Mutex/Monitor currently owned by a thread:  ([mutex/lock_event])
[0x00000236e27a45d0] Heap_lock - owner thread: 0x00000236e27a7280

Heap address: 0x0000000085200000, size: 1966 MB, Compressed Oops mode: 32-bit

CDS archive(s) mapped at: [0x0000000000000000-0x0000000000000000-0x0000000000000000), size 0, SharedBaseAddress: 0x0000000800000000, ArchiveRelocationMode: 0.
Narrow klass base: 0x0000000000000000, Narrow klass shift: 0, Narrow klass range: 0x0

GC Precious Log:
<Empty>

Heap:
 garbage-first heap   total 0K, used 0K [0x0000000085200000, 0x0000000100000000)
  region size 1024K, 0 young (0K), 0 survivors (0K)

[error occurred during error reporting (printing heap information), id 0xc0000005, EXCEPTION_ACCESS_VIOLATION (0xc0000005) at pc=0x00007fff271ffcb9]

GC Heap History (0 events):
No events

Dll operation events (1 events):
Event: 0.006 Loaded shared library C:\Users\Victus\.p2\pool\plugins\org.eclipse.justj.openjdk.hotspot.jre.full.win32.x86_64_17.0.5.v20221102-0933\jre\bin\java.dll

Deoptimization events (0 events):
No events

Classes unloaded (0 events):
No events

Classes redefined (0 events):
No events

Internal exceptions (0 events):
No events

VM Operations (0 events):
No events

Events (0 events):
No events


Dynamic libraries:
0x00007ff797000000 - 0x00007ff79700e000 	C:\Users\Victus\.p2\pool\plugins\org.eclipse.justj.openjdk.hotspot.jre.full.win32.x86_64_17.0.5.v20221102-0933\jre\bin\javaw.exe
0x00007fffb1990000 - 0x00007fffb1ba4000 	C:\WINDOWS\SYSTEM32\ntdll.dll
0x00007fffb1180000 - 0x00007fffb1243000 	C:\WINDOWS\System32\KERNEL32.DLL
0x00007fffaee70000 - 0x00007fffaf20c000 	C:\WINDOWS\System32\KERNELBASE.dll
0x00007fffaf510000 - 0x00007fffaf621000 	C:\WINDOWS\System32\ucrtbase.dll
0x00007fff29570000 - 0x00007fff29587000 	C:\Users\Victus\.p2\pool\plugins\org.eclipse.justj.openjdk.hotspot.jre.full.win32.x86_64_17.0.5.v20221102-0933\jre\bin\jli.dll
0x00007fff2b3a0000 - 0x00007fff2b3b9000 	C:\Users\Victus\.p2\pool\plugins\org.eclipse.justj.openjdk.hotspot.jre.full.win32.x86_64_17.0.5.v20221102-0933\jre\bin\VCRUNTIME140.dll
0x00007fffb0fc0000 - 0x00007fffb116d000 	C:\WINDOWS\System32\USER32.dll
0x00007fffaf6f0000 - 0x00007fffaf716000 	C:\WINDOWS\System32\win32u.dll
0x00007fffb0f80000 - 0x00007fffb0fa9000 	C:\WINDOWS\System32\GDI32.dll
0x00007fff908f0000 - 0x00007fff90b7e000 	C:\WINDOWS\WinSxS\amd64_microsoft.windows.common-controls_6595b64144ccf1df_6.0.22621.608_none_a9444ca7c10bb01d\COMCTL32.dll
0x00007fffb0650000 - 0x00007fffb06f7000 	C:\WINDOWS\System32\msvcrt.dll
0x00007fffaf3f0000 - 0x00007fffaf502000 	C:\WINDOWS\System32\gdi32full.dll
0x00007fffaedd0000 - 0x00007fffaee6a000 	C:\WINDOWS\System32\msvcp_win.dll
0x00007fffb0610000 - 0x00007fffb0642000 	C:\WINDOWS\System32\IMM32.DLL
0x00007fff55830000 - 0x00007fff5583c000 	C:\Users\Victus\.p2\pool\plugins\org.eclipse.justj.openjdk.hotspot.jre.full.win32.x86_64_17.0.5.v20221102-0933\jre\bin\vcruntime140_1.dll
0x00007fff294d0000 - 0x00007fff29561000 	C:\Users\Victus\.p2\pool\plugins\org.eclipse.justj.openjdk.hotspot.jre.full.win32.x86_64_17.0.5.v20221102-0933\jre\bin\msvcp140.dll
0x00007fff26b30000 - 0x00007fff27774000 	C:\Users\Victus\.p2\pool\plugins\org.eclipse.justj.openjdk.hotspot.jre.full.win32.x86_64_17.0.5.v20221102-0933\jre\bin\server\jvm.dll
0x00007fffb0510000 - 0x00007fffb05be000 	C:\WINDOWS\System32\ADVAPI32.dll
0x00007fffb1250000 - 0x00007fffb12f4000 	C:\WINDOWS\System32\sechost.dll
0x00007fffb0b90000 - 0x00007fffb0ca5000 	C:\WINDOWS\System32\RPCRT4.dll
0x00007fffa63b0000 - 0x00007fffa63e4000 	C:\WINDOWS\SYSTEM32\WINMM.dll
0x00007fffa0f30000 - 0x00007fffa0f3a000 	C:\WINDOWS\SYSTEM32\VERSION.dll
0x00007fff77b30000 - 0x00007fff77b39000 	C:\WINDOWS\SYSTEM32\WSOCK32.dll
0x00007fffb0d40000 - 0x00007fffb0db1000 	C:\WINDOWS\System32\WS2_32.dll
0x00007fffadf10000 - 0x00007fffadf28000 	C:\WINDOWS\SYSTEM32\kernel.appcore.dll
0x00007fff9cae0000 - 0x00007fff9caea000 	C:\Users\Victus\.p2\pool\plugins\org.eclipse.justj.openjdk.hotspot.jre.full.win32.x86_64_17.0.5.v20221102-0933\jre\bin\jimage.dll
0x00007fffac700000 - 0x00007fffac92e000 	C:\WINDOWS\SYSTEM32\DBGHELP.DLL
0x00007fffb14e0000 - 0x00007fffb186a000 	C:\WINDOWS\System32\combase.dll
0x00007fffb1870000 - 0x00007fffb1947000 	C:\WINDOWS\System32\OLEAUT32.dll
0x00007fff9e280000 - 0x00007fff9e2b2000 	C:\WINDOWS\SYSTEM32\dbgcore.DLL
0x00007fffaf720000 - 0x00007fffaf79b000 	C:\WINDOWS\System32\bcryptPrimitives.dll
0x00007fff2c750000 - 0x00007fff2c775000 	C:\Users\Victus\.p2\pool\plugins\org.eclipse.justj.openjdk.hotspot.jre.full.win32.x86_64_17.0.5.v20221102-0933\jre\bin\java.dll

dbghelp: loaded successfully - version: 4.0.5 - missing functions: none
symbol engine: initialized successfully - sym options: 0x614 - pdb path: .;C:\Users\Victus\.p2\pool\plugins\org.eclipse.justj.openjdk.hotspot.jre.full.win32.x86_64_17.0.5.v20221102-0933\jre\bin;C:\WINDOWS\SYSTEM32;C:\WINDOWS\WinSxS\amd64_microsoft.windows.common-controls_6595b64144ccf1df_6.0.22621.608_none_a9444ca7c10bb01d;C:\Users\Victus\.p2\pool\plugins\org.eclipse.justj.openjdk.hotspot.jre.full.win32.x86_64_17.0.5.v20221102-0933\jre\bin\server

VM Arguments:
jvm_args: -Dfile.encoding=UTF-8 -XX:+ShowCodeDetailsInExceptionMessages 
java_command: GUI.frontPage
java_class_path (initial): C:\Users\Victus\eclipse-workspace\Final_Assignment\bin
Launcher Type: SUN_STANDARD

[Global flags]
     intx CICompilerCount                          = 4                                         {product} {ergonomic}
     uint ConcGCThreads                            = 3                                         {product} {ergonomic}
     uint G1ConcRefinementThreads                  = 10                                        {product} {ergonomic}
   size_t G1HeapRegionSize                         = 1048576                                   {product} {ergonomic}
    uintx GCDrainStackTargetSize                   = 64                                        {product} {ergonomic}
   size_t InitialHeapSize                          = 130023424                                 {product} {ergonomic}
   size_t MarkStackSize                            = 4194304                                   {product} {ergonomic}
   size_t MaxHeapSize                              = 2061500416                                {product} {ergonomic}
   size_t MinHeapDeltaBytes                        = 1048576                                   {product} {ergonomic}
   size_t MinHeapSize                              = 8388608                                   {product} {ergonomic}
    uintx NonNMethodCodeHeapSize                   = 5839372                                {pd product} {ergonomic}
    uintx NonProfiledCodeHeapSize                  = 122909434                              {pd product} {ergonomic}
    uintx ProfiledCodeHeapSize                     = 122909434                              {pd product} {ergonomic}
    uintx ReservedCodeCacheSize                    = 251658240                              {pd product} {ergonomic}
     bool SegmentedCodeCache                       = true                                      {product} {ergonomic}
     bool ShowCodeDetailsInExceptionMessages       = true                                   {manageable} {command line}
   size_t SoftMaxHeapSize                          = 2061500416                             {manageable} {ergonomic}
     bool UseCompressedClassPointers               = true                           {product lp64_product} {ergonomic}
     bool UseCompressedOops                        = true                           {product lp64_product} {ergonomic}
     bool UseG1GC                                  = true                                      {product} {ergonomic}
     bool UseLargePagesIndividualAllocation        = false                                  {pd product} {ergonomic}

Logging:
Log output configuration:
 #0: stdout all=warning uptime,level,tags
 #1: stderr all=off uptime,level,tags

Environment Variables:
JAVA_HOME=C:\Program Files\Java\jdk-19
PATH=C:/Users/Victus/.p2/pool/plugins/org.eclipse.justj.openjdk.hotspot.jre.full.win32.x86_64_17.0.5.v20221102-0933/jre/bin/server;C:/Users/Victus/.p2/pool/plugins/org.eclipse.justj.openjdk.hotspot.jre.full.win32.x86_64_17.0.5.v20221102-0933/jre/bin;C:\Program Files\Common Files\Oracle\Java\javapath;C:\windows\system32;C:\windows;C:\windows\System32\Wbem;C:\windows\System32\WindowsPowerShell\v1.0\;C:\windows\System32\OpenSSH\;C:\Program Files (x86)\NVIDIA Corporation\PhysX\Common;C:\Program Files\NVIDIA Corporation\NVIDIA NvDLISR;C:\WINDOWS\system32;C:\WINDOWS;C:\WINDOWS\System32\Wbem;C:\WINDOWS\System32\WindowsPowerShell\v1.0\;C:\WINDOWS\System32\OpenSSH\;C:\Program Files\Java\jdk-19\bin;C:\Program Files\Java\jdk-19\bin;C:\Program Files\PowerShell\7\;C:\Users\Victus\AppData\Local\Programs\Python\Python311\Scripts\;C:\Users\Victus\AppData\Local\Programs\Python\Python311\;C:\Users\Victus\AppData\Local\Microsoft\WindowsApps;;C:\Users\Victus\AppData\Local\Programs\Microsoft VS Code\bin;C:\WINDOWS\System32;
USERNAME=Victus
OS=Windows_NT
PROCESSOR_IDENTIFIER=Intel64 Family 6 Model 154 Stepping 3, GenuineIntel
TMP=C:\Users\Victus\AppData\Local\Temp
TEMP=C:\Users\Victus\AppData\Local\Temp



---------------  S Y S T E M  ---------------

OS:
 Windows 11 , 64 bit Build 22621 (10.0.22621.1194)
OS uptime: 0 days 5:32 hours

CPU: total 12 (initial active 12) (6 cores per cpu, 2 threads per core) family 6 model 154 stepping 3 microcode 0x423, cx8, cmov, fxsr, ht, mmx, 3dnowpref, sse, sse2, sse3, ssse3, sse4.1, sse4.2, popcnt, lzcnt, tsc, tscinvbit, avx, avx2, aes, erms, clmul, bmi1, bmi2, adx, sha, fma, vzeroupper, clflush, clflushopt, clwb

Memory: 4k page, system-wide physical 7860M (264M free)
TotalPageFile size 32436M (AvailPageFile size 5M)
current process WorkingSet (physical memory assigned to process): 10M, peak: 10M
current process commit charge ("private bytes"): 56M, peak: 57M

vm_info: OpenJDK 64-Bit Server VM (17.0.5+8) for windows-amd64 JRE (17.0.5+8), built on Oct 19 2022 04:48:13 by "temurin" with MS VC++ 16.7 (VS2019)

END.
