#
# There is insufficient memory for the Java Runtime Environment to continue.
# Native memory allocation (malloc) failed to allocate 1506224 bytes for Chunk::new
# Possible reasons:
#   The system is out of physical RAM or swap space
#   The process is running with CompressedOops enabled, and the Java Heap may be blocking the growth of the native heap
# Possible solutions:
#   Reduce memory load on the system
#   Increase physical memory or swap space
#   Check if swap backing store is full
#   Decrease Java heap size (-Xmx/-Xms)
#   Decrease number of Java threads
#   Decrease Java thread stack sizes (-Xss)
#   Set larger code cache with -XX:ReservedCodeCacheSize=
#   JVM is running with Unscaled Compressed Oops mode in which the Java heap is
#     placed in the first 4GB address space. The Java Heap base address is the
#     maximum limit for the native heap growth. Please use -XX:HeapBaseMinAddress
#     to set the Java Heap base and to place the Java Heap above 4GB virtual address.
# This output file may be truncated or incomplete.
#
#  Out of Memory Error (arena.cpp:189), pid=12372, tid=28920
#
# JRE version: OpenJDK Runtime Environment Temurin-17.0.5+8 (17.0.5+8) (build 17.0.5+8)
# Java VM: OpenJDK 64-Bit Server VM Temurin-17.0.5+8 (17.0.5+8, mixed mode, tiered, compressed oops, compressed class ptrs, g1 gc, windows-amd64)
# No core dump will be written. Minidumps are not enabled by default on client versions of Windows
#

---------------  S U M M A R Y ------------

Command Line: -Dfile.encoding=UTF-8 -XX:+ShowCodeDetailsInExceptionMessages views.MainPage

Host: 12th Gen Intel(R) Core(TM) i5-12450H, 12 cores, 7G,  Windows 11 , 64 bit Build 22621 (10.0.22621.1344)
Time: Fri Mar 31 09:42:05 2023 Pacific Daylight Time elapsed time: 12.937678 seconds (0d 0h 0m 12s)

---------------  T H R E A D  ---------------

Current thread (0x00000212ff93a950):  JavaThread "C2 CompilerThread2" daemon [_thread_in_native, id=28920, stack(0x000000d4c4600000,0x000000d4c4700000)]


Current CompileTask:
C2:  12937 2875   !   4       sun.awt.PostEventQueue::flush (168 bytes)

Stack: [0x000000d4c4600000,0x000000d4c4700000]
Native frames: (J=compiled Java code, j=interpreted, Vv=VM code, C=native code)
V  [jvm.dll+0x676b3a]
V  [jvm.dll+0x831444]
V  [jvm.dll+0x832bee]
V  [jvm.dll+0x833253]
V  [jvm.dll+0x244ce5]
V  [jvm.dll+0xabbac]
V  [jvm.dll+0xac17c]
V  [jvm.dll+0x362d57]
V  [jvm.dll+0x1bb498]
V  [jvm.dll+0x217ca9]
V  [jvm.dll+0x216f71]
V  [jvm.dll+0x1a343d]
V  [jvm.dll+0x22698a]
V  [jvm.dll+0x224ac5]
V  [jvm.dll+0x7e727b]
V  [jvm.dll+0x7e17ea]
V  [jvm.dll+0x6759e5]
C  [ucrtbase.dll+0x29363]
C  [KERNEL32.DLL+0x126bd]
C  [ntdll.dll+0x5a9f8]


---------------  P R O C E S S  ---------------

Threads class SMR info:
_java_thread_list=0x00000212fd8a07c0, length=21, elements={
0x00000212fd03d030, 0x00000212fd03d8f0, 0x00000212fd05ec20, 0x00000212fd05f4e0,
0x00000212fd05fe90, 0x00000212fd060840, 0x00000212fd06ec50, 0x00000212fd06ff00,
0x00000212fd072800, 0x00000212fd1cdc00, 0x00000212fd1da7a0, 0x00000212fd4b1640,
0x00000212fd4b1f20, 0x00000212fd4b23f0, 0x00000212fd8cdf20, 0x00000212ef10bf80,
0x00000212ff265ce0, 0x00000212ff2691d0, 0x00000212ff2679c0, 0x00000212ffdf8a80,
0x00000212ff93a950
}

Java Threads: ( => current thread )
  0x00000212fd03d030 JavaThread "Reference Handler" daemon [_thread_blocked, id=3380, stack(0x000000d4c2400000,0x000000d4c2500000)]
  0x00000212fd03d8f0 JavaThread "Finalizer" daemon [_thread_blocked, id=5084, stack(0x000000d4c2500000,0x000000d4c2600000)]
  0x00000212fd05ec20 JavaThread "Signal Dispatcher" daemon [_thread_blocked, id=29280, stack(0x000000d4c2600000,0x000000d4c2700000)]
  0x00000212fd05f4e0 JavaThread "Attach Listener" daemon [_thread_blocked, id=27484, stack(0x000000d4c2700000,0x000000d4c2800000)]
  0x00000212fd05fe90 JavaThread "Service Thread" daemon [_thread_blocked, id=27232, stack(0x000000d4c2800000,0x000000d4c2900000)]
  0x00000212fd060840 JavaThread "Monitor Deflation Thread" daemon [_thread_blocked, id=19192, stack(0x000000d4c2900000,0x000000d4c2a00000)]
  0x00000212fd06ec50 JavaThread "C2 CompilerThread0" daemon [_thread_blocked, id=18004, stack(0x000000d4c2a00000,0x000000d4c2b00000)]
  0x00000212fd06ff00 JavaThread "C1 CompilerThread0" daemon [_thread_blocked, id=28264, stack(0x000000d4c2b00000,0x000000d4c2c00000)]
  0x00000212fd072800 JavaThread "Sweeper thread" daemon [_thread_blocked, id=28552, stack(0x000000d4c2c00000,0x000000d4c2d00000)]
  0x00000212fd1cdc00 JavaThread "Notification Thread" daemon [_thread_blocked, id=23956, stack(0x000000d4c2d00000,0x000000d4c2e00000)]
  0x00000212fd1da7a0 JavaThread "Common-Cleaner" daemon [_thread_blocked, id=21104, stack(0x000000d4c2f00000,0x000000d4c3000000)]
  0x00000212fd4b1640 JavaThread "Java2D Disposer" daemon [_thread_blocked, id=30368, stack(0x000000d4c3000000,0x000000d4c3100000)]
  0x00000212fd4b1f20 JavaThread "AWT-Shutdown" [_thread_blocked, id=27112, stack(0x000000d4c3100000,0x000000d4c3200000)]
  0x00000212fd4b23f0 JavaThread "AWT-Windows" daemon [_thread_in_native, id=17760, stack(0x000000d4c3200000,0x000000d4c3300000)]
  0x00000212fd8cdf20 JavaThread "AWT-EventQueue-0" [_thread_blocked, id=22280, stack(0x000000d4c3400000,0x000000d4c3500000)]
  0x00000212ef10bf80 JavaThread "DestroyJavaVM" [_thread_blocked, id=14128, stack(0x000000d4c1d00000,0x000000d4c1e00000)]
  0x00000212ff265ce0 JavaThread "TimerQueue" daemon [_thread_blocked, id=26224, stack(0x000000d4c3500000,0x000000d4c3600000)]
  0x00000212ff2691d0 JavaThread "mysql-cj-abandoned-connection-cleanup" daemon [_thread_blocked, id=18600, stack(0x000000d4c3300000,0x000000d4c3400000)]
  0x00000212ff2679c0 JavaThread "Image Fetcher 0" daemon [_thread_blocked, id=16116, stack(0x000000d4c4500000,0x000000d4c4600000)]
  0x00000212ffdf8a80 JavaThread "C2 CompilerThread1" daemon [_thread_blocked, id=20248, stack(0x000000d4c3f00000,0x000000d4c4000000)]
=>0x00000212ff93a950 JavaThread "C2 CompilerThread2" daemon [_thread_in_native, id=28920, stack(0x000000d4c4600000,0x000000d4c4700000)]

Other Threads:
  0x00000212fbf35930 VMThread "VM Thread" [stack: 0x000000d4c2300000,0x000000d4c2400000] [id=5592]
  0x00000212fd1ce0d0 WatcherThread [stack: 0x000000d4c2e00000,0x000000d4c2f00000] [id=9744]
  0x00000212f1423670 GCTaskThread "GC Thread#0" [stack: 0x000000d4c1e00000,0x000000d4c1f00000] [id=25200]
  0x00000212ffcdfac0 GCTaskThread "GC Thread#1" [stack: 0x000000d4c3900000,0x000000d4c3a00000] [id=13988]
  0x00000212ffcdc710 GCTaskThread "GC Thread#2" [stack: 0x000000d4c3a00000,0x000000d4c3b00000] [id=8256]
  0x00000212ff258870 GCTaskThread "GC Thread#3" [stack: 0x000000d4c3b00000,0x000000d4c3c00000] [id=16748]
  0x00000212fd8656a0 GCTaskThread "GC Thread#4" [stack: 0x000000d4c3c00000,0x000000d4c3d00000] [id=23856]
  0x00000212ffcfda50 GCTaskThread "GC Thread#5" [stack: 0x000000d4c3d00000,0x000000d4c3e00000] [id=10444]
  0x00000212ffcfed20 GCTaskThread "GC Thread#6" [stack: 0x000000d4c3e00000,0x000000d4c3f00000] [id=9948]
  0x00000212ffcfe510 GCTaskThread "GC Thread#7" [stack: 0x000000d4c4000000,0x000000d4c4100000] [id=19940]
  0x00000212ffcfd7a0 GCTaskThread "GC Thread#8" [stack: 0x000000d4c4100000,0x000000d4c4200000] [id=29252]
  0x00000212ffcfdd00 GCTaskThread "GC Thread#9" [stack: 0x000000d4c4200000,0x000000d4c4300000] [id=26212]
  0x00000212f1435a80 ConcurrentGCThread "G1 Main Marker" [stack: 0x000000d4c1f00000,0x000000d4c2000000] [id=25368]
  0x00000212f1436390 ConcurrentGCThread "G1 Conc#0" [stack: 0x000000d4c2000000,0x000000d4c2100000] [id=2424]
  0x00000212ffcfdfb0 ConcurrentGCThread "G1 Conc#1" [stack: 0x000000d4c4300000,0x000000d4c4400000] [id=30232]
  0x00000212ffcfe260 ConcurrentGCThread "G1 Conc#2" [stack: 0x000000d4c4400000,0x000000d4c4500000] [id=13536]
  0x00000212fbd95fb0 ConcurrentGCThread "G1 Refine#0" [stack: 0x000000d4c2100000,0x000000d4c2200000] [id=26140]
  0x00000212fbd96680 ConcurrentGCThread "G1 Service" [stack: 0x000000d4c2200000,0x000000d4c2300000] [id=28596]

Threads with active compile tasks:
C2 CompilerThread2    12948 2875   !   4       sun.awt.PostEventQueue::flush (168 bytes)

VM state: not at safepoint (normal execution)

VM Mutex/Monitor currently owned by a thread: None

Heap address: 0x0000000085200000, size: 1966 MB, Compressed Oops mode: 32-bit

CDS archive(s) not mapped
Compressed class space mapped at: 0x0000000100000000-0x0000000140000000, reserved size: 1073741824
Narrow klass base: 0x0000000000000000, Narrow klass shift: 3, Narrow klass range: 0x140000000

GC Precious Log:
 CPUs: 12 total, 12 available
 Memory: 7860M
 Large Page Support: Disabled
 NUMA Support: Disabled
 Compressed Oops: Enabled (32-bit)
 Heap Region Size: 1M
 Heap Min Capacity: 8M
 Heap Initial Capacity: 124M
 Heap Max Capacity: 1966M
 Pre-touch: Disabled
 Parallel Workers: 10
 Concurrent Workers: 3
 Concurrent Refinement Workers: 10
 Periodic GC: Disabled

Heap:
 garbage-first heap   total 75776K, used 47297K [0x0000000085200000, 0x0000000100000000)
  region size 1024K, 23 young (23552K), 3 survivors (3072K)
 Metaspace       used 28355K, committed 28544K, reserved 1081344K
  class space    used 2997K, committed 3072K, reserved 1048576K

Heap Regions: E=young(eden), S=young(survivor), O=old, HS=humongous(starts), HC=humongous(continues), CS=collection set, F=free, OA=open archive, CA=closed archive, TAMS=top-at-mark-start (previous, next)
|   0|0x0000000085200000, 0x0000000085300000, 0x0000000085300000|100%|HS|  |TAMS 0x0000000085300000, 0x0000000085200000| Complete 
|   1|0x0000000085300000, 0x0000000085400000, 0x0000000085400000|100%|HC|  |TAMS 0x0000000085400000, 0x0000000085300000| Complete 
|   2|0x0000000085400000, 0x0000000085500000, 0x0000000085500000|100%|HC|  |TAMS 0x0000000085500000, 0x0000000085400000| Complete 
|   3|0x0000000085500000, 0x0000000085600000, 0x0000000085600000|100%|HC|  |TAMS 0x0000000085600000, 0x0000000085500000| Complete 
|   4|0x0000000085600000, 0x0000000085700000, 0x0000000085700000|100%|HC|  |TAMS 0x0000000085700000, 0x0000000085600000| Complete 
|   5|0x0000000085700000, 0x0000000085800000, 0x0000000085800000|100%|HC|  |TAMS 0x0000000085800000, 0x0000000085700000| Complete 
|   6|0x0000000085800000, 0x0000000085900000, 0x0000000085900000|100%|HS|  |TAMS 0x0000000085900000, 0x0000000085800000| Complete 
|   7|0x0000000085900000, 0x0000000085a00000, 0x0000000085a00000|100%|HC|  |TAMS 0x0000000085a00000, 0x0000000085900000| Complete 
|   8|0x0000000085a00000, 0x0000000085b00000, 0x0000000085b00000|100%|HC|  |TAMS 0x0000000085b00000, 0x0000000085a00000| Complete 
|   9|0x0000000085b00000, 0x0000000085c00000, 0x0000000085c00000|100%|HC|  |TAMS 0x0000000085c00000, 0x0000000085b00000| Complete 
|  10|0x0000000085c00000, 0x0000000085d00000, 0x0000000085d00000|100%|HC|  |TAMS 0x0000000085d00000, 0x0000000085c00000| Complete 
|  11|0x0000000085d00000, 0x0000000085e00000, 0x0000000085e00000|100%|HC|  |TAMS 0x0000000085e00000, 0x0000000085d00000| Complete 
|  12|0x0000000085e00000, 0x0000000085f00000, 0x0000000085f00000|100%|HC|  |TAMS 0x0000000085f00000, 0x0000000085e00000| Complete 
|  13|0x0000000085f00000, 0x0000000086000000, 0x0000000086000000|100%|HC|  |TAMS 0x0000000086000000, 0x0000000085f00000| Complete 
|  14|0x0000000086000000, 0x0000000086100000, 0x0000000086100000|100%| O|  |TAMS 0x00000000860c3800, 0x0000000086000000| Untracked 
|  15|0x0000000086100000, 0x0000000086200000, 0x0000000086200000|100%| O|  |TAMS 0x0000000086100000, 0x0000000086100000| Untracked 
|  16|0x0000000086200000, 0x0000000086300000, 0x0000000086300000|100%| O|  |TAMS 0x0000000086200000, 0x0000000086200000| Untracked 
|  17|0x0000000086300000, 0x00000000863dee00, 0x0000000086400000| 87%| O|  |TAMS 0x0000000086300000, 0x0000000086300000| Untracked 
|  18|0x0000000086400000, 0x0000000086500000, 0x0000000086500000|100%|HS|  |TAMS 0x0000000086400000, 0x0000000086400000| Complete 
|  19|0x0000000086500000, 0x0000000086600000, 0x0000000086600000|100%|HC|  |TAMS 0x0000000086500000, 0x0000000086500000| Complete 
|  20|0x0000000086600000, 0x0000000086700000, 0x0000000086700000|100%|HC|  |TAMS 0x0000000086600000, 0x0000000086600000| Complete 
|  21|0x0000000086700000, 0x0000000086800000, 0x0000000086800000|100%|HC|  |TAMS 0x0000000086700000, 0x0000000086700000| Complete 
|  22|0x0000000086800000, 0x0000000086900000, 0x0000000086900000|100%|HC|  |TAMS 0x0000000086800000, 0x0000000086800000| Complete 
|  23|0x0000000086900000, 0x0000000086a00000, 0x0000000086a00000|100%|HC|  |TAMS 0x0000000086900000, 0x0000000086900000| Complete 
|  24|0x0000000086a00000, 0x0000000086b00000, 0x0000000086b00000|100%|HC|  |TAMS 0x0000000086a00000, 0x0000000086a00000| Complete 
|  25|0x0000000086b00000, 0x0000000086b00000, 0x0000000086c00000|  0%| F|  |TAMS 0x0000000086b00000, 0x0000000086b00000| Untracked 
|  26|0x0000000086c00000, 0x0000000086c00000, 0x0000000086d00000|  0%| F|  |TAMS 0x0000000086c00000, 0x0000000086c00000| Untracked 
|  27|0x0000000086d00000, 0x0000000086d00000, 0x0000000086e00000|  0%| F|  |TAMS 0x0000000086d00000, 0x0000000086d00000| Untracked 
|  28|0x0000000086e00000, 0x0000000086e00000, 0x0000000086f00000|  0%| F|  |TAMS 0x0000000086e00000, 0x0000000086e00000| Untracked 
|  29|0x0000000086f00000, 0x0000000086f00000, 0x0000000087000000|  0%| F|  |TAMS 0x0000000086f00000, 0x0000000086f00000| Untracked 
|  30|0x0000000087000000, 0x0000000087000000, 0x0000000087100000|  0%| F|  |TAMS 0x0000000087000000, 0x0000000087000000| Untracked 
|  31|0x0000000087100000, 0x0000000087100000, 0x0000000087200000|  0%| F|  |TAMS 0x0000000087100000, 0x0000000087100000| Untracked 
|  32|0x0000000087200000, 0x0000000087200000, 0x0000000087300000|  0%| F|  |TAMS 0x0000000087200000, 0x0000000087200000| Untracked 
|  33|0x0000000087300000, 0x0000000087300000, 0x0000000087400000|  0%| F|  |TAMS 0x0000000087300000, 0x0000000087300000| Untracked 
|  34|0x0000000087400000, 0x0000000087400000, 0x0000000087500000|  0%| F|  |TAMS 0x0000000087400000, 0x0000000087400000| Untracked 
|  35|0x0000000087500000, 0x0000000087500000, 0x0000000087600000|  0%| F|  |TAMS 0x0000000087500000, 0x0000000087500000| Untracked 
|  36|0x0000000087600000, 0x0000000087600000, 0x0000000087700000|  0%| F|  |TAMS 0x0000000087600000, 0x0000000087600000| Untracked 
|  37|0x0000000087700000, 0x0000000087700000, 0x0000000087800000|  0%| F|  |TAMS 0x0000000087700000, 0x0000000087700000| Untracked 
|  38|0x0000000087800000, 0x0000000087800000, 0x0000000087900000|  0%| F|  |TAMS 0x0000000087800000, 0x0000000087800000| Untracked 
|  39|0x0000000087900000, 0x0000000087900000, 0x0000000087a00000|  0%| F|  |TAMS 0x0000000087900000, 0x0000000087900000| Untracked 
|  40|0x0000000087a00000, 0x0000000087a00000, 0x0000000087b00000|  0%| F|  |TAMS 0x0000000087a00000, 0x0000000087a00000| Untracked 
|  41|0x0000000087b00000, 0x0000000087b00000, 0x0000000087c00000|  0%| F|  |TAMS 0x0000000087b00000, 0x0000000087b00000| Untracked 
|  42|0x0000000087c00000, 0x0000000087c00000, 0x0000000087d00000|  0%| F|  |TAMS 0x0000000087c00000, 0x0000000087c00000| Untracked 
|  43|0x0000000087d00000, 0x0000000087d00000, 0x0000000087e00000|  0%| F|  |TAMS 0x0000000087d00000, 0x0000000087d00000| Untracked 
|  44|0x0000000087e00000, 0x0000000087e00000, 0x0000000087f00000|  0%| F|  |TAMS 0x0000000087e00000, 0x0000000087e00000| Untracked 
|  45|0x0000000087f00000, 0x0000000087f00000, 0x0000000088000000|  0%| F|  |TAMS 0x0000000087f00000, 0x0000000087f00000| Untracked 
|  46|0x0000000088000000, 0x0000000088000000, 0x0000000088100000|  0%| F|  |TAMS 0x0000000088000000, 0x0000000088000000| Untracked 
|  47|0x0000000088100000, 0x0000000088100000, 0x0000000088200000|  0%| F|  |TAMS 0x0000000088100000, 0x0000000088100000| Untracked 
|  48|0x0000000088200000, 0x0000000088200000, 0x0000000088300000|  0%| F|  |TAMS 0x0000000088200000, 0x0000000088200000| Untracked 
|  49|0x0000000088300000, 0x0000000088300000, 0x0000000088400000|  0%| F|  |TAMS 0x0000000088300000, 0x0000000088300000| Untracked 
|  50|0x0000000088400000, 0x0000000088400000, 0x0000000088500000|  0%| F|  |TAMS 0x0000000088400000, 0x0000000088400000| Untracked 
|  51|0x0000000088500000, 0x0000000088500800, 0x0000000088600000|  0%| E|  |TAMS 0x0000000088500000, 0x0000000088500000| Complete 
|  52|0x0000000088600000, 0x0000000088700000, 0x0000000088700000|100%| E|CS|TAMS 0x0000000088600000, 0x0000000088600000| Complete 
|  53|0x0000000088700000, 0x0000000088800000, 0x0000000088800000|100%| E|CS|TAMS 0x0000000088700000, 0x0000000088700000| Complete 
|  54|0x0000000088800000, 0x0000000088900000, 0x0000000088900000|100%| E|CS|TAMS 0x0000000088800000, 0x0000000088800000| Complete 
|  55|0x0000000088900000, 0x0000000088a00000, 0x0000000088a00000|100%| E|CS|TAMS 0x0000000088900000, 0x0000000088900000| Complete 
|  56|0x0000000088a00000, 0x0000000088b00000, 0x0000000088b00000|100%| E|CS|TAMS 0x0000000088a00000, 0x0000000088a00000| Complete 
|  57|0x0000000088b00000, 0x0000000088c00000, 0x0000000088c00000|100%| E|CS|TAMS 0x0000000088b00000, 0x0000000088b00000| Complete 
|  58|0x0000000088c00000, 0x0000000088d00000, 0x0000000088d00000|100%| E|CS|TAMS 0x0000000088c00000, 0x0000000088c00000| Complete 
|  59|0x0000000088d00000, 0x0000000088e00000, 0x0000000088e00000|100%| E|CS|TAMS 0x0000000088d00000, 0x0000000088d00000| Complete 
|  60|0x0000000088e00000, 0x0000000088f00000, 0x0000000088f00000|100%| E|CS|TAMS 0x0000000088e00000, 0x0000000088e00000| Complete 
|  61|0x0000000088f00000, 0x0000000089000000, 0x0000000089000000|100%| E|CS|TAMS 0x0000000088f00000, 0x0000000088f00000| Complete 
|  62|0x0000000089000000, 0x0000000089100000, 0x0000000089100000|100%| E|CS|TAMS 0x0000000089000000, 0x0000000089000000| Complete 
|  63|0x0000000089100000, 0x0000000089200000, 0x0000000089200000|100%| E|CS|TAMS 0x0000000089100000, 0x0000000089100000| Complete 
|  64|0x0000000089200000, 0x0000000089300000, 0x0000000089300000|100%| E|CS|TAMS 0x0000000089200000, 0x0000000089200000| Complete 
|  65|0x0000000089300000, 0x0000000089400000, 0x0000000089400000|100%| E|CS|TAMS 0x0000000089300000, 0x0000000089300000| Complete 
|  66|0x0000000089400000, 0x0000000089500000, 0x0000000089500000|100%| E|CS|TAMS 0x0000000089400000, 0x0000000089400000| Complete 
|  67|0x0000000089500000, 0x0000000089600000, 0x0000000089600000|100%| E|CS|TAMS 0x0000000089500000, 0x0000000089500000| Complete 
|  68|0x0000000089600000, 0x0000000089700000, 0x0000000089700000|100%| E|CS|TAMS 0x0000000089600000, 0x0000000089600000| Complete 
|  69|0x0000000089700000, 0x0000000089800000, 0x0000000089800000|100%| E|CS|TAMS 0x0000000089700000, 0x0000000089700000| Complete 
| 108|0x000000008be00000, 0x000000008be519a0, 0x000000008bf00000| 31%| S|CS|TAMS 0x000000008be00000, 0x000000008be00000| Complete 
| 109|0x000000008bf00000, 0x000000008c000000, 0x000000008c000000|100%| S|CS|TAMS 0x000000008bf00000, 0x000000008bf00000| Complete 
| 110|0x000000008c000000, 0x000000008c100000, 0x000000008c100000|100%| S|CS|TAMS 0x000000008c000000, 0x000000008c000000| Complete 
| 123|0x000000008cd00000, 0x000000008ce00000, 0x000000008ce00000|100%| E|CS|TAMS 0x000000008cd00000, 0x000000008cd00000| Complete 

Card table byte_map: [0x00000212f53b0000,0x00000212f5790000] _byte_map_base: 0x00000212f4f87000

Marking Bits (Prev, Next): (CMBitMap*) 0x00000212f1425bd0, (CMBitMap*) 0x00000212f1425b90
 Prev Bits: [0x00000212f7a30000, 0x00000212f98e8000)
 Next Bits: [0x00000212f5b70000, 0x00000212f7a28000)

Polling page: 0x00000212ef2f0000

Metaspace:

Usage:
  Non-class:     24.76 MB used.
      Class:      2.93 MB used.
       Both:     27.69 MB used.

Virtual space:
  Non-class space:       32.00 MB reserved,      24.88 MB ( 78%) committed,  4 nodes.
      Class space:        1.00 GB reserved,       3.00 MB ( <1%) committed,  1 nodes.
             Both:        1.03 GB reserved,      27.88 MB (  3%) committed. 

Chunk freelists:
   Non-Class:  2.97 MB
       Class:  1.02 MB
        Both:  3.99 MB

MaxMetaspaceSize: unlimited
CompressedClassSpaceSize: 1.00 GB
Initial GC threshold: 21.00 MB
Current GC threshold: 35.12 MB
CDS: off
MetaspaceReclaimPolicy: balanced
 - commit_granule_bytes: 65536.
 - commit_granule_words: 8192.
 - virtual_space_node_default_size: 1048576.
 - enlarge_chunks_in_place: 1.
 - new_chunks_are_fully_committed: 0.
 - uncommit_free_chunks: 1.
 - use_allocation_guard: 0.
 - handle_deallocations: 1.


Internal statistics:

num_allocs_failed_limit: 3.
num_arena_births: 186.
num_arena_deaths: 0.
num_vsnodes_births: 5.
num_vsnodes_deaths: 0.
num_space_committed: 446.
num_space_uncommitted: 0.
num_chunks_returned_to_freelist: 3.
num_chunks_taken_from_freelist: 434.
num_chunk_merges: 0.
num_chunk_splits: 258.
num_chunks_enlarged: 157.
num_purges: 0.
num_inconsistent_stats: 0.

CodeHeap 'non-profiled nmethods': size=120000Kb used=1160Kb max_used=1160Kb free=118839Kb
 bounds [0x0000021287ad0000, 0x0000021287d40000, 0x000002128f000000]
CodeHeap 'profiled nmethods': size=120000Kb used=5517Kb max_used=5517Kb free=114482Kb
 bounds [0x00000212805a0000, 0x0000021280b10000, 0x0000021287ad0000]
CodeHeap 'non-nmethods': size=5760Kb used=1374Kb max_used=1438Kb free=4385Kb
 bounds [0x0000021280000000, 0x0000021280270000, 0x00000212805a0000]
 total_blobs=3593 nmethods=2873 adapters=632
 compilation: enabled
              stopped_count=0, restarted_count=0
 full_count=0

Compilation events (20 events):
Event: 12.281 Thread 0x00000212fd06ff00 nmethod 2865 0x0000021280afdb90 code [0x0000021280afdd20, 0x0000021280afdef8]
Event: 12.286 Thread 0x00000212fd06ff00 2866       3       javax.swing.text.html.CSSBorder::getBorderWidth (82 bytes)
Event: 12.286 Thread 0x00000212ffdf8a80 2869       4       sun.font.FontDesignMetrics$MetricsKey::init (24 bytes)
Event: 12.287 Thread 0x00000212fd06ff00 nmethod 2866 0x0000021280afdf90 code [0x0000021280afe1e0, 0x0000021280afeba8]
Event: 12.287 Thread 0x00000212fd06ff00 2870   !   3       sun.font.FontDesignMetrics::getMetrics (265 bytes)
Event: 12.290 Thread 0x00000212fd06ff00 nmethod 2870 0x0000021280afee90 code [0x0000021280aff340, 0x0000021280b01b58]
Event: 12.290 Thread 0x00000212fd06ff00 2867       3       javax.swing.text.ParagraphView$Row::getLeftInset (36 bytes)
Event: 12.290 Thread 0x00000212fd06ff00 nmethod 2867 0x0000021280b02990 code [0x0000021280b02b40, 0x0000021280b02e68]
Event: 12.290 Thread 0x00000212fd06ff00 2868       3       sun.java2d.SurfaceData::getTransparency (8 bytes)
Event: 12.290 Thread 0x00000212fd06ff00 nmethod 2868 0x0000021280b02f90 code [0x0000021280b03140, 0x0000021280b03328]
Event: 12.293 Thread 0x00000212ffdf8a80 nmethod 2869 0x0000021287bf0f10 code [0x0000021287bf10e0, 0x0000021287bf16d0]
Event: 12.295 Thread 0x00000212fd06ff00 2871       3       java.awt.Component::isFocusTraversable (17 bytes)
Event: 12.296 Thread 0x00000212fd06ff00 nmethod 2871 0x0000021280b03410 code [0x0000021280b035a0, 0x0000021280b036f8]
Event: 12.298 Thread 0x00000212fd06ff00 2872       1       javax.swing.JTable::getColumnModel (5 bytes)
Event: 12.299 Thread 0x00000212fd06ff00 nmethod 2872 0x0000021287bf1a10 code [0x0000021287bf1ba0, 0x0000021287bf1c78]
Event: 12.299 Thread 0x00000212ff93a950 2873       4       java.util.ArrayList::elementData (7 bytes)
Event: 12.300 Thread 0x00000212fd06ff00 2874       1       sun.awt.NullComponentPeer::isFocusable (2 bytes)
Event: 12.300 Thread 0x00000212fd06ff00 nmethod 2874 0x0000021287bf1d10 code [0x0000021287bf1ea0, 0x0000021287bf1f78]
Event: 12.300 Thread 0x00000212ff93a950 nmethod 2873 0x0000021287bf2010 code [0x0000021287bf2180, 0x0000021287bf2238]
Event: 12.820 Thread 0x00000212ff93a950 2875   !   4       sun.awt.PostEventQueue::flush (168 bytes)

GC Heap History (4 events):
Event: 2.784 GC heap before
{Heap before GC invocations=0 (full 0):
 garbage-first heap   total 126976K, used 37888K [0x0000000085200000, 0x0000000100000000)
  region size 1024K, 23 young (23552K), 0 survivors (0K)
 Metaspace       used 15678K, committed 15872K, reserved 1064960K
  class space    used 1607K, committed 1664K, reserved 1048576K
}
Event: 2.787 GC heap after
{Heap after GC invocations=1 (full 0):
 garbage-first heap   total 126976K, used 18190K [0x0000000085200000, 0x0000000100000000)
  region size 1024K, 3 young (3072K), 3 survivors (3072K)
 Metaspace       used 15678K, committed 15872K, reserved 1064960K
  class space    used 1607K, committed 1664K, reserved 1048576K
}
Event: 8.014 GC heap before
{Heap before GC invocations=1 (full 0):
 garbage-first heap   total 126976K, used 30478K [0x0000000085200000, 0x0000000100000000)
  region size 1024K, 16 young (16384K), 3 survivors (3072K)
 Metaspace       used 21333K, committed 21504K, reserved 1073152K
  class space    used 2165K, committed 2240K, reserved 1048576K
}
Event: 8.017 GC heap after
{Heap after GC invocations=2 (full 0):
 garbage-first heap   total 126976K, used 20673K [0x0000000085200000, 0x0000000100000000)
  region size 1024K, 3 young (3072K), 3 survivors (3072K)
 Metaspace       used 21333K, committed 21504K, reserved 1073152K
  class space    used 2165K, committed 2240K, reserved 1048576K
}

Dll operation events (10 events):
Event: 0.006 Loaded shared library C:\Users\Victus\.p2\pool\plugins\org.eclipse.justj.openjdk.hotspot.jre.full.win32.x86_64_17.0.5.v20221102-0933\jre\bin\java.dll
Event: 0.083 Loaded shared library C:\Users\Victus\.p2\pool\plugins\org.eclipse.justj.openjdk.hotspot.jre.full.win32.x86_64_17.0.5.v20221102-0933\jre\bin\jimage.dll
Event: 0.092 Loaded shared library C:\Users\Victus\.p2\pool\plugins\org.eclipse.justj.openjdk.hotspot.jre.full.win32.x86_64_17.0.5.v20221102-0933\jre\bin\net.dll
Event: 0.094 Loaded shared library C:\Users\Victus\.p2\pool\plugins\org.eclipse.justj.openjdk.hotspot.jre.full.win32.x86_64_17.0.5.v20221102-0933\jre\bin\nio.dll
Event: 0.100 Loaded shared library C:\Users\Victus\.p2\pool\plugins\org.eclipse.justj.openjdk.hotspot.jre.full.win32.x86_64_17.0.5.v20221102-0933\jre\bin\zip.dll
Event: 0.125 Loaded shared library C:\Users\Victus\.p2\pool\plugins\org.eclipse.justj.openjdk.hotspot.jre.full.win32.x86_64_17.0.5.v20221102-0933\jre\bin\awt.dll
Event: 0.327 Loaded shared library C:\Users\Victus\.p2\pool\plugins\org.eclipse.justj.openjdk.hotspot.jre.full.win32.x86_64_17.0.5.v20221102-0933\jre\bin\freetype.dll
Event: 0.327 Loaded shared library C:\Users\Victus\.p2\pool\plugins\org.eclipse.justj.openjdk.hotspot.jre.full.win32.x86_64_17.0.5.v20221102-0933\jre\bin\fontmanager.dll
Event: 1.480 Loaded shared library C:\Users\Victus\.p2\pool\plugins\org.eclipse.justj.openjdk.hotspot.jre.full.win32.x86_64_17.0.5.v20221102-0933\jre\bin\javajpeg.dll
Event: 8.084 Loaded shared library C:\Users\Victus\.p2\pool\plugins\org.eclipse.justj.openjdk.hotspot.jre.full.win32.x86_64_17.0.5.v20221102-0933\jre\bin\sunmscapi.dll

Deoptimization events (20 events):
Event: 10.727 Thread 0x00000212fd8cdf20 Uncommon trap: trap_request=0xffffff45 fr.pc=0x0000021287bc1f80 relative=0x0000000000000260
Event: 10.727 Thread 0x00000212fd8cdf20 Uncommon trap: reason=unstable_if action=reinterpret pc=0x0000021287bc1f80 method=java.awt.Font.equals(Ljava/lang/Object;)Z @ 38 c2
Event: 10.727 Thread 0x00000212fd8cdf20 DEOPT PACKING pc=0x0000021287bc1f80 sp=0x000000d4c34fd990
Event: 10.727 Thread 0x00000212fd8cdf20 DEOPT UNPACKING pc=0x00000212800523a3 sp=0x000000d4c34fd930 mode 2
Event: 10.753 Thread 0x00000212fd8cdf20 Uncommon trap: trap_request=0xffffff45 fr.pc=0x0000021287b30034 relative=0x0000000000000194
Event: 10.753 Thread 0x00000212fd8cdf20 Uncommon trap: reason=unstable_if action=reinterpret pc=0x0000021287b30034 method=java.nio.Buffer.<init>(IIIILjdk/internal/access/foreign/MemorySegmentProxy;)V @ 50 c2
Event: 10.753 Thread 0x00000212fd8cdf20 DEOPT PACKING pc=0x0000021287b30034 sp=0x000000d4c34fd8b0
Event: 10.753 Thread 0x00000212fd8cdf20 DEOPT UNPACKING pc=0x00000212800523a3 sp=0x000000d4c34fd850 mode 2
Event: 10.755 Thread 0x00000212fd8cdf20 DEOPT PACKING pc=0x00000212809cfdbe sp=0x000000d4c34fd540
Event: 10.755 Thread 0x00000212fd8cdf20 DEOPT UNPACKING pc=0x0000021280052b43 sp=0x000000d4c34fc970 mode 0
Event: 10.762 Thread 0x00000212fd8cdf20 DEOPT PACKING pc=0x00000212809cfdbe sp=0x000000d4c34fd690
Event: 10.762 Thread 0x00000212fd8cdf20 DEOPT UNPACKING pc=0x0000021280052b43 sp=0x000000d4c34fcac0 mode 0
Event: 10.768 Thread 0x00000212fd8cdf20 DEOPT PACKING pc=0x00000212809cfdf1 sp=0x000000d4c34fd260
Event: 10.768 Thread 0x00000212fd8cdf20 DEOPT UNPACKING pc=0x0000021280052b43 sp=0x000000d4c34fc690 mode 0
Event: 10.770 Thread 0x00000212fd8cdf20 DEOPT PACKING pc=0x00000212809cfdbe sp=0x000000d4c34fd2d0
Event: 10.770 Thread 0x00000212fd8cdf20 DEOPT UNPACKING pc=0x0000021280052b43 sp=0x000000d4c34fc700 mode 0
Event: 12.283 Thread 0x00000212fd8cdf20 Uncommon trap: trap_request=0xffffff45 fr.pc=0x0000021287bbe53c relative=0x000000000000235c
Event: 12.283 Thread 0x00000212fd8cdf20 Uncommon trap: reason=unstable_if action=reinterpret pc=0x0000021287bbe53c method=sun.font.FontDesignMetrics$MetricsKey.equals(Ljava/lang/Object;)Z @ 23 c2
Event: 12.283 Thread 0x00000212fd8cdf20 DEOPT PACKING pc=0x0000021287bbe53c sp=0x000000d4c34fda40
Event: 12.283 Thread 0x00000212fd8cdf20 DEOPT UNPACKING pc=0x00000212800523a3 sp=0x000000d4c34fd8e0 mode 2

Classes unloaded (0 events):
No events

Classes redefined (0 events):
No events

Internal exceptions (20 events):
Event: 0.209 Thread 0x00000212ef10bf80 Exception <a 'java/lang/NoSuchMethodError'{0x000000008ca75530}: 'java.lang.Object java.lang.invoke.DirectMethodHandle$Holder.invokeStatic(java.lang.Object, int, java.lang.Object)'> (0x000000008ca75530) 
thrown [s\src\hotspot\share\interpreter\linkResolver.cpp, line 759]
Event: 0.223 Thread 0x00000212ef10bf80 Exception <a 'java/lang/ClassNotFoundException'{0x000000008c92db98}: com/sun/swing/internal/plaf/metal/resources/spi/metalProvider> (0x000000008c92db98) 
thrown [s\src\hotspot\share\classfile\systemDictionary.cpp, line 256]
Event: 0.223 Thread 0x00000212ef10bf80 Exception <a 'java/lang/ClassNotFoundException'{0x000000008c931a70}: com/sun/swing/internal/plaf/basic/resources/spi/basicProvider> (0x000000008c931a70) 
thrown [s\src\hotspot\share\classfile\systemDictionary.cpp, line 256]
Event: 0.235 Thread 0x00000212fd534ef0 Exception <a 'java/lang/NoSuchMethodError'{0x000000008c9965f8}: 'java.lang.Object java.lang.invoke.DirectMethodHandle$Holder.newInvokeSpecial(java.lang.Object, java.lang.Object, java.lang.Object, int, int, int, int, int)'> (0x000000008c9965f8) 
thrown [s\src\hotspot\share\interpreter\linkResolver.cpp, line 759]
Event: 0.314 Thread 0x00000212fd4b23f0 Exception <a 'java/lang/NoSuchMethodError'{0x000000008cb863d0}: 'void java.lang.invoke.DirectMethodHandle$Holder.invokeVirtual(java.lang.Object, java.lang.Object)'> (0x000000008cb863d0) 
thrown [s\src\hotspot\share\interpreter\linkResolver.cpp, line 759]
Event: 0.324 Thread 0x00000212ef10bf80 Exception <a 'java/lang/NoSuchMethodError'{0x000000008c203348}: 'void java.lang.invoke.DirectMethodHandle$Holder.invokeStaticInit(java.lang.Object)'> (0x000000008c203348) 
thrown [s\src\hotspot\share\interpreter\linkResolver.cpp, line 759]
Event: 7.863 Thread 0x00000212fd8cdf20 Exception <a 'java/lang/NoSuchMethodError'{0x000000008ca00d80}: 'java.lang.Object java.lang.invoke.DirectMethodHandle$Holder.invokeInterface(java.lang.Object, java.lang.Object)'> (0x000000008ca00d80) 
thrown [s\src\hotspot\share\interpreter\linkResolver.cpp, line 759]
Event: 7.877 Thread 0x00000212fd8cdf20 Exception <a 'java/lang/NoSuchMethodError'{0x000000008ca7fd70}: 'void java.lang.invoke.DirectMethodHandle$Holder.invokeStatic(java.lang.Object, java.lang.Object, java.lang.Object)'> (0x000000008ca7fd70) 
thrown [s\src\hotspot\share\interpreter\linkResolver.cpp, line 759]
Event: 7.878 Thread 0x00000212fd8cdf20 Exception <a 'java/lang/NoSuchMethodError'{0x000000008ca8a518}: 'java.lang.Object java.lang.invoke.DirectMethodHandle$Holder.invokeVirtual(java.lang.Object, java.lang.Object, java.lang.Object)'> (0x000000008ca8a518) 
thrown [s\src\hotspot\share\interpreter\linkResolver.cpp, line 759]
Event: 7.930 Thread 0x00000212fd8cdf20 Exception <a 'java/lang/NoSuchMethodError'{0x000000008c639d00}: 'void java.lang.invoke.DirectMethodHandle$Holder.invokeStatic(java.lang.Object, java.lang.Object)'> (0x000000008c639d00) 
thrown [s\src\hotspot\share\interpreter\linkResolver.cpp, line 759]
Event: 7.981 Thread 0x00000212fd8cdf20 Exception <a 'java/lang/NoSuchMethodError'{0x000000008c328158}: 'void java.lang.invoke.DirectMethodHandle$Holder.invokeStaticInit(java.lang.Object, java.lang.Object)'> (0x000000008c328158) 
thrown [s\src\hotspot\share\interpreter\linkResolver.cpp, line 759]
Event: 8.023 Thread 0x00000212fd8cdf20 Exception <a 'sun/nio/fs/WindowsException'{0x000000008cdbd330}> (0x000000008cdbd330) 
thrown [s\src\hotspot\share\prims\jni.cpp, line 516]
Event: 8.029 Thread 0x00000212fd8cdf20 Exception <a 'java/lang/NoSuchMethodError'{0x000000008cde1e50}: 'int java.lang.invoke.DirectMethodHandle$Holder.invokeStaticInit(java.lang.Object, java.lang.Object, java.lang.Object, java.lang.Object)'> (0x000000008cde1e50) 
thrown [s\src\hotspot\share\interpreter\linkResolver.cpp, line 759]
Event: 8.029 Thread 0x00000212fd8cdf20 Exception <a 'java/lang/IncompatibleClassChangeError'{0x000000008cdeb810}: Found class java.lang.Object, but interface was expected> (0x000000008cdeb810) 
thrown [s\src\hotspot\share\interpreter\linkResolver.cpp, line 826]
Event: 8.030 Thread 0x00000212fd8cdf20 Exception <a 'java/lang/NoSuchMethodError'{0x000000008cdf1728}: 'int java.lang.invoke.DirectMethodHandle$Holder.invokeStaticInit(java.lang.Object, java.lang.Object)'> (0x000000008cdf1728) 
thrown [s\src\hotspot\share\interpreter\linkResolver.cpp, line 759]
Event: 8.047 Thread 0x00000212fd8cdf20 Exception <a 'java/lang/NoSuchMethodError'{0x00000000897df958}: 'java.lang.Object java.lang.invoke.DirectMethodHandle$Holder.invokeStaticInit(java.lang.Object, int, int, int, int)'> (0x00000000897df958) 
thrown [s\src\hotspot\share\interpreter\linkResolver.cpp, line 759]
Event: 8.070 Thread 0x00000212fd8cdf20 Exception <a 'java/lang/NoSuchMethodError'{0x0000000089670e98}: 'java.lang.Object java.lang.invoke.DirectMethodHandle$Holder.invokeStaticInit(java.lang.Object, java.lang.Object, int, int, int, int)'> (0x0000000089670e98) 
thrown [s\src\hotspot\share\interpreter\linkResolver.cpp, line 759]
Event: 8.119 Thread 0x00000212fd8cdf20 Implicit null exception at 0x0000021287b92fec to 0x0000021287b93188
Event: 8.159 Thread 0x00000212fd8cdf20 Implicit null exception at 0x0000021287b6d0d5 to 0x0000021287b6d698
Event: 8.159 Thread 0x00000212fd8cdf20 Implicit null exception at 0x0000021287b6c552 to 0x0000021287b6cb04

VM Operations (20 events):
Event: 8.020 Executing VM operation: G1Concurrent
Event: 8.022 Executing VM operation: G1Concurrent done
Event: 8.026 Executing VM operation: HandshakeAllThreads
Event: 8.026 Executing VM operation: HandshakeAllThreads done
Event: 8.128 Executing VM operation: HandshakeAllThreads
Event: 8.128 Executing VM operation: HandshakeAllThreads done
Event: 8.245 Executing VM operation: HandshakeAllThreads
Event: 8.245 Executing VM operation: HandshakeAllThreads done
Event: 8.329 Executing VM operation: ICBufferFull
Event: 8.329 Executing VM operation: ICBufferFull done
Event: 9.343 Executing VM operation: Cleanup
Event: 9.344 Executing VM operation: Cleanup done
Event: 10.358 Executing VM operation: Cleanup
Event: 10.358 Executing VM operation: Cleanup done
Event: 10.710 Executing VM operation: HandshakeAllThreads
Event: 10.710 Executing VM operation: HandshakeAllThreads done
Event: 11.714 Executing VM operation: Cleanup
Event: 11.714 Executing VM operation: Cleanup done
Event: 12.728 Executing VM operation: Cleanup
Event: 12.728 Executing VM operation: Cleanup done

Events (20 events):
Event: 10.785 loading class java/awt/geom/PathIterator
Event: 10.785 loading class java/awt/geom/PathIterator done
Event: 10.785 loading class java/awt/geom/RectIterator done
Event: 10.785 loading class sun/java2d/pipe/ShapeSpanIterator
Event: 10.785 loading class sun/java2d/pipe/SpanIterator
Event: 10.785 loading class sun/java2d/pipe/SpanIterator done
Event: 10.785 loading class sun/awt/geom/PathConsumer2D
Event: 10.785 loading class sun/awt/geom/PathConsumer2D done
Event: 10.785 loading class sun/java2d/pipe/ShapeSpanIterator done
Event: 10.785 loading class java/awt/geom/Path2D$Float$TxIterator
Event: 10.785 loading class java/awt/geom/Path2D$Iterator
Event: 10.785 loading class java/awt/geom/Path2D$Iterator done
Event: 10.785 loading class java/awt/geom/Path2D$Float$TxIterator done
Event: 10.828 loading class javax/swing/JTable$PrintMode
Event: 10.828 loading class javax/swing/JTable$PrintMode done
Event: 10.829 loading class javax/swing/table/DefaultTableCellRenderer$UIResource
Event: 10.829 loading class javax/swing/table/DefaultTableCellRenderer$UIResource done
Event: 11.475 Thread 0x00000212ffdf8a80 Thread exited: 0x00000212ffdf8a80
Event: 12.241 Thread 0x00000212ffdf8a80 Thread added: 0x00000212ffdf8a80
Event: 12.241 Thread 0x00000212ff93a950 Thread added: 0x00000212ff93a950


Dynamic libraries:
0x00007ff6c01c0000 - 0x00007ff6c01ce000 	C:\Users\Victus\.p2\pool\plugins\org.eclipse.justj.openjdk.hotspot.jre.full.win32.x86_64_17.0.5.v20221102-0933\jre\bin\javaw.exe
0x00007ffb49890000 - 0x00007ffb49aa4000 	C:\WINDOWS\SYSTEM32\ntdll.dll
0x00007ffb48710000 - 0x00007ffb487d3000 	C:\WINDOWS\System32\KERNEL32.DLL
0x00007ffb46e00000 - 0x00007ffb4719c000 	C:\WINDOWS\System32\KERNELBASE.dll
0x00007ffb471d0000 - 0x00007ffb472e1000 	C:\WINDOWS\System32\ucrtbase.dll
0x00007ffb36ba0000 - 0x00007ffb36bb7000 	C:\Users\Victus\.p2\pool\plugins\org.eclipse.justj.openjdk.hotspot.jre.full.win32.x86_64_17.0.5.v20221102-0933\jre\bin\jli.dll
0x00007ffb36bd0000 - 0x00007ffb36be9000 	C:\Users\Victus\.p2\pool\plugins\org.eclipse.justj.openjdk.hotspot.jre.full.win32.x86_64_17.0.5.v20221102-0933\jre\bin\VCRUNTIME140.dll
0x00007ffb495c0000 - 0x00007ffb4976d000 	C:\WINDOWS\System32\USER32.dll
0x00007ffb471a0000 - 0x00007ffb471c6000 	C:\WINDOWS\System32\win32u.dll
0x00007ffb49770000 - 0x00007ffb49799000 	C:\WINDOWS\System32\GDI32.dll
0x00007ffb24370000 - 0x00007ffb245fe000 	C:\WINDOWS\WinSxS\amd64_microsoft.windows.common-controls_6595b64144ccf1df_6.0.22621.608_none_a9444ca7c10bb01d\COMCTL32.dll
0x00007ffb47460000 - 0x00007ffb47573000 	C:\WINDOWS\System32\gdi32full.dll
0x00007ffb47580000 - 0x00007ffb4761a000 	C:\WINDOWS\System32\msvcp_win.dll
0x00007ffb487e0000 - 0x00007ffb48887000 	C:\WINDOWS\System32\msvcrt.dll
0x00007ffb49520000 - 0x00007ffb49551000 	C:\WINDOWS\System32\IMM32.DLL
0x00007ffb421b0000 - 0x00007ffb421bc000 	C:\Users\Victus\.p2\pool\plugins\org.eclipse.justj.openjdk.hotspot.jre.full.win32.x86_64_17.0.5.v20221102-0933\jre\bin\vcruntime140_1.dll
0x00007ffb23b60000 - 0x00007ffb23bf1000 	C:\Users\Victus\.p2\pool\plugins\org.eclipse.justj.openjdk.hotspot.jre.full.win32.x86_64_17.0.5.v20221102-0933\jre\bin\msvcp140.dll
0x00007ffaed2e0000 - 0x00007ffaedf24000 	C:\Users\Victus\.p2\pool\plugins\org.eclipse.justj.openjdk.hotspot.jre.full.win32.x86_64_17.0.5.v20221102-0933\jre\bin\server\jvm.dll
0x00007ffb49470000 - 0x00007ffb4951e000 	C:\WINDOWS\System32\ADVAPI32.dll
0x00007ffb497a0000 - 0x00007ffb49844000 	C:\WINDOWS\System32\sechost.dll
0x00007ffb47fc0000 - 0x00007ffb480d5000 	C:\WINDOWS\System32\RPCRT4.dll
0x00007ffb220b0000 - 0x00007ffb220b9000 	C:\WINDOWS\SYSTEM32\WSOCK32.dll
0x00007ffb3c540000 - 0x00007ffb3c574000 	C:\WINDOWS\SYSTEM32\WINMM.dll
0x00007ffb48bf0000 - 0x00007ffb48c61000 	C:\WINDOWS\System32\WS2_32.dll
0x00007ffb3c150000 - 0x00007ffb3c15a000 	C:\WINDOWS\SYSTEM32\VERSION.dll
0x00007ffb45e10000 - 0x00007ffb45e28000 	C:\WINDOWS\SYSTEM32\kernel.appcore.dll
0x00007ffb42260000 - 0x00007ffb4226a000 	C:\Users\Victus\.p2\pool\plugins\org.eclipse.justj.openjdk.hotspot.jre.full.win32.x86_64_17.0.5.v20221102-0933\jre\bin\jimage.dll
0x00007ffb445f0000 - 0x00007ffb4481e000 	C:\WINDOWS\SYSTEM32\DBGHELP.DLL
0x00007ffb48370000 - 0x00007ffb486f9000 	C:\WINDOWS\System32\combase.dll
0x00007ffb48290000 - 0x00007ffb48367000 	C:\WINDOWS\System32\OLEAUT32.dll
0x00007ffb32250000 - 0x00007ffb32282000 	C:\WINDOWS\SYSTEM32\dbgcore.DLL
0x00007ffb47620000 - 0x00007ffb4769b000 	C:\WINDOWS\System32\bcryptPrimitives.dll
0x00007ffb3c650000 - 0x00007ffb3c675000 	C:\Users\Victus\.p2\pool\plugins\org.eclipse.justj.openjdk.hotspot.jre.full.win32.x86_64_17.0.5.v20221102-0933\jre\bin\java.dll
0x00007ffb3af00000 - 0x00007ffb3af18000 	C:\Users\Victus\.p2\pool\plugins\org.eclipse.justj.openjdk.hotspot.jre.full.win32.x86_64_17.0.5.v20221102-0933\jre\bin\zip.dll
0x00007ffb48c80000 - 0x00007ffb49470000 	C:\WINDOWS\System32\SHELL32.dll
0x00007ffb44cf0000 - 0x00007ffb455be000 	C:\WINDOWS\SYSTEM32\windows.storage.dll
0x00007ffb44bb0000 - 0x00007ffb44cee000 	C:\WINDOWS\SYSTEM32\wintypes.dll
0x00007ffb480e0000 - 0x00007ffb481d1000 	C:\WINDOWS\System32\SHCORE.dll
0x00007ffb49560000 - 0x00007ffb495be000 	C:\WINDOWS\System32\shlwapi.dll
0x00007ffb46c00000 - 0x00007ffb46c21000 	C:\WINDOWS\SYSTEM32\profapi.dll
0x00007ffb3aee0000 - 0x00007ffb3aef9000 	C:\Users\Victus\.p2\pool\plugins\org.eclipse.justj.openjdk.hotspot.jre.full.win32.x86_64_17.0.5.v20221102-0933\jre\bin\net.dll
0x00007ffb41500000 - 0x00007ffb4162f000 	C:\WINDOWS\SYSTEM32\WINHTTP.dll
0x00007ffb46280000 - 0x00007ffb462e9000 	C:\WINDOWS\system32\mswsock.dll
0x00007ffb3aec0000 - 0x00007ffb3aed5000 	C:\Users\Victus\.p2\pool\plugins\org.eclipse.justj.openjdk.hotspot.jre.full.win32.x86_64_17.0.5.v20221102-0933\jre\bin\nio.dll
0x00007ffb12150000 - 0x00007ffb122de000 	C:\Users\Victus\.p2\pool\plugins\org.eclipse.justj.openjdk.hotspot.jre.full.win32.x86_64_17.0.5.v20221102-0933\jre\bin\awt.dll
0x00007ffb43c50000 - 0x00007ffb43ce7000 	C:\WINDOWS\SYSTEM32\apphelp.dll
0x00007ffb43ff0000 - 0x00007ffb4401b000 	C:\WINDOWS\system32\DWMAPI.DLL
0x00007ffb43d60000 - 0x00007ffb43e0b000 	C:\WINDOWS\system32\uxtheme.dll
0x00007ffb1cf90000 - 0x00007ffb1d090000 	C:\WINDOWS\system32\opengl32.dll
0x00007ffb34800000 - 0x00007ffb3482d000 	C:\WINDOWS\SYSTEM32\GLU32.dll
0x00007ffb44060000 - 0x00007ffb44096000 	C:\WINDOWS\SYSTEM32\dxcore.dll
0x00007ffb47ea0000 - 0x00007ffb47fbe000 	C:\WINDOWS\System32\MSCTF.dll
0x00007ffb47d00000 - 0x00007ffb47e9c000 	C:\WINDOWS\System32\ole32.dll
0x00007ffb34ef0000 - 0x00007ffb34f76000 	C:\Users\Victus\.p2\pool\plugins\org.eclipse.justj.openjdk.hotspot.jre.full.win32.x86_64_17.0.5.v20221102-0933\jre\bin\freetype.dll
0x00007ffb29290000 - 0x00007ffb29355000 	C:\Users\Victus\.p2\pool\plugins\org.eclipse.justj.openjdk.hotspot.jre.full.win32.x86_64_17.0.5.v20221102-0933\jre\bin\fontmanager.dll
0x00007ffb28c20000 - 0x00007ffb28d4e000 	C:\WINDOWS\SYSTEM32\textinputframework.dll
0x00007ffb43970000 - 0x00007ffb43aa3000 	C:\WINDOWS\SYSTEM32\CoreMessaging.dll
0x00007ffb3f8b0000 - 0x00007ffb3fc1c000 	C:\WINDOWS\SYSTEM32\CoreUIComponents.dll
0x00007ffb46500000 - 0x00007ffb4650c000 	C:\WINDOWS\SYSTEM32\CRYPTBASE.DLL
0x00007ffb2c2b0000 - 0x00007ffb2c2dd000 	C:\Users\Victus\.p2\pool\plugins\org.eclipse.justj.openjdk.hotspot.jre.full.win32.x86_64_17.0.5.v20221102-0933\jre\bin\javajpeg.dll
0x00007ffb481e0000 - 0x00007ffb48290000 	C:\WINDOWS\System32\clbcatq.dll
0x00007ffb422c0000 - 0x00007ffb42470000 	C:\WINDOWS\SYSTEM32\WindowsCodecs.dll
0x00007ffb1afe0000 - 0x00007ffb1b03e000 	C:\WINDOWS\system32\dataexchange.dll
0x00007ffb3bad0000 - 0x00007ffb3bd3a000 	C:\WINDOWS\system32\twinapi.appcore.dll
0x00007ffb458f0000 - 0x00007ffb459e3000 	C:\WINDOWS\SYSTEM32\DNSAPI.dll
0x00007ffb458c0000 - 0x00007ffb458ed000 	C:\WINDOWS\SYSTEM32\IPHLPAPI.DLL
0x00007ffb48900000 - 0x00007ffb48909000 	C:\WINDOWS\System32\NSI.dll
0x00007ffb3d150000 - 0x00007ffb3d15a000 	C:\Windows\System32\rasadhlp.dll
0x00007ffb3bec0000 - 0x00007ffb3bf43000 	C:\WINDOWS\System32\fwpuclnt.dll
0x00007ffb464e0000 - 0x00007ffb464fb000 	C:\WINDOWS\SYSTEM32\CRYPTSP.dll
0x00007ffb45d80000 - 0x00007ffb45db5000 	C:\WINDOWS\system32\rsaenh.dll
0x00007ffb46380000 - 0x00007ffb463a8000 	C:\WINDOWS\SYSTEM32\USERENV.dll
0x00007ffb466a0000 - 0x00007ffb466c8000 	C:\WINDOWS\SYSTEM32\bcrypt.dll
0x00007ffb3d160000 - 0x00007ffb3d179000 	C:\WINDOWS\SYSTEM32\dhcpcsvc6.DLL
0x00007ffb3c7f0000 - 0x00007ffb3c80f000 	C:\WINDOWS\SYSTEM32\dhcpcsvc.DLL
0x00007ffb42220000 - 0x00007ffb4222e000 	C:\Users\Victus\.p2\pool\plugins\org.eclipse.justj.openjdk.hotspot.jre.full.win32.x86_64_17.0.5.v20221102-0933\jre\bin\sunmscapi.dll
0x00007ffb472f0000 - 0x00007ffb47456000 	C:\WINDOWS\System32\CRYPT32.dll
0x00007ffb46670000 - 0x00007ffb4669d000 	C:\WINDOWS\SYSTEM32\ncrypt.dll
0x00007ffb46630000 - 0x00007ffb46667000 	C:\WINDOWS\SYSTEM32\NTASN1.dll

dbghelp: loaded successfully - version: 4.0.5 - missing functions: none
symbol engine: initialized successfully - sym options: 0x614 - pdb path: .;C:\Users\Victus\.p2\pool\plugins\org.eclipse.justj.openjdk.hotspot.jre.full.win32.x86_64_17.0.5.v20221102-0933\jre\bin;C:\WINDOWS\SYSTEM32;C:\WINDOWS\WinSxS\amd64_microsoft.windows.common-controls_6595b64144ccf1df_6.0.22621.608_none_a9444ca7c10bb01d;C:\Users\Victus\.p2\pool\plugins\org.eclipse.justj.openjdk.hotspot.jre.full.win32.x86_64_17.0.5.v20221102-0933\jre\bin\server

VM Arguments:
jvm_args: -Dfile.encoding=UTF-8 -XX:+ShowCodeDetailsInExceptionMessages 
java_command: views.MainPage
java_class_path (initial): C:\Users\Victus\eclipse-workspace\Final_Assignment\bin;C:\Users\Victus\Downloads\jcalendar-1.4\lib\jcalendar-1.4.jar;C:\Users\Victus\eclipse-workspace\Final_Assignment\libs\mysql-connector-j-8.0.32\mysql-connector-j-8.0.32.jar
Launcher Type: SUN_STANDARD

[Global flags]
     intx CICompilerCount                          = 4                                         {product} {ergonomic}
     uint ConcGCThreads                            = 3                                         {product} {ergonomic}
     uint G1ConcRefinementThreads                  = 10                                        {product} {ergonomic}
   size_t G1HeapRegionSize                         = 1048576                                   {product} {ergonomic}
    uintx GCDrainStackTargetSize                   = 64                                        {product} {ergonomic}
   size_t InitialHeapSize                          = 130023424                                 {product} {ergonomic}
   size_t MarkStackSize                            = 4194304                                   {product} {ergonomic}
   size_t MaxHeapSize                              = 2061500416                                {product} {ergonomic}
   size_t MaxNewSize                               = 1236271104                                {product} {ergonomic}
   size_t MinHeapDeltaBytes                        = 1048576                                   {product} {ergonomic}
   size_t MinHeapSize                              = 8388608                                   {product} {ergonomic}
    uintx NonNMethodCodeHeapSize                   = 5839372                                {pd product} {ergonomic}
    uintx NonProfiledCodeHeapSize                  = 122909434                              {pd product} {ergonomic}
    uintx ProfiledCodeHeapSize                     = 122909434                              {pd product} {ergonomic}
    uintx ReservedCodeCacheSize                    = 251658240                              {pd product} {ergonomic}
     bool SegmentedCodeCache                       = true                                      {product} {ergonomic}
     bool ShowCodeDetailsInExceptionMessages       = true                                   {manageable} {command line}
   size_t SoftMaxHeapSize                          = 2061500416                             {manageable} {ergonomic}
     bool UseCompressedClassPointers               = true                           {product lp64_product} {ergonomic}
     bool UseCompressedOops                        = true                           {product lp64_product} {ergonomic}
     bool UseG1GC                                  = true                                      {product} {ergonomic}
     bool UseLargePagesIndividualAllocation        = false                                  {pd product} {ergonomic}

Logging:
Log output configuration:
 #0: stdout all=warning uptime,level,tags
 #1: stderr all=off uptime,level,tags

Environment Variables:
JAVA_HOME=C:\Program Files\Java\jdk-19
PATH=C:/Users/Victus/.p2/pool/plugins/org.eclipse.justj.openjdk.hotspot.jre.full.win32.x86_64_17.0.5.v20221102-0933/jre/bin/server;C:/Users/Victus/.p2/pool/plugins/org.eclipse.justj.openjdk.hotspot.jre.full.win32.x86_64_17.0.5.v20221102-0933/jre/bin;C:\Program Files\Common Files\Oracle\Java\javapath;C:\windows\system32;C:\windows;C:\windows\System32\Wbem;C:\windows\System32\WindowsPowerShell\v1.0\;C:\windows\System32\OpenSSH\;C:\Program Files (x86)\NVIDIA Corporation\PhysX\Common;C:\Program Files\NVIDIA Corporation\NVIDIA NvDLISR;C:\WINDOWS\system32;C:\WINDOWS;C:\WINDOWS\System32\Wbem;C:\WINDOWS\System32\WindowsPowerShell\v1.0\;C:\WINDOWS\System32\OpenSSH\;C:\Program Files\Java\jdk-19\bin;C:\Program Files\Java\jdk-19\bin;C:\Program Files\PowerShell\7\;C:\Users\Victus\AppData\Local\Programs\Python\Python311\Scripts\;C:\Users\Victus\AppData\Local\Programs\Python\Python311\;C:\Users\Victus\AppData\Local\Microsoft\WindowsApps;;C:\Users\Victus\AppData\Local\Programs\Microsoft VS Code\bin;C:\WINDOWS\System32;
USERNAME=Victus
OS=Windows_NT
PROCESSOR_IDENTIFIER=Intel64 Family 6 Model 154 Stepping 3, GenuineIntel
TMP=C:\Users\Victus\AppData\Local\Temp
TEMP=C:\Users\Victus\AppData\Local\Temp



---------------  S Y S T E M  ---------------

OS:
 Windows 11 , 64 bit Build 22621 (10.0.22621.1344)
OS uptime: 0 days 12:21 hours

CPU: total 12 (initial active 12) (6 cores per cpu, 2 threads per core) family 6 model 154 stepping 3 microcode 0x423, cx8, cmov, fxsr, ht, mmx, 3dnowpref, sse, sse2, sse3, ssse3, sse4.1, sse4.2, popcnt, lzcnt, tsc, tscinvbit, avx, avx2, aes, erms, clmul, bmi1, bmi2, adx, sha, fma, vzeroupper, clflush, clflushopt, clwb

Memory: 4k page, system-wide physical 7860M (739M free)
TotalPageFile size 32436M (AvailPageFile size 5M)
current process WorkingSet (physical memory assigned to process): 182M, peak: 185M
current process commit charge ("private bytes"): 240M, peak: 249M

vm_info: OpenJDK 64-Bit Server VM (17.0.5+8) for windows-amd64 JRE (17.0.5+8), built on Oct 19 2022 04:48:13 by "temurin" with MS VC++ 16.7 (VS2019)

END.
