#
# There is insufficient memory for the Java Runtime Environment to continue.
# Native memory allocation (mmap) failed to map 65536 bytes for Failed to commit metaspace.
# Possible reasons:
#   The system is out of physical RAM or swap space
#   The process is running with CompressedOops enabled, and the Java Heap may be blocking the growth of the native heap
# Possible solutions:
#   Reduce memory load on the system
#   Increase physical memory or swap space
#   Check if swap backing store is full
#   Decrease Java heap size (-Xmx/-Xms)
#   Decrease number of Java threads
#   Decrease Java thread stack sizes (-Xss)
#   Set larger code cache with -XX:ReservedCodeCacheSize=
#   JVM is running with Unscaled Compressed Oops mode in which the Java heap is
#     placed in the first 4GB address space. The Java Heap base address is the
#     maximum limit for the native heap growth. Please use -XX:HeapBaseMinAddress
#     to set the Java Heap base and to place the Java Heap above 4GB virtual address.
# This output file may be truncated or incomplete.
#
#  Out of Memory Error (virtualSpaceNode.cpp:110), pid=12112, tid=21420
#
# JRE version: OpenJDK Runtime Environment Temurin-17.0.5+8 (17.0.5+8) (build 17.0.5+8)
# Java VM: OpenJDK 64-Bit Server VM Temurin-17.0.5+8 (17.0.5+8, mixed mode, tiered, compressed oops, compressed class ptrs, g1 gc, windows-amd64)
# No core dump will be written. Minidumps are not enabled by default on client versions of Windows
#

---------------  S U M M A R Y ------------

Command Line: -Dfile.encoding=UTF-8 -XX:+ShowCodeDetailsInExceptionMessages views.ManagerPage

Host: 12th Gen Intel(R) Core(TM) i5-12450H, 12 cores, 7G,  Windows 11 , 64 bit Build 22621 (10.0.22621.1344)
Time: Thu Apr 13 09:38:25 2023 Pacific Daylight Time elapsed time: 1.853744 seconds (0d 0h 0m 1s)

---------------  T H R E A D  ---------------

Current thread (0x0000021814ee5a10):  JavaThread "AWT-EventQueue-0" [_thread_in_vm, id=21420, stack(0x0000006a08500000,0x0000006a08600000)]

Stack: [0x0000006a08500000,0x0000006a08600000]
Native frames: (J=compiled Java code, j=interpreted, Vv=VM code, C=native code)
V  [jvm.dll+0x676b3a]
V  [jvm.dll+0x831444]
V  [jvm.dll+0x832bee]
V  [jvm.dll+0x833253]
V  [jvm.dll+0x244ce5]
V  [jvm.dll+0x82d4db]
V  [jvm.dll+0x61b2f6]
V  [jvm.dll+0x1bfd2e]
V  [jvm.dll+0x61dc41]
V  [jvm.dll+0x61bc96]
V  [jvm.dll+0x24273c]
V  [jvm.dll+0x6cce0d]
V  [jvm.dll+0x6cd83f]
V  [jvm.dll+0x36f5f3]
V  [jvm.dll+0x36e7d2]
V  [jvm.dll+0x36e778]
V  [jvm.dll+0x55d455]
V  [jvm.dll+0x55c374]
V  [jvm.dll+0x382574]
V  [jvm.dll+0x381bdf]
C  0x000002180001a582

Java frames: (J=compiled Java code, j=interpreted, Vv=VM code)
j  com.mysql.cj.jdbc.NonRegisteringDriver.connect(Ljava/lang/String;Ljava/util/Properties;)Ljava/sql/Connection;+1
j  java.sql.DriverManager.getConnection(Ljava/lang/String;Ljava/util/Properties;Ljava/lang/Class;)Ljava/sql/Connection;+131 java.sql@17.0.5
j  java.sql.DriverManager.getConnection(Ljava/lang/String;Ljava/lang/String;Ljava/lang/String;)Ljava/sql/Connection;+37 java.sql@17.0.5
j  Controllers.ManagerBookingTableJDBC.getData()Ljavax/swing/table/DefaultTableModel;+93
j  views.ManagerBookingStatus.<init>()V+312
j  views.ManagerPage.actionPerformed(Ljava/awt/event/ActionEvent;)V+103
j  javax.swing.AbstractButton.fireActionPerformed(Ljava/awt/event/ActionEvent;)V+84 java.desktop@17.0.5
j  javax.swing.AbstractButton$Handler.actionPerformed(Ljava/awt/event/ActionEvent;)V+5 java.desktop@17.0.5
j  javax.swing.DefaultButtonModel.fireActionPerformed(Ljava/awt/event/ActionEvent;)V+34 java.desktop@17.0.5
j  javax.swing.DefaultButtonModel.setPressed(Z)V+117 java.desktop@17.0.5
j  javax.swing.plaf.basic.BasicButtonListener.mouseReleased(Ljava/awt/event/MouseEvent;)V+35 java.desktop@17.0.5
j  java.awt.Component.processMouseEvent(Ljava/awt/event/MouseEvent;)V+64 java.desktop@17.0.5
j  javax.swing.JComponent.processMouseEvent(Ljava/awt/event/MouseEvent;)V+23 java.desktop@17.0.5
j  java.awt.Component.processEvent(Ljava/awt/AWTEvent;)V+81 java.desktop@17.0.5
j  java.awt.Container.processEvent(Ljava/awt/AWTEvent;)V+18 java.desktop@17.0.5
j  java.awt.Component.dispatchEventImpl(Ljava/awt/AWTEvent;)V+496 java.desktop@17.0.5
j  java.awt.Container.dispatchEventImpl(Ljava/awt/AWTEvent;)V+42 java.desktop@17.0.5
j  java.awt.Component.dispatchEvent(Ljava/awt/AWTEvent;)V+2 java.desktop@17.0.5
j  java.awt.LightweightDispatcher.retargetMouseEvent(Ljava/awt/Component;ILjava/awt/event/MouseEvent;)V+349 java.desktop@17.0.5
j  java.awt.LightweightDispatcher.processMouseEvent(Ljava/awt/event/MouseEvent;)Z+155 java.desktop@17.0.5
j  java.awt.LightweightDispatcher.dispatchEvent(Ljava/awt/AWTEvent;)Z+50 java.desktop@17.0.5
j  java.awt.Container.dispatchEventImpl(Ljava/awt/AWTEvent;)V+12 java.desktop@17.0.5
j  java.awt.Window.dispatchEventImpl(Ljava/awt/AWTEvent;)V+19 java.desktop@17.0.5
j  java.awt.Component.dispatchEvent(Ljava/awt/AWTEvent;)V+2 java.desktop@17.0.5
j  java.awt.EventQueue.dispatchEventImpl(Ljava/awt/AWTEvent;Ljava/lang/Object;)V+41 java.desktop@17.0.5
j  java.awt.EventQueue$4.run()Ljava/lang/Void;+32 java.desktop@17.0.5
j  java.awt.EventQueue$4.run()Ljava/lang/Object;+1 java.desktop@17.0.5
J 1052 c1 java.security.ProtectionDomain$JavaSecurityAccessImpl.doIntersectionPrivilege(Ljava/security/PrivilegedAction;Ljava/security/AccessControlContext;Ljava/security/AccessControlContext;)Ljava/lang/Object; java.base@17.0.5 (22 bytes) @ 0x000002180074cb2c [0x000002180074c8a0+0x000000000000028c]
J 1082 c1 java.awt.EventQueue.dispatchEvent(Ljava/awt/AWTEvent;)V java.desktop@17.0.5 (80 bytes) @ 0x0000021800756d9c [0x00000218007562e0+0x0000000000000abc]
J 1088 c1 java.awt.EventDispatchThread.pumpOneEventForFilters(I)V java.desktop@17.0.5 (113 bytes) @ 0x0000021800759f8c [0x0000021800759920+0x000000000000066c]
j  java.awt.EventDispatchThread.pumpEventsForFilter(ILjava/awt/Conditional;Ljava/awt/EventFilter;)V+35 java.desktop@17.0.5
j  java.awt.EventDispatchThread.pumpEventsForHierarchy(ILjava/awt/Conditional;Ljava/awt/Component;)V+11 java.desktop@17.0.5
j  java.awt.EventDispatchThread.pumpEvents(ILjava/awt/Conditional;)V+4 java.desktop@17.0.5
j  java.awt.EventDispatchThread.pumpEvents(Ljava/awt/Conditional;)V+3 java.desktop@17.0.5
j  java.awt.EventDispatchThread.run()V+9 java.desktop@17.0.5
v  ~StubRoutines::call_stub

---------------  P R O C E S S  ---------------

Threads class SMR info:
_java_thread_list=0x00000218150de540, length=18, elements={
0x000002187f813020, 0x000002187f8159e0, 0x000002187edfcb00, 0x000002187edfd4b0,
0x000002187edfde60, 0x000002187edfe810, 0x000002187f834740, 0x000002187f83d100,
0x000002187f83ea10, 0x000002187f9a0da0, 0x000002187f9b9240, 0x0000021814e3eae0,
0x0000021814e42290, 0x0000021814df9550, 0x0000021814ebd420, 0x0000021814ee5a10,
0x00000218799a7120, 0x0000021814f583f0
}

Java Threads: ( => current thread )
  0x000002187f813020 JavaThread "Reference Handler" daemon [_thread_blocked, id=28756, stack(0x0000006a07500000,0x0000006a07600000)]
  0x000002187f8159e0 JavaThread "Finalizer" daemon [_thread_blocked, id=31264, stack(0x0000006a07600000,0x0000006a07700000)]
  0x000002187edfcb00 JavaThread "Signal Dispatcher" daemon [_thread_blocked, id=24824, stack(0x0000006a07700000,0x0000006a07800000)]
  0x000002187edfd4b0 JavaThread "Attach Listener" daemon [_thread_blocked, id=31712, stack(0x0000006a07800000,0x0000006a07900000)]
  0x000002187edfde60 JavaThread "Service Thread" daemon [_thread_blocked, id=31436, stack(0x0000006a07900000,0x0000006a07a00000)]
  0x000002187edfe810 JavaThread "Monitor Deflation Thread" daemon [_thread_blocked, id=18236, stack(0x0000006a07a00000,0x0000006a07b00000)]
  0x000002187f834740 JavaThread "C2 CompilerThread0" daemon [_thread_blocked, id=21904, stack(0x0000006a07b00000,0x0000006a07c00000)]
  0x000002187f83d100 JavaThread "C1 CompilerThread0" daemon [_thread_blocked, id=4720, stack(0x0000006a07c00000,0x0000006a07d00000)]
  0x000002187f83ea10 JavaThread "Sweeper thread" daemon [_thread_blocked, id=12020, stack(0x0000006a07d00000,0x0000006a07e00000)]
  0x000002187f9a0da0 JavaThread "Notification Thread" daemon [_thread_blocked, id=24548, stack(0x0000006a07e00000,0x0000006a07f00000)]
  0x000002187f9b9240 JavaThread "Common-Cleaner" daemon [_thread_blocked, id=25820, stack(0x0000006a08000000,0x0000006a08100000)]
  0x0000021814e3eae0 JavaThread "Java2D Disposer" daemon [_thread_blocked, id=19732, stack(0x0000006a08100000,0x0000006a08200000)]
  0x0000021814e42290 JavaThread "AWT-Shutdown" [_thread_blocked, id=22296, stack(0x0000006a08200000,0x0000006a08300000)]
  0x0000021814df9550 JavaThread "AWT-Windows" daemon [_thread_in_native, id=30900, stack(0x0000006a08300000,0x0000006a08400000)]
  0x0000021814ebd420 JavaThread "Image Fetcher 3" daemon [_thread_blocked, id=20028, stack(0x0000006a08400000,0x0000006a08500000)]
=>0x0000021814ee5a10 JavaThread "AWT-EventQueue-0" [_thread_in_vm, id=21420, stack(0x0000006a08500000,0x0000006a08600000)]
  0x00000218799a7120 JavaThread "DestroyJavaVM" [_thread_blocked, id=18120, stack(0x0000006a06e00000,0x0000006a06f00000)]
  0x0000021814f583f0 JavaThread "mysql-cj-abandoned-connection-cleanup" daemon [_thread_blocked, id=31044, stack(0x0000006a08600000,0x0000006a08700000)]

Other Threads:
  0x000002187ed8cbb0 VMThread "VM Thread" [stack: 0x0000006a07400000,0x0000006a07500000] [id=18156]
  0x000002187f9a92a0 WatcherThread [stack: 0x0000006a07f00000,0x0000006a08000000] [id=22792]
  0x0000021879a03b70 GCTaskThread "GC Thread#0" [stack: 0x0000006a06f00000,0x0000006a07000000] [id=25420]
  0x0000021879a160e0 ConcurrentGCThread "G1 Main Marker" [stack: 0x0000006a07000000,0x0000006a07100000] [id=24936]
  0x0000021879a18040 ConcurrentGCThread "G1 Conc#0" [stack: 0x0000006a07100000,0x0000006a07200000] [id=18364]
  0x000002187ec320c0 ConcurrentGCThread "G1 Refine#0" [stack: 0x0000006a07200000,0x0000006a07300000] [id=30340]
  0x000002187ec32880 ConcurrentGCThread "G1 Service" [stack: 0x0000006a07300000,0x0000006a07400000] [id=2496]

Threads with active compile tasks:

VM state: not at safepoint (normal execution)

VM Mutex/Monitor currently owned by a thread:  ([mutex/lock_event])
[0x00000218799958a0] Metaspace_lock - owner thread: 0x0000021814ee5a10

Heap address: 0x0000000085200000, size: 1966 MB, Compressed Oops mode: 32-bit

CDS archive(s) not mapped
Compressed class space mapped at: 0x0000000100000000-0x0000000140000000, reserved size: 1073741824
Narrow klass base: 0x0000000000000000, Narrow klass shift: 3, Narrow klass range: 0x140000000

GC Precious Log:
 CPUs: 12 total, 12 available
 Memory: 7860M
 Large Page Support: Disabled
 NUMA Support: Disabled
 Compressed Oops: Enabled (32-bit)
 Heap Region Size: 1M
 Heap Min Capacity: 8M
 Heap Initial Capacity: 124M
 Heap Max Capacity: 1966M
 Pre-touch: Disabled
 Parallel Workers: 10
 Concurrent Workers: 3
 Concurrent Refinement Workers: 10
 Periodic GC: Disabled

Heap:
 garbage-first heap   total 126976K, used 30720K [0x0000000085200000, 0x0000000100000000)
  region size 1024K, 19 young (19456K), 0 survivors (0K)
 Metaspace       used 15497K, committed 15744K, reserved 1064960K
  class space    used 1581K, committed 1728K, reserved 1048576K

Heap Regions: E=young(eden), S=young(survivor), O=old, HS=humongous(starts), HC=humongous(continues), CS=collection set, F=free, OA=open archive, CA=closed archive, TAMS=top-at-mark-start (previous, next)
|   0|0x0000000085200000, 0x0000000085300000, 0x0000000085300000|100%|HS|  |TAMS 0x0000000085200000, 0x0000000085200000| Complete 
|   1|0x0000000085300000, 0x0000000085400000, 0x0000000085400000|100%|HC|  |TAMS 0x0000000085300000, 0x0000000085300000| Complete 
|   2|0x0000000085400000, 0x0000000085500000, 0x0000000085500000|100%|HC|  |TAMS 0x0000000085400000, 0x0000000085400000| Complete 
|   3|0x0000000085500000, 0x0000000085600000, 0x0000000085600000|100%|HC|  |TAMS 0x0000000085500000, 0x0000000085500000| Complete 
|   4|0x0000000085600000, 0x0000000085700000, 0x0000000085700000|100%|HS|  |TAMS 0x0000000085600000, 0x0000000085600000| Complete 
|   5|0x0000000085700000, 0x0000000085800000, 0x0000000085800000|100%|HC|  |TAMS 0x0000000085700000, 0x0000000085700000| Complete 
|   6|0x0000000085800000, 0x0000000085900000, 0x0000000085900000|100%|HC|  |TAMS 0x0000000085800000, 0x0000000085800000| Complete 
|   7|0x0000000085900000, 0x0000000085a00000, 0x0000000085a00000|100%|HC|  |TAMS 0x0000000085900000, 0x0000000085900000| Complete 
|   8|0x0000000085a00000, 0x0000000085b00000, 0x0000000085b00000|100%|HC|  |TAMS 0x0000000085a00000, 0x0000000085a00000| Complete 
|   9|0x0000000085b00000, 0x0000000085c00000, 0x0000000085c00000|100%|HC|  |TAMS 0x0000000085b00000, 0x0000000085b00000| Complete 
|  10|0x0000000085c00000, 0x0000000085d00000, 0x0000000085d00000|100%|HC|  |TAMS 0x0000000085c00000, 0x0000000085c00000| Complete 
|  11|0x0000000085d00000, 0x0000000085e00000, 0x0000000085e00000|100%|HC|  |TAMS 0x0000000085d00000, 0x0000000085d00000| Complete 
|  12|0x0000000085e00000, 0x0000000085e00000, 0x0000000085f00000|  0%| F|  |TAMS 0x0000000085e00000, 0x0000000085e00000| Untracked 
|  13|0x0000000085f00000, 0x0000000085f00000, 0x0000000086000000|  0%| F|  |TAMS 0x0000000085f00000, 0x0000000085f00000| Untracked 
|  14|0x0000000086000000, 0x0000000086000000, 0x0000000086100000|  0%| F|  |TAMS 0x0000000086000000, 0x0000000086000000| Untracked 
|  15|0x0000000086100000, 0x0000000086100000, 0x0000000086200000|  0%| F|  |TAMS 0x0000000086100000, 0x0000000086100000| Untracked 
|  16|0x0000000086200000, 0x0000000086200000, 0x0000000086300000|  0%| F|  |TAMS 0x0000000086200000, 0x0000000086200000| Untracked 
|  17|0x0000000086300000, 0x0000000086300000, 0x0000000086400000|  0%| F|  |TAMS 0x0000000086300000, 0x0000000086300000| Untracked 
|  18|0x0000000086400000, 0x0000000086400000, 0x0000000086500000|  0%| F|  |TAMS 0x0000000086400000, 0x0000000086400000| Untracked 
|  19|0x0000000086500000, 0x0000000086500000, 0x0000000086600000|  0%| F|  |TAMS 0x0000000086500000, 0x0000000086500000| Untracked 
|  20|0x0000000086600000, 0x0000000086600000, 0x0000000086700000|  0%| F|  |TAMS 0x0000000086600000, 0x0000000086600000| Untracked 
|  21|0x0000000086700000, 0x0000000086700000, 0x0000000086800000|  0%| F|  |TAMS 0x0000000086700000, 0x0000000086700000| Untracked 
|  22|0x0000000086800000, 0x0000000086800000, 0x0000000086900000|  0%| F|  |TAMS 0x0000000086800000, 0x0000000086800000| Untracked 
|  23|0x0000000086900000, 0x0000000086900000, 0x0000000086a00000|  0%| F|  |TAMS 0x0000000086900000, 0x0000000086900000| Untracked 
|  24|0x0000000086a00000, 0x0000000086a00000, 0x0000000086b00000|  0%| F|  |TAMS 0x0000000086a00000, 0x0000000086a00000| Untracked 
|  25|0x0000000086b00000, 0x0000000086b00000, 0x0000000086c00000|  0%| F|  |TAMS 0x0000000086b00000, 0x0000000086b00000| Untracked 
|  26|0x0000000086c00000, 0x0000000086c00000, 0x0000000086d00000|  0%| F|  |TAMS 0x0000000086c00000, 0x0000000086c00000| Untracked 
|  27|0x0000000086d00000, 0x0000000086d00000, 0x0000000086e00000|  0%| F|  |TAMS 0x0000000086d00000, 0x0000000086d00000| Untracked 
|  28|0x0000000086e00000, 0x0000000086e00000, 0x0000000086f00000|  0%| F|  |TAMS 0x0000000086e00000, 0x0000000086e00000| Untracked 
|  29|0x0000000086f00000, 0x0000000086f00000, 0x0000000087000000|  0%| F|  |TAMS 0x0000000086f00000, 0x0000000086f00000| Untracked 
|  30|0x0000000087000000, 0x0000000087000000, 0x0000000087100000|  0%| F|  |TAMS 0x0000000087000000, 0x0000000087000000| Untracked 
|  31|0x0000000087100000, 0x0000000087100000, 0x0000000087200000|  0%| F|  |TAMS 0x0000000087100000, 0x0000000087100000| Untracked 
|  32|0x0000000087200000, 0x0000000087200000, 0x0000000087300000|  0%| F|  |TAMS 0x0000000087200000, 0x0000000087200000| Untracked 
|  33|0x0000000087300000, 0x0000000087300000, 0x0000000087400000|  0%| F|  |TAMS 0x0000000087300000, 0x0000000087300000| Untracked 
|  34|0x0000000087400000, 0x0000000087400000, 0x0000000087500000|  0%| F|  |TAMS 0x0000000087400000, 0x0000000087400000| Untracked 
|  35|0x0000000087500000, 0x0000000087500000, 0x0000000087600000|  0%| F|  |TAMS 0x0000000087500000, 0x0000000087500000| Untracked 
|  36|0x0000000087600000, 0x0000000087600000, 0x0000000087700000|  0%| F|  |TAMS 0x0000000087600000, 0x0000000087600000| Untracked 
|  37|0x0000000087700000, 0x0000000087700000, 0x0000000087800000|  0%| F|  |TAMS 0x0000000087700000, 0x0000000087700000| Untracked 
|  38|0x0000000087800000, 0x0000000087800000, 0x0000000087900000|  0%| F|  |TAMS 0x0000000087800000, 0x0000000087800000| Untracked 
|  39|0x0000000087900000, 0x0000000087900000, 0x0000000087a00000|  0%| F|  |TAMS 0x0000000087900000, 0x0000000087900000| Untracked 
|  40|0x0000000087a00000, 0x0000000087a00000, 0x0000000087b00000|  0%| F|  |TAMS 0x0000000087a00000, 0x0000000087a00000| Untracked 
|  41|0x0000000087b00000, 0x0000000087b00000, 0x0000000087c00000|  0%| F|  |TAMS 0x0000000087b00000, 0x0000000087b00000| Untracked 
|  42|0x0000000087c00000, 0x0000000087c00000, 0x0000000087d00000|  0%| F|  |TAMS 0x0000000087c00000, 0x0000000087c00000| Untracked 
|  43|0x0000000087d00000, 0x0000000087d00000, 0x0000000087e00000|  0%| F|  |TAMS 0x0000000087d00000, 0x0000000087d00000| Untracked 
|  44|0x0000000087e00000, 0x0000000087e00000, 0x0000000087f00000|  0%| F|  |TAMS 0x0000000087e00000, 0x0000000087e00000| Untracked 
|  45|0x0000000087f00000, 0x0000000087f00000, 0x0000000088000000|  0%| F|  |TAMS 0x0000000087f00000, 0x0000000087f00000| Untracked 
|  46|0x0000000088000000, 0x0000000088000000, 0x0000000088100000|  0%| F|  |TAMS 0x0000000088000000, 0x0000000088000000| Untracked 
|  47|0x0000000088100000, 0x0000000088100000, 0x0000000088200000|  0%| F|  |TAMS 0x0000000088100000, 0x0000000088100000| Untracked 
|  48|0x0000000088200000, 0x0000000088200000, 0x0000000088300000|  0%| F|  |TAMS 0x0000000088200000, 0x0000000088200000| Untracked 
|  49|0x0000000088300000, 0x0000000088300000, 0x0000000088400000|  0%| F|  |TAMS 0x0000000088300000, 0x0000000088300000| Untracked 
|  50|0x0000000088400000, 0x0000000088400000, 0x0000000088500000|  0%| F|  |TAMS 0x0000000088400000, 0x0000000088400000| Untracked 
|  51|0x0000000088500000, 0x0000000088500000, 0x0000000088600000|  0%| F|  |TAMS 0x0000000088500000, 0x0000000088500000| Untracked 
|  52|0x0000000088600000, 0x0000000088600000, 0x0000000088700000|  0%| F|  |TAMS 0x0000000088600000, 0x0000000088600000| Untracked 
|  53|0x0000000088700000, 0x0000000088700000, 0x0000000088800000|  0%| F|  |TAMS 0x0000000088700000, 0x0000000088700000| Untracked 
|  54|0x0000000088800000, 0x0000000088800000, 0x0000000088900000|  0%| F|  |TAMS 0x0000000088800000, 0x0000000088800000| Untracked 
|  55|0x0000000088900000, 0x0000000088900000, 0x0000000088a00000|  0%| F|  |TAMS 0x0000000088900000, 0x0000000088900000| Untracked 
|  56|0x0000000088a00000, 0x0000000088a00000, 0x0000000088b00000|  0%| F|  |TAMS 0x0000000088a00000, 0x0000000088a00000| Untracked 
|  57|0x0000000088b00000, 0x0000000088b00000, 0x0000000088c00000|  0%| F|  |TAMS 0x0000000088b00000, 0x0000000088b00000| Untracked 
|  58|0x0000000088c00000, 0x0000000088c00000, 0x0000000088d00000|  0%| F|  |TAMS 0x0000000088c00000, 0x0000000088c00000| Untracked 
|  59|0x0000000088d00000, 0x0000000088d00000, 0x0000000088e00000|  0%| F|  |TAMS 0x0000000088d00000, 0x0000000088d00000| Untracked 
|  60|0x0000000088e00000, 0x0000000088e00000, 0x0000000088f00000|  0%| F|  |TAMS 0x0000000088e00000, 0x0000000088e00000| Untracked 
|  61|0x0000000088f00000, 0x0000000088f00000, 0x0000000089000000|  0%| F|  |TAMS 0x0000000088f00000, 0x0000000088f00000| Untracked 
|  62|0x0000000089000000, 0x0000000089000000, 0x0000000089100000|  0%| F|  |TAMS 0x0000000089000000, 0x0000000089000000| Untracked 
|  63|0x0000000089100000, 0x0000000089100000, 0x0000000089200000|  0%| F|  |TAMS 0x0000000089100000, 0x0000000089100000| Untracked 
|  64|0x0000000089200000, 0x0000000089200000, 0x0000000089300000|  0%| F|  |TAMS 0x0000000089200000, 0x0000000089200000| Untracked 
|  65|0x0000000089300000, 0x0000000089300000, 0x0000000089400000|  0%| F|  |TAMS 0x0000000089300000, 0x0000000089300000| Untracked 
|  66|0x0000000089400000, 0x0000000089400000, 0x0000000089500000|  0%| F|  |TAMS 0x0000000089400000, 0x0000000089400000| Untracked 
|  67|0x0000000089500000, 0x0000000089500000, 0x0000000089600000|  0%| F|  |TAMS 0x0000000089500000, 0x0000000089500000| Untracked 
|  68|0x0000000089600000, 0x0000000089600000, 0x0000000089700000|  0%| F|  |TAMS 0x0000000089600000, 0x0000000089600000| Untracked 
|  69|0x0000000089700000, 0x0000000089700000, 0x0000000089800000|  0%| F|  |TAMS 0x0000000089700000, 0x0000000089700000| Untracked 
|  70|0x0000000089800000, 0x0000000089800000, 0x0000000089900000|  0%| F|  |TAMS 0x0000000089800000, 0x0000000089800000| Untracked 
|  71|0x0000000089900000, 0x0000000089900000, 0x0000000089a00000|  0%| F|  |TAMS 0x0000000089900000, 0x0000000089900000| Untracked 
|  72|0x0000000089a00000, 0x0000000089a00000, 0x0000000089b00000|  0%| F|  |TAMS 0x0000000089a00000, 0x0000000089a00000| Untracked 
|  73|0x0000000089b00000, 0x0000000089b00000, 0x0000000089c00000|  0%| F|  |TAMS 0x0000000089b00000, 0x0000000089b00000| Untracked 
|  74|0x0000000089c00000, 0x0000000089c00000, 0x0000000089d00000|  0%| F|  |TAMS 0x0000000089c00000, 0x0000000089c00000| Untracked 
|  75|0x0000000089d00000, 0x0000000089d00000, 0x0000000089e00000|  0%| F|  |TAMS 0x0000000089d00000, 0x0000000089d00000| Untracked 
|  76|0x0000000089e00000, 0x0000000089e00000, 0x0000000089f00000|  0%| F|  |TAMS 0x0000000089e00000, 0x0000000089e00000| Untracked 
|  77|0x0000000089f00000, 0x0000000089f00000, 0x000000008a000000|  0%| F|  |TAMS 0x0000000089f00000, 0x0000000089f00000| Untracked 
|  78|0x000000008a000000, 0x000000008a000000, 0x000000008a100000|  0%| F|  |TAMS 0x000000008a000000, 0x000000008a000000| Untracked 
|  79|0x000000008a100000, 0x000000008a100000, 0x000000008a200000|  0%| F|  |TAMS 0x000000008a100000, 0x000000008a100000| Untracked 
|  80|0x000000008a200000, 0x000000008a200000, 0x000000008a300000|  0%| F|  |TAMS 0x000000008a200000, 0x000000008a200000| Untracked 
|  81|0x000000008a300000, 0x000000008a300000, 0x000000008a400000|  0%| F|  |TAMS 0x000000008a300000, 0x000000008a300000| Untracked 
|  82|0x000000008a400000, 0x000000008a400000, 0x000000008a500000|  0%| F|  |TAMS 0x000000008a400000, 0x000000008a400000| Untracked 
|  83|0x000000008a500000, 0x000000008a500000, 0x000000008a600000|  0%| F|  |TAMS 0x000000008a500000, 0x000000008a500000| Untracked 
|  84|0x000000008a600000, 0x000000008a600000, 0x000000008a700000|  0%| F|  |TAMS 0x000000008a600000, 0x000000008a600000| Untracked 
|  85|0x000000008a700000, 0x000000008a700000, 0x000000008a800000|  0%| F|  |TAMS 0x000000008a700000, 0x000000008a700000| Untracked 
|  86|0x000000008a800000, 0x000000008a800000, 0x000000008a900000|  0%| F|  |TAMS 0x000000008a800000, 0x000000008a800000| Untracked 
|  87|0x000000008a900000, 0x000000008a900000, 0x000000008aa00000|  0%| F|  |TAMS 0x000000008a900000, 0x000000008a900000| Untracked 
|  88|0x000000008aa00000, 0x000000008aa00000, 0x000000008ab00000|  0%| F|  |TAMS 0x000000008aa00000, 0x000000008aa00000| Untracked 
|  89|0x000000008ab00000, 0x000000008ab00000, 0x000000008ac00000|  0%| F|  |TAMS 0x000000008ab00000, 0x000000008ab00000| Untracked 
|  90|0x000000008ac00000, 0x000000008ac00000, 0x000000008ad00000|  0%| F|  |TAMS 0x000000008ac00000, 0x000000008ac00000| Untracked 
|  91|0x000000008ad00000, 0x000000008ad00000, 0x000000008ae00000|  0%| F|  |TAMS 0x000000008ad00000, 0x000000008ad00000| Untracked 
|  92|0x000000008ae00000, 0x000000008ae00000, 0x000000008af00000|  0%| F|  |TAMS 0x000000008ae00000, 0x000000008ae00000| Untracked 
|  93|0x000000008af00000, 0x000000008af00000, 0x000000008b000000|  0%| F|  |TAMS 0x000000008af00000, 0x000000008af00000| Untracked 
|  94|0x000000008b000000, 0x000000008b000000, 0x000000008b100000|  0%| F|  |TAMS 0x000000008b000000, 0x000000008b000000| Untracked 
|  95|0x000000008b100000, 0x000000008b100000, 0x000000008b200000|  0%| F|  |TAMS 0x000000008b100000, 0x000000008b100000| Untracked 
|  96|0x000000008b200000, 0x000000008b200000, 0x000000008b300000|  0%| F|  |TAMS 0x000000008b200000, 0x000000008b200000| Untracked 
|  97|0x000000008b300000, 0x000000008b300000, 0x000000008b400000|  0%| F|  |TAMS 0x000000008b300000, 0x000000008b300000| Untracked 
|  98|0x000000008b400000, 0x000000008b400000, 0x000000008b500000|  0%| F|  |TAMS 0x000000008b400000, 0x000000008b400000| Untracked 
|  99|0x000000008b500000, 0x000000008b500000, 0x000000008b600000|  0%| F|  |TAMS 0x000000008b500000, 0x000000008b500000| Untracked 
| 100|0x000000008b600000, 0x000000008b600000, 0x000000008b700000|  0%| F|  |TAMS 0x000000008b600000, 0x000000008b600000| Untracked 
| 101|0x000000008b700000, 0x000000008b700000, 0x000000008b800000|  0%| F|  |TAMS 0x000000008b700000, 0x000000008b700000| Untracked 
| 102|0x000000008b800000, 0x000000008b800000, 0x000000008b900000|  0%| F|  |TAMS 0x000000008b800000, 0x000000008b800000| Untracked 
| 103|0x000000008b900000, 0x000000008b900000, 0x000000008ba00000|  0%| F|  |TAMS 0x000000008b900000, 0x000000008b900000| Untracked 
| 104|0x000000008ba00000, 0x000000008ba00000, 0x000000008bb00000|  0%| F|  |TAMS 0x000000008ba00000, 0x000000008ba00000| Untracked 
| 105|0x000000008bb00000, 0x000000008bc00000, 0x000000008bc00000|100%| E|  |TAMS 0x000000008bb00000, 0x000000008bb00000| Complete 
| 106|0x000000008bc00000, 0x000000008bd00000, 0x000000008bd00000|100%| E|CS|TAMS 0x000000008bc00000, 0x000000008bc00000| Complete 
| 107|0x000000008bd00000, 0x000000008be00000, 0x000000008be00000|100%| E|CS|TAMS 0x000000008bd00000, 0x000000008bd00000| Complete 
| 108|0x000000008be00000, 0x000000008bf00000, 0x000000008bf00000|100%| E|CS|TAMS 0x000000008be00000, 0x000000008be00000| Complete 
| 109|0x000000008bf00000, 0x000000008c000000, 0x000000008c000000|100%| E|CS|TAMS 0x000000008bf00000, 0x000000008bf00000| Complete 
| 110|0x000000008c000000, 0x000000008c100000, 0x000000008c100000|100%| E|CS|TAMS 0x000000008c000000, 0x000000008c000000| Complete 
| 111|0x000000008c100000, 0x000000008c200000, 0x000000008c200000|100%| E|CS|TAMS 0x000000008c100000, 0x000000008c100000| Complete 
| 112|0x000000008c200000, 0x000000008c300000, 0x000000008c300000|100%| E|CS|TAMS 0x000000008c200000, 0x000000008c200000| Complete 
| 113|0x000000008c300000, 0x000000008c400000, 0x000000008c400000|100%| E|CS|TAMS 0x000000008c300000, 0x000000008c300000| Complete 
| 114|0x000000008c400000, 0x000000008c500000, 0x000000008c500000|100%| E|CS|TAMS 0x000000008c400000, 0x000000008c400000| Complete 
| 115|0x000000008c500000, 0x000000008c600000, 0x000000008c600000|100%| E|CS|TAMS 0x000000008c500000, 0x000000008c500000| Complete 
| 116|0x000000008c600000, 0x000000008c700000, 0x000000008c700000|100%| E|CS|TAMS 0x000000008c600000, 0x000000008c600000| Complete 
| 117|0x000000008c700000, 0x000000008c800000, 0x000000008c800000|100%| E|CS|TAMS 0x000000008c700000, 0x000000008c700000| Complete 
| 118|0x000000008c800000, 0x000000008c900000, 0x000000008c900000|100%| E|CS|TAMS 0x000000008c800000, 0x000000008c800000| Complete 
| 119|0x000000008c900000, 0x000000008ca00000, 0x000000008ca00000|100%| E|CS|TAMS 0x000000008c900000, 0x000000008c900000| Complete 
| 120|0x000000008ca00000, 0x000000008cb00000, 0x000000008cb00000|100%| E|CS|TAMS 0x000000008ca00000, 0x000000008ca00000| Complete 
| 121|0x000000008cb00000, 0x000000008cc00000, 0x000000008cc00000|100%| E|CS|TAMS 0x000000008cb00000, 0x000000008cb00000| Complete 
| 122|0x000000008cc00000, 0x000000008cd00000, 0x000000008cd00000|100%| E|CS|TAMS 0x000000008cc00000, 0x000000008cc00000| Complete 
| 123|0x000000008cd00000, 0x000000008ce00000, 0x000000008ce00000|100%| E|CS|TAMS 0x000000008cd00000, 0x000000008cd00000| Complete 

Card table byte_map: [0x000002187d9a0000,0x000002187dd80000] _byte_map_base: 0x000002187d577000

Marking Bits (Prev, Next): (CMBitMap*) 0x0000021879a06090, (CMBitMap*) 0x0000021879a060d0
 Prev Bits: [0x000002180f000000, 0x0000021810eb8000)
 Next Bits: [0x0000021810ec0000, 0x0000021812d78000)

Polling page: 0x0000021877930000

Metaspace:

Usage:
  Non-class:     13.59 MB used.
      Class:      1.54 MB used.
       Both:     15.13 MB used.

Virtual space:
  Non-class space:       16.00 MB reserved,      13.69 MB ( 86%) committed,  2 nodes.
      Class space:        1.00 GB reserved,       1.69 MB ( <1%) committed,  1 nodes.
             Both:        1.02 GB reserved,      15.38 MB (  1%) committed. 

Chunk freelists:
   Non-Class:  2.11 MB
       Class:  2.24 MB
        Both:  4.35 MB

MaxMetaspaceSize: unlimited
CompressedClassSpaceSize: 1.00 GB
Initial GC threshold: 21.00 MB
Current GC threshold: 21.00 MB
CDS: off
MetaspaceReclaimPolicy: balanced
 - commit_granule_bytes: 65536.
 - commit_granule_words: 8192.
 - virtual_space_node_default_size: 1048576.
 - enlarge_chunks_in_place: 1.
 - new_chunks_are_fully_committed: 0.
 - uncommit_free_chunks: 1.
 - use_allocation_guard: 0.
 - handle_deallocations: 1.


Internal statistics:

num_allocs_failed_limit: 0.
num_arena_births: 130.
num_arena_deaths: 0.
num_vsnodes_births: 3.
num_vsnodes_deaths: 0.
num_space_committed: 246.
num_space_uncommitted: 0.
num_chunks_returned_to_freelist: 0.
num_chunks_taken_from_freelist: 209.
num_chunk_merges: 0.
num_chunk_splits: 117.
num_chunks_enlarged: 58.
num_purges: 0.
num_inconsistent_stats: 0.

CodeHeap 'non-profiled nmethods': size=120000Kb used=310Kb max_used=310Kb free=119689Kb
 bounds [0x0000021807ad0000, 0x0000021807d40000, 0x000002180f000000]
CodeHeap 'profiled nmethods': size=120000Kb used=2008Kb max_used=2008Kb free=117992Kb
 bounds [0x00000218005a0000, 0x0000021800810000, 0x0000021807ad0000]
CodeHeap 'non-nmethods': size=5760Kb used=1258Kb max_used=1274Kb free=4501Kb
 bounds [0x0000021800000000, 0x0000021800270000, 0x00000218005a0000]
 total_blobs=1780 nmethods=1197 adapters=496
 compilation: enabled
              stopped_count=0, restarted_count=0
 full_count=0

Compilation events (20 events):
Event: 1.844 Thread 0x000002187f83d100 nmethod 1186 0x000002180078db90 code [0x000002180078dd20, 0x000002180078de68]
Event: 1.844 Thread 0x000002187f834740 1187       4       java.util.HashMap::put (13 bytes)
Event: 1.846 Thread 0x000002187f83d100 1189       1       java.util.zip.Inflater$InflaterZStreamRef::address (5 bytes)
Event: 1.846 Thread 0x000002187f83d100 nmethod 1189 0x0000021807b1ab90 code [0x0000021807b1ad20, 0x0000021807b1adf8]
Event: 1.847 Thread 0x000002187f83d100 1190       1       java.net.URL::getProtocol (5 bytes)
Event: 1.847 Thread 0x000002187f83d100 nmethod 1190 0x0000021807b1ae90 code [0x0000021807b1b020, 0x0000021807b1b0f8]
Event: 1.848 Thread 0x000002187f83d100 1192       3       java.lang.ClassLoader::checkName (37 bytes)
Event: 1.848 Thread 0x000002187f83d100 nmethod 1192 0x000002180078df10 code [0x000002180078e160, 0x000002180078eb38]
Event: 1.848 Thread 0x000002187f83d100 1193       3       java.lang.invoke.TypeConvertingMethodAdapter::convertType (299 bytes)
Event: 1.850 Thread 0x000002187f83d100 nmethod 1193 0x000002180078ee90 code [0x000002180078f4c0, 0x00000218007929c8]
Event: 1.850 Thread 0x000002187f83d100 1194       3       jdk.internal.module.SystemModuleFinders$SystemImage::reader (4 bytes)
Event: 1.850 Thread 0x000002187f83d100 nmethod 1194 0x0000021800793b10 code [0x0000021800793ca0, 0x0000021800793d98]
Event: 1.850 Thread 0x000002187f83d100 1197       3       java.io.WinNTFileSystem::normalize (143 bytes)
Event: 1.851 Thread 0x000002187f834740 nmethod 1187 0x0000021807b1b190 code [0x0000021807b1b380, 0x0000021807b1be08]
Event: 1.851 Thread 0x000002187f834740 1188       4       java.util.HashMap::putVal (300 bytes)
Event: 1.851 Thread 0x000002187f83d100 nmethod 1197 0x0000021800793e10 code [0x00000218007940a0, 0x0000021800794c78]
Event: 1.851 Thread 0x000002187f83d100 1195       3       jdk.internal.jimage.ImageReader::requireOpen (18 bytes)
Event: 1.851 Thread 0x000002187f83d100 nmethod 1195 0x0000021800795110 code [0x00000218007952c0, 0x00000218007954c8]
Event: 1.851 Thread 0x000002187f83d100 1196       3       jdk.internal.loader.BuiltinClassLoader::moduleReaderFor (45 bytes)
Event: 1.851 Thread 0x000002187f83d100 nmethod 1196 0x0000021800795590 code [0x0000021800795780, 0x0000021800795e38]

GC Heap History (0 events):
No events

Dll operation events (9 events):
Event: 0.005 Loaded shared library C:\Users\Victus\.p2\pool\plugins\org.eclipse.justj.openjdk.hotspot.jre.full.win32.x86_64_17.0.5.v20221102-0933\jre\bin\java.dll
Event: 0.076 Loaded shared library C:\Users\Victus\.p2\pool\plugins\org.eclipse.justj.openjdk.hotspot.jre.full.win32.x86_64_17.0.5.v20221102-0933\jre\bin\jimage.dll
Event: 0.084 Loaded shared library C:\Users\Victus\.p2\pool\plugins\org.eclipse.justj.openjdk.hotspot.jre.full.win32.x86_64_17.0.5.v20221102-0933\jre\bin\net.dll
Event: 0.085 Loaded shared library C:\Users\Victus\.p2\pool\plugins\org.eclipse.justj.openjdk.hotspot.jre.full.win32.x86_64_17.0.5.v20221102-0933\jre\bin\nio.dll
Event: 0.090 Loaded shared library C:\Users\Victus\.p2\pool\plugins\org.eclipse.justj.openjdk.hotspot.jre.full.win32.x86_64_17.0.5.v20221102-0933\jre\bin\zip.dll
Event: 0.109 Loaded shared library C:\Users\Victus\.p2\pool\plugins\org.eclipse.justj.openjdk.hotspot.jre.full.win32.x86_64_17.0.5.v20221102-0933\jre\bin\awt.dll
Event: 0.210 Loaded shared library C:\Users\Victus\.p2\pool\plugins\org.eclipse.justj.openjdk.hotspot.jre.full.win32.x86_64_17.0.5.v20221102-0933\jre\bin\javajpeg.dll
Event: 0.248 Loaded shared library C:\Users\Victus\.p2\pool\plugins\org.eclipse.justj.openjdk.hotspot.jre.full.win32.x86_64_17.0.5.v20221102-0933\jre\bin\freetype.dll
Event: 0.249 Loaded shared library C:\Users\Victus\.p2\pool\plugins\org.eclipse.justj.openjdk.hotspot.jre.full.win32.x86_64_17.0.5.v20221102-0933\jre\bin\fontmanager.dll

Deoptimization events (20 events):
Event: 1.831 Thread 0x0000021814ee5a10 Uncommon trap: trap_request=0xffffffde fr.pc=0x0000021807b1809c relative=0x00000000000004dc
Event: 1.831 Thread 0x0000021814ee5a10 Uncommon trap: reason=class_check action=maybe_recompile pc=0x0000021807b1809c method=java.util.HashMap.getNode(Ljava/lang/Object;)Ljava/util/HashMap$Node; @ 128 c2
Event: 1.831 Thread 0x0000021814ee5a10 DEOPT PACKING pc=0x0000021807b1809c sp=0x0000006a085fdd90
Event: 1.831 Thread 0x0000021814ee5a10 DEOPT UNPACKING pc=0x00000218000523a3 sp=0x0000006a085fdd08 mode 2
Event: 1.835 Thread 0x0000021814ee5a10 Uncommon trap: trap_request=0xffffffde fr.pc=0x0000021807b1809c relative=0x00000000000004dc
Event: 1.835 Thread 0x0000021814ee5a10 Uncommon trap: reason=class_check action=maybe_recompile pc=0x0000021807b1809c method=java.util.HashMap.getNode(Ljava/lang/Object;)Ljava/util/HashMap$Node; @ 128 c2
Event: 1.835 Thread 0x0000021814ee5a10 DEOPT PACKING pc=0x0000021807b1809c sp=0x0000006a085fdbe0
Event: 1.835 Thread 0x0000021814ee5a10 DEOPT UNPACKING pc=0x00000218000523a3 sp=0x0000006a085fdb58 mode 2
Event: 1.835 Thread 0x0000021814ee5a10 Uncommon trap: trap_request=0xffffffde fr.pc=0x0000021807b1809c relative=0x00000000000004dc
Event: 1.835 Thread 0x0000021814ee5a10 Uncommon trap: reason=class_check action=maybe_recompile pc=0x0000021807b1809c method=java.util.HashMap.getNode(Ljava/lang/Object;)Ljava/util/HashMap$Node; @ 128 c2
Event: 1.835 Thread 0x0000021814ee5a10 DEOPT PACKING pc=0x0000021807b1809c sp=0x0000006a085fdbe0
Event: 1.835 Thread 0x0000021814ee5a10 DEOPT UNPACKING pc=0x00000218000523a3 sp=0x0000006a085fdb58 mode 2
Event: 1.835 Thread 0x0000021814ee5a10 Uncommon trap: trap_request=0xffffffde fr.pc=0x0000021807b1809c relative=0x00000000000004dc
Event: 1.835 Thread 0x0000021814ee5a10 Uncommon trap: reason=class_check action=maybe_recompile pc=0x0000021807b1809c method=java.util.HashMap.getNode(Ljava/lang/Object;)Ljava/util/HashMap$Node; @ 128 c2
Event: 1.835 Thread 0x0000021814ee5a10 DEOPT PACKING pc=0x0000021807b1809c sp=0x0000006a085fdbe0
Event: 1.835 Thread 0x0000021814ee5a10 DEOPT UNPACKING pc=0x00000218000523a3 sp=0x0000006a085fdb58 mode 2
Event: 1.842 Thread 0x0000021814ee5a10 Uncommon trap: trap_request=0xffffff45 fr.pc=0x0000021807b02518 relative=0x00000000000001f8
Event: 1.842 Thread 0x0000021814ee5a10 Uncommon trap: reason=unstable_if action=reinterpret pc=0x0000021807b02518 method=java.io.WinNTFileSystem.normalize(Ljava/lang/String;)Ljava/lang/String; @ 104 c2
Event: 1.842 Thread 0x0000021814ee5a10 DEOPT PACKING pc=0x0000021807b02518 sp=0x0000006a085fdd60
Event: 1.842 Thread 0x0000021814ee5a10 DEOPT UNPACKING pc=0x00000218000523a3 sp=0x0000006a085fdcd8 mode 2

Classes unloaded (0 events):
No events

Classes redefined (0 events):
No events

Internal exceptions (14 events):
Event: 0.104 Thread 0x00000218799a7120 Exception <a 'java/lang/ClassNotFoundException'{0x000000008cc7f830}: sun/awt/resources/spi/awtProvider> (0x000000008cc7f830) 
thrown [s\src\hotspot\share\classfile\systemDictionary.cpp, line 256]
Event: 0.121 Thread 0x00000218799a7120 Exception <a 'java/io/FileNotFoundException'{0x000000008ccd9fb0}> (0x000000008ccd9fb0) 
thrown [s\src\hotspot\share\prims\jni.cpp, line 516]
Event: 0.125 Thread 0x00000218799a7120 Exception <a 'java/io/FileNotFoundException'{0x000000008cb079f0}> (0x000000008cb079f0) 
thrown [s\src\hotspot\share\prims\jni.cpp, line 516]
Event: 0.155 Thread 0x00000218799a7120 Exception <a 'java/lang/NoSuchMethodError'{0x000000008cb584f8}: 'java.lang.Object java.lang.invoke.DirectMethodHandle$Holder.invokeStaticInit(java.lang.Object)'> (0x000000008cb584f8) 
thrown [s\src\hotspot\share\interpreter\linkResolver.cpp, line 759]
Event: 0.177 Thread 0x00000218799a7120 Exception <a 'java/lang/NoSuchMethodError'{0x000000008ca18928}: 'void java.lang.invoke.DirectMethodHandle$Holder.invokeSpecial(java.lang.Object, java.lang.Object, java.lang.Object)'> (0x000000008ca18928) 
thrown [s\src\hotspot\share\interpreter\linkResolver.cpp, line 759]
Event: 0.182 Thread 0x00000218799a7120 Exception <a 'java/lang/NoSuchMethodError'{0x000000008ca42b18}: 'java.lang.Object java.lang.invoke.DirectMethodHandle$Holder.newInvokeSpecial(java.lang.Object, java.lang.Object, java.lang.Object, java.lang.Object, java.lang.Object)'> (0x000000008ca42b18) 
thrown [s\src\hotspot\share\interpreter\linkResolver.cpp, line 759]
Event: 0.183 Thread 0x00000218799a7120 Exception <a 'java/lang/NoSuchMethodError'{0x000000008ca4e4e0}: 'java.lang.Object java.lang.invoke.DirectMethodHandle$Holder.invokeStatic(java.lang.Object, int, java.lang.Object, java.lang.Object, java.lang.Object, java.lang.Object)'> (0x000000008ca4e4e0) 
thrown [s\src\hotspot\share\interpreter\linkResolver.cpp, line 759]
Event: 0.186 Thread 0x00000218799a7120 Exception <a 'java/lang/NoSuchMethodError'{0x000000008ca73ca0}: 'java.lang.Object java.lang.invoke.DirectMethodHandle$Holder.invokeStatic(java.lang.Object, int, java.lang.Object)'> (0x000000008ca73ca0) 
thrown [s\src\hotspot\share\interpreter\linkResolver.cpp, line 759]
Event: 0.201 Thread 0x00000218799a7120 Exception <a 'java/lang/ClassNotFoundException'{0x000000008c92c4f0}: com/sun/swing/internal/plaf/metal/resources/spi/metalProvider> (0x000000008c92c4f0) 
thrown [s\src\hotspot\share\classfile\systemDictionary.cpp, line 256]
Event: 0.201 Thread 0x00000218799a7120 Exception <a 'java/lang/ClassNotFoundException'{0x000000008c9303c8}: com/sun/swing/internal/plaf/basic/resources/spi/basicProvider> (0x000000008c9303c8) 
thrown [s\src\hotspot\share\classfile\systemDictionary.cpp, line 256]
Event: 0.211 Thread 0x0000021814ebd420 Exception <a 'java/lang/NoSuchMethodError'{0x000000008c981ff0}: 'java.lang.Object java.lang.invoke.DirectMethodHandle$Holder.newInvokeSpecial(java.lang.Object, java.lang.Object, java.lang.Object, int, int, int, int, int)'> (0x000000008c981ff0) 
thrown [s\src\hotspot\share\interpreter\linkResolver.cpp, line 759]
Event: 0.236 Thread 0x0000021814df9550 Exception <a 'java/lang/NoSuchMethodError'{0x000000008cb863a8}: 'void java.lang.invoke.DirectMethodHandle$Holder.invokeVirtual(java.lang.Object, java.lang.Object)'> (0x000000008cb863a8) 
thrown [s\src\hotspot\share\interpreter\linkResolver.cpp, line 759]
Event: 0.245 Thread 0x00000218799a7120 Exception <a 'java/lang/NoSuchMethodError'{0x000000008c504b70}: 'void java.lang.invoke.DirectMethodHandle$Holder.invokeStaticInit(java.lang.Object)'> (0x000000008c504b70) 
thrown [s\src\hotspot\share\interpreter\linkResolver.cpp, line 759]
Event: 1.798 Thread 0x0000021814ee5a10 Implicit null exception at 0x0000021807b0d4fc to 0x0000021807b0d56c

VM Operations (14 events):
Event: 0.200 Executing VM operation: HandshakeAllThreads
Event: 0.200 Executing VM operation: HandshakeAllThreads done
Event: 0.227 Executing VM operation: HandshakeAllThreads
Event: 0.227 Executing VM operation: HandshakeAllThreads done
Event: 0.258 Executing VM operation: HandshakeAllThreads
Event: 0.258 Executing VM operation: HandshakeAllThreads done
Event: 0.288 Executing VM operation: HandshakeAllThreads
Event: 0.288 Executing VM operation: HandshakeAllThreads done
Event: 1.298 Executing VM operation: Cleanup
Event: 1.298 Executing VM operation: Cleanup done
Event: 1.829 Executing VM operation: HandshakeAllThreads
Event: 1.829 Executing VM operation: HandshakeAllThreads done
Event: 1.841 Executing VM operation: HandshakeAllThreads
Event: 1.841 Executing VM operation: HandshakeAllThreads done

Events (20 events):
Event: 1.849 loading class java/util/concurrent/RejectedExecutionHandler
Event: 1.849 loading class java/util/concurrent/RejectedExecutionHandler done
Event: 1.849 loading class java/util/concurrent/ThreadPoolExecutor$AbortPolicy done
Event: 1.849 loading class java/util/concurrent/LinkedBlockingQueue
Event: 1.849 loading class java/util/concurrent/BlockingQueue
Event: 1.849 loading class java/util/concurrent/BlockingQueue done
Event: 1.849 loading class java/util/concurrent/LinkedBlockingQueue done
Event: 1.850 loading class java/util/concurrent/LinkedBlockingQueue$Node
Event: 1.850 loading class java/util/concurrent/LinkedBlockingQueue$Node done
Event: 1.850 loading class java/util/concurrent/ThreadPoolExecutor$Worker
Event: 1.850 loading class java/util/concurrent/ThreadPoolExecutor$Worker done
Event: 1.850 loading class java/lang/Thread$State
Event: 1.850 loading class java/lang/Thread$State done
Event: 1.850 Thread 0x0000021814f583f0 Thread added: 0x0000021814f583f0
Event: 1.852 loading class javax/naming/NamingException
Event: 1.852 loading class javax/naming/NamingException done
Event: 1.852 loading class java/lang/InstantiationException
Event: 1.852 loading class java/lang/InstantiationException done
Event: 1.852 loading class java/lang/NumberFormatException
Event: 1.852 loading class java/lang/NumberFormatException done


Dynamic libraries:
0x00007ff7b2620000 - 0x00007ff7b262e000 	C:\Users\Victus\.p2\pool\plugins\org.eclipse.justj.openjdk.hotspot.jre.full.win32.x86_64_17.0.5.v20221102-0933\jre\bin\javaw.exe
0x00007ff8d8430000 - 0x00007ff8d8644000 	C:\WINDOWS\SYSTEM32\ntdll.dll
0x00007ff8d6f30000 - 0x00007ff8d6ff3000 	C:\WINDOWS\System32\KERNEL32.DLL
0x00007ff8d5910000 - 0x00007ff8d5cac000 	C:\WINDOWS\System32\KERNELBASE.dll
0x00007ff8d5e20000 - 0x00007ff8d5f31000 	C:\WINDOWS\System32\ucrtbase.dll
0x00007ff8a6ee0000 - 0x00007ff8a6ef7000 	C:\Users\Victus\.p2\pool\plugins\org.eclipse.justj.openjdk.hotspot.jre.full.win32.x86_64_17.0.5.v20221102-0933\jre\bin\jli.dll
0x00007ff8a6ec0000 - 0x00007ff8a6ed9000 	C:\Users\Victus\.p2\pool\plugins\org.eclipse.justj.openjdk.hotspot.jre.full.win32.x86_64_17.0.5.v20221102-0933\jre\bin\VCRUNTIME140.dll
0x00007ff8d7ff0000 - 0x00007ff8d819d000 	C:\WINDOWS\System32\USER32.dll
0x00007ff8d58e0000 - 0x00007ff8d5906000 	C:\WINDOWS\System32\win32u.dll
0x00007ff8d6cf0000 - 0x00007ff8d6d19000 	C:\WINDOWS\System32\GDI32.dll
0x00007ff8b6f50000 - 0x00007ff8b71de000 	C:\WINDOWS\WinSxS\amd64_microsoft.windows.common-controls_6595b64144ccf1df_6.0.22621.608_none_a9444ca7c10bb01d\COMCTL32.dll
0x00007ff8d6120000 - 0x00007ff8d6233000 	C:\WINDOWS\System32\gdi32full.dll
0x00007ff8d62c0000 - 0x00007ff8d6367000 	C:\WINDOWS\System32\msvcrt.dll
0x00007ff8d5f40000 - 0x00007ff8d5fda000 	C:\WINDOWS\System32\msvcp_win.dll
0x00007ff8d64c0000 - 0x00007ff8d64f1000 	C:\WINDOWS\System32\IMM32.DLL
0x00007ff8aa380000 - 0x00007ff8aa38c000 	C:\Users\Victus\.p2\pool\plugins\org.eclipse.justj.openjdk.hotspot.jre.full.win32.x86_64_17.0.5.v20221102-0933\jre\bin\vcruntime140_1.dll
0x00007ff899aa0000 - 0x00007ff899b31000 	C:\Users\Victus\.p2\pool\plugins\org.eclipse.justj.openjdk.hotspot.jre.full.win32.x86_64_17.0.5.v20221102-0933\jre\bin\msvcp140.dll
0x00007ff8445e0000 - 0x00007ff845224000 	C:\Users\Victus\.p2\pool\plugins\org.eclipse.justj.openjdk.hotspot.jre.full.win32.x86_64_17.0.5.v20221102-0933\jre\bin\server\jvm.dll
0x00007ff8d7530000 - 0x00007ff8d75de000 	C:\WINDOWS\System32\ADVAPI32.dll
0x00007ff8d7ca0000 - 0x00007ff8d7d44000 	C:\WINDOWS\System32\sechost.dll
0x00007ff8d6e10000 - 0x00007ff8d6f25000 	C:\WINDOWS\System32\RPCRT4.dll
0x00007ff8cd9b0000 - 0x00007ff8cd9e4000 	C:\WINDOWS\SYSTEM32\WINMM.dll
0x00007ff899380000 - 0x00007ff899389000 	C:\WINDOWS\SYSTEM32\WSOCK32.dll
0x00007ff8cc8f0000 - 0x00007ff8cc8fa000 	C:\WINDOWS\SYSTEM32\VERSION.dll
0x00007ff8d6240000 - 0x00007ff8d62b1000 	C:\WINDOWS\System32\WS2_32.dll
0x00007ff8d49b0000 - 0x00007ff8d49c8000 	C:\WINDOWS\SYSTEM32\kernel.appcore.dll
0x00007ff8c6af0000 - 0x00007ff8c6afa000 	C:\Users\Victus\.p2\pool\plugins\org.eclipse.justj.openjdk.hotspot.jre.full.win32.x86_64_17.0.5.v20221102-0933\jre\bin\jimage.dll
0x00007ff8d2d00000 - 0x00007ff8d2f2e000 	C:\WINDOWS\SYSTEM32\DBGHELP.DLL
0x00007ff8d75f0000 - 0x00007ff8d7979000 	C:\WINDOWS\System32\combase.dll
0x00007ff8d6380000 - 0x00007ff8d6457000 	C:\WINDOWS\System32\OLEAUT32.dll
0x00007ff8c6ab0000 - 0x00007ff8c6ae2000 	C:\WINDOWS\SYSTEM32\dbgcore.DLL
0x00007ff8d60a0000 - 0x00007ff8d611b000 	C:\WINDOWS\System32\bcryptPrimitives.dll
0x00007ff85cde0000 - 0x00007ff85ce05000 	C:\Users\Victus\.p2\pool\plugins\org.eclipse.justj.openjdk.hotspot.jre.full.win32.x86_64_17.0.5.v20221102-0933\jre\bin\java.dll
0x00007ff85cdc0000 - 0x00007ff85cdd8000 	C:\Users\Victus\.p2\pool\plugins\org.eclipse.justj.openjdk.hotspot.jre.full.win32.x86_64_17.0.5.v20221102-0933\jre\bin\zip.dll
0x00007ff8d6500000 - 0x00007ff8d6cf0000 	C:\WINDOWS\System32\SHELL32.dll
0x00007ff8d3890000 - 0x00007ff8d415e000 	C:\WINDOWS\SYSTEM32\windows.storage.dll
0x00007ff8d3750000 - 0x00007ff8d388e000 	C:\WINDOWS\SYSTEM32\wintypes.dll
0x00007ff8d7ef0000 - 0x00007ff8d7fe1000 	C:\WINDOWS\System32\SHCORE.dll
0x00007ff8d7a20000 - 0x00007ff8d7a7e000 	C:\WINDOWS\System32\shlwapi.dll
0x00007ff8d57a0000 - 0x00007ff8d57c1000 	C:\WINDOWS\SYSTEM32\profapi.dll
0x00007ff85cda0000 - 0x00007ff85cdb9000 	C:\Users\Victus\.p2\pool\plugins\org.eclipse.justj.openjdk.hotspot.jre.full.win32.x86_64_17.0.5.v20221102-0933\jre\bin\net.dll
0x00007ff8d01e0000 - 0x00007ff8d030f000 	C:\WINDOWS\SYSTEM32\WINHTTP.dll
0x00007ff8d4e20000 - 0x00007ff8d4e89000 	C:\WINDOWS\system32\mswsock.dll
0x00007ff85cd80000 - 0x00007ff85cd95000 	C:\Users\Victus\.p2\pool\plugins\org.eclipse.justj.openjdk.hotspot.jre.full.win32.x86_64_17.0.5.v20221102-0933\jre\bin\nio.dll
0x00007ff855dc0000 - 0x00007ff855f4e000 	C:\Users\Victus\.p2\pool\plugins\org.eclipse.justj.openjdk.hotspot.jre.full.win32.x86_64_17.0.5.v20221102-0933\jre\bin\awt.dll
0x00007ff8d2810000 - 0x00007ff8d28a7000 	C:\WINDOWS\SYSTEM32\apphelp.dll
0x00007ff8d2b80000 - 0x00007ff8d2bab000 	C:\WINDOWS\system32\DWMAPI.DLL
0x00007ff8d2900000 - 0x00007ff8d29ab000 	C:\WINDOWS\system32\uxtheme.dll
0x00007ff8979b0000 - 0x00007ff897ab0000 	C:\WINDOWS\system32\opengl32.dll
0x00007ff899a70000 - 0x00007ff899a9d000 	C:\WINDOWS\SYSTEM32\GLU32.dll
0x00007ff8d2cc0000 - 0x00007ff8d2cf6000 	C:\WINDOWS\SYSTEM32\dxcore.dll
0x00007ff8d7a80000 - 0x00007ff8d7b9e000 	C:\WINDOWS\System32\MSCTF.dll
0x00007ff8d7d50000 - 0x00007ff8d7eec000 	C:\WINDOWS\System32\ole32.dll
0x00007ff897980000 - 0x00007ff8979ad000 	C:\Users\Victus\.p2\pool\plugins\org.eclipse.justj.openjdk.hotspot.jre.full.win32.x86_64_17.0.5.v20221102-0933\jre\bin\javajpeg.dll
0x00007ff85c5b0000 - 0x00007ff85c636000 	C:\Users\Victus\.p2\pool\plugins\org.eclipse.justj.openjdk.hotspot.jre.full.win32.x86_64_17.0.5.v20221102-0933\jre\bin\freetype.dll
0x00007ff855cf0000 - 0x00007ff855db5000 	C:\Users\Victus\.p2\pool\plugins\org.eclipse.justj.openjdk.hotspot.jre.full.win32.x86_64_17.0.5.v20221102-0933\jre\bin\fontmanager.dll
0x00007ff8b96a0000 - 0x00007ff8b97ce000 	C:\WINDOWS\SYSTEM32\textinputframework.dll
0x00007ff8d2510000 - 0x00007ff8d2643000 	C:\WINDOWS\SYSTEM32\CoreMessaging.dll
0x00007ff8cf620000 - 0x00007ff8cf98c000 	C:\WINDOWS\SYSTEM32\CoreUIComponents.dll
0x00007ff8d50a0000 - 0x00007ff8d50ac000 	C:\WINDOWS\SYSTEM32\CRYPTBASE.DLL

dbghelp: loaded successfully - version: 4.0.5 - missing functions: none
symbol engine: initialized successfully - sym options: 0x614 - pdb path: .;C:\Users\Victus\.p2\pool\plugins\org.eclipse.justj.openjdk.hotspot.jre.full.win32.x86_64_17.0.5.v20221102-0933\jre\bin;C:\WINDOWS\SYSTEM32;C:\WINDOWS\WinSxS\amd64_microsoft.windows.common-controls_6595b64144ccf1df_6.0.22621.608_none_a9444ca7c10bb01d;C:\Users\Victus\.p2\pool\plugins\org.eclipse.justj.openjdk.hotspot.jre.full.win32.x86_64_17.0.5.v20221102-0933\jre\bin\server

VM Arguments:
jvm_args: -Dfile.encoding=UTF-8 -XX:+ShowCodeDetailsInExceptionMessages 
java_command: views.ManagerPage
java_class_path (initial): C:\Users\Victus\eclipse-workspace\Final_Assignment\bin;C:\Users\Victus\Downloads\jcalendar-1.4\lib\jcalendar-1.4.jar;C:\Users\Victus\eclipse-workspace\Final_Assignment\libs\mysql-connector-j-8.0.32\mysql-connector-j-8.0.32.jar
Launcher Type: SUN_STANDARD

[Global flags]
     intx CICompilerCount                          = 4                                         {product} {ergonomic}
     uint ConcGCThreads                            = 3                                         {product} {ergonomic}
     uint G1ConcRefinementThreads                  = 10                                        {product} {ergonomic}
   size_t G1HeapRegionSize                         = 1048576                                   {product} {ergonomic}
    uintx GCDrainStackTargetSize                   = 64                                        {product} {ergonomic}
   size_t InitialHeapSize                          = 130023424                                 {product} {ergonomic}
   size_t MarkStackSize                            = 4194304                                   {product} {ergonomic}
   size_t MaxHeapSize                              = 2061500416                                {product} {ergonomic}
   size_t MaxNewSize                               = 1236271104                                {product} {ergonomic}
   size_t MinHeapDeltaBytes                        = 1048576                                   {product} {ergonomic}
   size_t MinHeapSize                              = 8388608                                   {product} {ergonomic}
    uintx NonNMethodCodeHeapSize                   = 5839372                                {pd product} {ergonomic}
    uintx NonProfiledCodeHeapSize                  = 122909434                              {pd product} {ergonomic}
    uintx ProfiledCodeHeapSize                     = 122909434                              {pd product} {ergonomic}
    uintx ReservedCodeCacheSize                    = 251658240                              {pd product} {ergonomic}
     bool SegmentedCodeCache                       = true                                      {product} {ergonomic}
     bool ShowCodeDetailsInExceptionMessages       = true                                   {manageable} {command line}
   size_t SoftMaxHeapSize                          = 2061500416                             {manageable} {ergonomic}
     bool UseCompressedClassPointers               = true                           {product lp64_product} {ergonomic}
     bool UseCompressedOops                        = true                           {product lp64_product} {ergonomic}
     bool UseG1GC                                  = true                                      {product} {ergonomic}
     bool UseLargePagesIndividualAllocation        = false                                  {pd product} {ergonomic}

Logging:
Log output configuration:
 #0: stdout all=warning uptime,level,tags
 #1: stderr all=off uptime,level,tags

Environment Variables:
JAVA_HOME=C:\Program Files\Java\jdk-19
PATH=C:/Users/Victus/.p2/pool/plugins/org.eclipse.justj.openjdk.hotspot.jre.full.win32.x86_64_17.0.5.v20221102-0933/jre/bin/server;C:/Users/Victus/.p2/pool/plugins/org.eclipse.justj.openjdk.hotspot.jre.full.win32.x86_64_17.0.5.v20221102-0933/jre/bin;C:\Program Files\Common Files\Oracle\Java\javapath;C:\windows\system32;C:\windows;C:\windows\System32\Wbem;C:\windows\System32\WindowsPowerShell\v1.0\;C:\windows\System32\OpenSSH\;C:\Program Files (x86)\NVIDIA Corporation\PhysX\Common;C:\Program Files\NVIDIA Corporation\NVIDIA NvDLISR;C:\WINDOWS\system32;C:\WINDOWS;C:\WINDOWS\System32\Wbem;C:\WINDOWS\System32\WindowsPowerShell\v1.0\;C:\WINDOWS\System32\OpenSSH\;C:\Program Files\Java\jdk-19\bin;C:\Program Files\Java\jdk-19\bin;C:\Program Files\PowerShell\7\;C:\Users\Victus\AppData\Local\Programs\Python\Python311\Scripts\;C:\Users\Victus\AppData\Local\Programs\Python\Python311\;C:\Users\Victus\AppData\Local\Microsoft\WindowsApps;;C:\Users\Victus\AppData\Local\Programs\Microsoft VS Code\bin;C:\WINDOWS\System32;
USERNAME=Victus
OS=Windows_NT
PROCESSOR_IDENTIFIER=Intel64 Family 6 Model 154 Stepping 3, GenuineIntel
TMP=C:\Users\Victus\AppData\Local\Temp
TEMP=C:\Users\Victus\AppData\Local\Temp



---------------  S Y S T E M  ---------------

OS:
 Windows 11 , 64 bit Build 22621 (10.0.22621.1344)
OS uptime: 3 days 11:30 hours

CPU: total 12 (initial active 12) (6 cores per cpu, 2 threads per core) family 6 model 154 stepping 3 microcode 0x423, cx8, cmov, fxsr, ht, mmx, 3dnowpref, sse, sse2, sse3, ssse3, sse4.1, sse4.2, popcnt, lzcnt, tsc, tscinvbit, avx, avx2, aes, erms, clmul, bmi1, bmi2, adx, sha, fma, vzeroupper, clflush, clflushopt, clwb

Memory: 4k page, system-wide physical 7860M (802M free)
TotalPageFile size 32436M (AvailPageFile size 5M)
current process WorkingSet (physical memory assigned to process): 95M, peak: 95M
current process commit charge ("private bytes"): 229M, peak: 229M

vm_info: OpenJDK 64-Bit Server VM (17.0.5+8) for windows-amd64 JRE (17.0.5+8), built on Oct 19 2022 04:48:13 by "temurin" with MS VC++ 16.7 (VS2019)

END.
